<?xml version="1.0" encoding="utf-8"?><testsuites name="pytest tests"><testsuite name="pytest" errors="4" failures="354" skipped="0" tests="730" time="561.088" timestamp="2025-12-08T11:06:20.486668+00:00" hostname="haroon-HP-EliteBook-840-g6"><testcase classname="tests.integration.test_api" name="test_health_endpoint" time="378.323" /><testcase classname="tests.integration.test_api" name="test_graphql_endpoint_exists" time="0.052" /><testcase classname="tests.integration.test_api" name="test_graphql_shop_query" time="0.024"><failure message="assert 400 == 200&#10; +  where 400 = &lt;JsonResponse status_code=400, &quot;application/json&quot;&gt;.status_code">tests/integration/test_api.py:54: in test_graphql_shop_query
    assert response.status_code == 200
E   assert 400 == 200
E    +  where 400 = &lt;JsonResponse status_code=400, "application/json"&gt;.status_code</failure></testcase><testcase classname="tests.integration.test_api" name="test_dashboard_endpoint" time="0.009" /><testcase classname="tests.unit.test_models" name="test_create_user" time="2.038" /><testcase classname="tests.unit.test_models" name="test_create_superuser" time="1.888" /><testcase classname="tests.unit.test_models" name="test_create_category" time="0.012" /><testcase classname="tests.unit.test_models" name="test_create_product_type" time="0.009" /><testcase classname="tests.unit.test_models" name="test_create_product" time="0.015" /><testcase classname="tests.unit.test_models" name="test_site_settings" time="0.013" /><testcase classname="tests.whitebox.test_account_notifications.TestGetDefaultUserPayload" name="test_get_default_user_payload_returns_correct_data" time="0.018" /><testcase classname="tests.whitebox.test_account_notifications.TestGetDefaultUserPayload" name="test_get_default_user_payload_overrides_private_metadata" time="0.011" /><testcase classname="tests.whitebox.test_account_notifications.TestGetUserCustomPayload" name="test_get_user_custom_payload_includes_site_context" time="0.012" /><testcase classname="tests.whitebox.test_account_notifications.TestSendPasswordResetNotification" name="test_send_password_reset_notification_for_customer" time="0.006"><error message="failed on setup with &quot;file /home/haroon/SQE/SQE_Project_Saleor/tests/whitebox/test_account_notifications.py, line 95&#10;      @patch('saleor.account.notifications.token_generator.make_token')&#10;      @patch('saleor.account.notifications.urlencode')&#10;      @patch('saleor.account.notifications.prepare_url')&#10;      @patch('saleor.account.notifications.get_site_context')&#10;      def test_send_password_reset_notification_for_customer(&#10;E       fixture 'mock_manager' not found&#10;&gt;       available fixtures: _dj_autoclear_mailbox, _django_clear_site_cache, _django_db_helper, _django_db_marker, _django_set_urlconf, _django_setup_unittest, _fail_for_invalid_template_variable, _live_server_helper, _session_faker, _template_string_if_invalid_marker, admin_client, admin_user, anyio_backend, anyio_backend_name, anyio_backend_options, async_client, async_rf, cache, capfd, capfdbinary, caplog, capsys, capsysbinary, capteesys, client, cov, db, django_assert_max_num_queries, django_assert_num_queries, django_capture_on_commit_callbacks, django_db_blocker, django_db_createdb, django_db_keepdb, django_db_modify_db_settings, django_db_modify_db_settings_parallel_suffix, django_db_modify_db_settings_tox_suffix, django_db_modify_db_settings_xdist_suffix, django_db_reset_sequences, django_db_serialized_rollback, django_db_setup, django_db_use_migrations, django_mail_dnsname, django_mail_patch_dns, django_test_environment, django_user_model, django_username_field, doctest_namespace, faker, free_tcp_port, free_tcp_port_factory, free_udp_port, free_udp_port_factory, live_server, mailoutbox, monkeypatch, no_cover, pytestconfig, record_property, record_testsuite_property, record_xml_attribute, recwarn, rf, settings, subtests, testrun_uid, tmp_path, tmp_path_factory, tmpdir, tmpdir_factory, transactional_db, worker_id&#10;&gt;       use 'pytest --fixtures [testpath]' for help on them.&#10;&#10;/home/haroon/SQE/SQE_Project_Saleor/tests/whitebox/test_account_notifications.py:95&quot;">file /home/haroon/SQE/SQE_Project_Saleor/tests/whitebox/test_account_notifications.py, line 95
      @patch('saleor.account.notifications.token_generator.make_token')
      @patch('saleor.account.notifications.urlencode')
      @patch('saleor.account.notifications.prepare_url')
      @patch('saleor.account.notifications.get_site_context')
      def test_send_password_reset_notification_for_customer(
E       fixture 'mock_manager' not found
&gt;       available fixtures: _dj_autoclear_mailbox, _django_clear_site_cache, _django_db_helper, _django_db_marker, _django_set_urlconf, _django_setup_unittest, _fail_for_invalid_template_variable, _live_server_helper, _session_faker, _template_string_if_invalid_marker, admin_client, admin_user, anyio_backend, anyio_backend_name, anyio_backend_options, async_client, async_rf, cache, capfd, capfdbinary, caplog, capsys, capsysbinary, capteesys, client, cov, db, django_assert_max_num_queries, django_assert_num_queries, django_capture_on_commit_callbacks, django_db_blocker, django_db_createdb, django_db_keepdb, django_db_modify_db_settings, django_db_modify_db_settings_parallel_suffix, django_db_modify_db_settings_tox_suffix, django_db_modify_db_settings_xdist_suffix, django_db_reset_sequences, django_db_serialized_rollback, django_db_setup, django_db_use_migrations, django_mail_dnsname, django_mail_patch_dns, django_test_environment, django_user_model, django_username_field, doctest_namespace, faker, free_tcp_port, free_tcp_port_factory, free_udp_port, free_udp_port_factory, live_server, mailoutbox, monkeypatch, no_cover, pytestconfig, record_property, record_testsuite_property, record_xml_attribute, recwarn, rf, settings, subtests, testrun_uid, tmp_path, tmp_path_factory, tmpdir, tmpdir_factory, transactional_db, worker_id
&gt;       use 'pytest --fixtures [testpath]' for help on them.

/home/haroon/SQE/SQE_Project_Saleor/tests/whitebox/test_account_notifications.py:95</error></testcase><testcase classname="tests.whitebox.test_account_notifications.TestSendPasswordResetNotification" name="test_send_password_reset_notification_for_staff" time="0.005"><error message="failed on setup with &quot;file /home/haroon/SQE/SQE_Project_Saleor/tests/whitebox/test_account_notifications.py, line 128&#10;      @patch('saleor.account.notifications.token_generator.make_token')&#10;      @patch('saleor.account.notifications.urlencode')&#10;      @patch('saleor.account.notifications.prepare_url')&#10;      @patch('saleor.account.notifications.get_site_context')&#10;      def test_send_password_reset_notification_for_staff(&#10;E       fixture 'mock_manager' not found&#10;&gt;       available fixtures: _dj_autoclear_mailbox, _django_clear_site_cache, _django_db_helper, _django_db_marker, _django_set_urlconf, _django_setup_unittest, _fail_for_invalid_template_variable, _live_server_helper, _session_faker, _template_string_if_invalid_marker, admin_client, admin_user, anyio_backend, anyio_backend_name, anyio_backend_options, async_client, async_rf, cache, capfd, capfdbinary, caplog, capsys, capsysbinary, capteesys, client, cov, db, django_assert_max_num_queries, django_assert_num_queries, django_capture_on_commit_callbacks, django_db_blocker, django_db_createdb, django_db_keepdb, django_db_modify_db_settings, django_db_modify_db_settings_parallel_suffix, django_db_modify_db_settings_tox_suffix, django_db_modify_db_settings_xdist_suffix, django_db_reset_sequences, django_db_serialized_rollback, django_db_setup, django_db_use_migrations, django_mail_dnsname, django_mail_patch_dns, django_test_environment, django_user_model, django_username_field, doctest_namespace, faker, free_tcp_port, free_tcp_port_factory, free_udp_port, free_udp_port_factory, live_server, mailoutbox, monkeypatch, no_cover, pytestconfig, record_property, record_testsuite_property, record_xml_attribute, recwarn, rf, settings, subtests, testrun_uid, tmp_path, tmp_path_factory, tmpdir, tmpdir_factory, transactional_db, worker_id&#10;&gt;       use 'pytest --fixtures [testpath]' for help on them.&#10;&#10;/home/haroon/SQE/SQE_Project_Saleor/tests/whitebox/test_account_notifications.py:128&quot;">file /home/haroon/SQE/SQE_Project_Saleor/tests/whitebox/test_account_notifications.py, line 128
      @patch('saleor.account.notifications.token_generator.make_token')
      @patch('saleor.account.notifications.urlencode')
      @patch('saleor.account.notifications.prepare_url')
      @patch('saleor.account.notifications.get_site_context')
      def test_send_password_reset_notification_for_staff(
E       fixture 'mock_manager' not found
&gt;       available fixtures: _dj_autoclear_mailbox, _django_clear_site_cache, _django_db_helper, _django_db_marker, _django_set_urlconf, _django_setup_unittest, _fail_for_invalid_template_variable, _live_server_helper, _session_faker, _template_string_if_invalid_marker, admin_client, admin_user, anyio_backend, anyio_backend_name, anyio_backend_options, async_client, async_rf, cache, capfd, capfdbinary, caplog, capsys, capsysbinary, capteesys, client, cov, db, django_assert_max_num_queries, django_assert_num_queries, django_capture_on_commit_callbacks, django_db_blocker, django_db_createdb, django_db_keepdb, django_db_modify_db_settings, django_db_modify_db_settings_parallel_suffix, django_db_modify_db_settings_tox_suffix, django_db_modify_db_settings_xdist_suffix, django_db_reset_sequences, django_db_serialized_rollback, django_db_setup, django_db_use_migrations, django_mail_dnsname, django_mail_patch_dns, django_test_environment, django_user_model, django_username_field, doctest_namespace, faker, free_tcp_port, free_tcp_port_factory, free_udp_port, free_udp_port_factory, live_server, mailoutbox, monkeypatch, no_cover, pytestconfig, record_property, record_testsuite_property, record_xml_attribute, recwarn, rf, settings, subtests, testrun_uid, tmp_path, tmp_path_factory, tmpdir, tmpdir_factory, transactional_db, worker_id
&gt;       use 'pytest --fixtures [testpath]' for help on them.

/home/haroon/SQE/SQE_Project_Saleor/tests/whitebox/test_account_notifications.py:128</error></testcase><testcase classname="tests.whitebox.test_account_notifications.TestSendAccountConfirmation" name="test_send_account_confirmation_without_token" time="0.006"><error message="failed on setup with &quot;file /home/haroon/SQE/SQE_Project_Saleor/tests/whitebox/test_account_notifications.py, line 167&#10;      @patch('saleor.account.notifications.token_generator.make_token')&#10;      @patch('saleor.account.notifications.urlencode')&#10;      @patch('saleor.account.notifications.prepare_url')&#10;      @patch('saleor.account.notifications.get_site_context')&#10;      def test_send_account_confirmation_without_token(&#10;E       fixture 'mock_manager' not found&#10;&gt;       available fixtures: _dj_autoclear_mailbox, _django_clear_site_cache, _django_db_helper, _django_db_marker, _django_set_urlconf, _django_setup_unittest, _fail_for_invalid_template_variable, _live_server_helper, _session_faker, _template_string_if_invalid_marker, admin_client, admin_user, anyio_backend, anyio_backend_name, anyio_backend_options, async_client, async_rf, cache, capfd, capfdbinary, caplog, capsys, capsysbinary, capteesys, client, cov, db, django_assert_max_num_queries, django_assert_num_queries, django_capture_on_commit_callbacks, django_db_blocker, django_db_createdb, django_db_keepdb, django_db_modify_db_settings, django_db_modify_db_settings_parallel_suffix, django_db_modify_db_settings_tox_suffix, django_db_modify_db_settings_xdist_suffix, django_db_reset_sequences, django_db_serialized_rollback, django_db_setup, django_db_use_migrations, django_mail_dnsname, django_mail_patch_dns, django_test_environment, django_user_model, django_username_field, doctest_namespace, faker, free_tcp_port, free_tcp_port_factory, free_udp_port, free_udp_port_factory, live_server, mailoutbox, monkeypatch, no_cover, pytestconfig, record_property, record_testsuite_property, record_xml_attribute, recwarn, rf, settings, subtests, testrun_uid, tmp_path, tmp_path_factory, tmpdir, tmpdir_factory, transactional_db, worker_id&#10;&gt;       use 'pytest --fixtures [testpath]' for help on them.&#10;&#10;/home/haroon/SQE/SQE_Project_Saleor/tests/whitebox/test_account_notifications.py:167&quot;">file /home/haroon/SQE/SQE_Project_Saleor/tests/whitebox/test_account_notifications.py, line 167
      @patch('saleor.account.notifications.token_generator.make_token')
      @patch('saleor.account.notifications.urlencode')
      @patch('saleor.account.notifications.prepare_url')
      @patch('saleor.account.notifications.get_site_context')
      def test_send_account_confirmation_without_token(
E       fixture 'mock_manager' not found
&gt;       available fixtures: _dj_autoclear_mailbox, _django_clear_site_cache, _django_db_helper, _django_db_marker, _django_set_urlconf, _django_setup_unittest, _fail_for_invalid_template_variable, _live_server_helper, _session_faker, _template_string_if_invalid_marker, admin_client, admin_user, anyio_backend, anyio_backend_name, anyio_backend_options, async_client, async_rf, cache, capfd, capfdbinary, caplog, capsys, capsysbinary, capteesys, client, cov, db, django_assert_max_num_queries, django_assert_num_queries, django_capture_on_commit_callbacks, django_db_blocker, django_db_createdb, django_db_keepdb, django_db_modify_db_settings, django_db_modify_db_settings_parallel_suffix, django_db_modify_db_settings_tox_suffix, django_db_modify_db_settings_xdist_suffix, django_db_reset_sequences, django_db_serialized_rollback, django_db_setup, django_db_use_migrations, django_mail_dnsname, django_mail_patch_dns, django_test_environment, django_user_model, django_username_field, doctest_namespace, faker, free_tcp_port, free_tcp_port_factory, free_udp_port, free_udp_port_factory, live_server, mailoutbox, monkeypatch, no_cover, pytestconfig, record_property, record_testsuite_property, record_xml_attribute, recwarn, rf, settings, subtests, testrun_uid, tmp_path, tmp_path_factory, tmpdir, tmpdir_factory, transactional_db, worker_id
&gt;       use 'pytest --fixtures [testpath]' for help on them.

/home/haroon/SQE/SQE_Project_Saleor/tests/whitebox/test_account_notifications.py:167</error></testcase><testcase classname="tests.whitebox.test_account_notifications.TestSendAccountConfirmation" name="test_send_account_confirmation_with_token" time="0.006"><error message="failed on setup with &quot;file /home/haroon/SQE/SQE_Project_Saleor/tests/whitebox/test_account_notifications.py, line 199&#10;      @patch('saleor.account.notifications.urlencode')&#10;      @patch('saleor.account.notifications.prepare_url')&#10;      @patch('saleor.account.notifications.get_site_context')&#10;      def test_send_account_confirmation_with_token(&#10;E       fixture 'mock_manager' not found&#10;&gt;       available fixtures: _dj_autoclear_mailbox, _django_clear_site_cache, _django_db_helper, _django_db_marker, _django_set_urlconf, _django_setup_unittest, _fail_for_invalid_template_variable, _live_server_helper, _session_faker, _template_string_if_invalid_marker, admin_client, admin_user, anyio_backend, anyio_backend_name, anyio_backend_options, async_client, async_rf, cache, capfd, capfdbinary, caplog, capsys, capsysbinary, capteesys, client, cov, db, django_assert_max_num_queries, django_assert_num_queries, django_capture_on_commit_callbacks, django_db_blocker, django_db_createdb, django_db_keepdb, django_db_modify_db_settings, django_db_modify_db_settings_parallel_suffix, django_db_modify_db_settings_tox_suffix, django_db_modify_db_settings_xdist_suffix, django_db_reset_sequences, django_db_serialized_rollback, django_db_setup, django_db_use_migrations, django_mail_dnsname, django_mail_patch_dns, django_test_environment, django_user_model, django_username_field, doctest_namespace, faker, free_tcp_port, free_tcp_port_factory, free_udp_port, free_udp_port_factory, live_server, mailoutbox, monkeypatch, no_cover, pytestconfig, record_property, record_testsuite_property, record_xml_attribute, recwarn, rf, settings, subtests, testrun_uid, tmp_path, tmp_path_factory, tmpdir, tmpdir_factory, transactional_db, worker_id&#10;&gt;       use 'pytest --fixtures [testpath]' for help on them.&#10;&#10;/home/haroon/SQE/SQE_Project_Saleor/tests/whitebox/test_account_notifications.py:199&quot;">file /home/haroon/SQE/SQE_Project_Saleor/tests/whitebox/test_account_notifications.py, line 199
      @patch('saleor.account.notifications.urlencode')
      @patch('saleor.account.notifications.prepare_url')
      @patch('saleor.account.notifications.get_site_context')
      def test_send_account_confirmation_with_token(
E       fixture 'mock_manager' not found
&gt;       available fixtures: _dj_autoclear_mailbox, _django_clear_site_cache, _django_db_helper, _django_db_marker, _django_set_urlconf, _django_setup_unittest, _fail_for_invalid_template_variable, _live_server_helper, _session_faker, _template_string_if_invalid_marker, admin_client, admin_user, anyio_backend, anyio_backend_name, anyio_backend_options, async_client, async_rf, cache, capfd, capfdbinary, caplog, capsys, capsysbinary, capteesys, client, cov, db, django_assert_max_num_queries, django_assert_num_queries, django_capture_on_commit_callbacks, django_db_blocker, django_db_createdb, django_db_keepdb, django_db_modify_db_settings, django_db_modify_db_settings_parallel_suffix, django_db_modify_db_settings_tox_suffix, django_db_modify_db_settings_xdist_suffix, django_db_reset_sequences, django_db_serialized_rollback, django_db_setup, django_db_use_migrations, django_mail_dnsname, django_mail_patch_dns, django_test_environment, django_user_model, django_username_field, doctest_namespace, faker, free_tcp_port, free_tcp_port_factory, free_udp_port, free_udp_port_factory, live_server, mailoutbox, monkeypatch, no_cover, pytestconfig, record_property, record_testsuite_property, record_xml_attribute, recwarn, rf, settings, subtests, testrun_uid, tmp_path, tmp_path_factory, tmpdir, tmpdir_factory, transactional_db, worker_id
&gt;       use 'pytest --fixtures [testpath]' for help on them.

/home/haroon/SQE/SQE_Project_Saleor/tests/whitebox/test_account_notifications.py:199</error></testcase><testcase classname="tests.whitebox.test_account_utils.TestIsUserAddressLimitReached" name="test_address_limit_not_reached" time="1.013"><failure message="TypeError: Address() got unexpected keyword arguments: 'user'">tests/whitebox/test_account_utils.py:37: in test_address_limit_not_reached
    Address.objects.create(
.venv/lib/python3.12/site-packages/django/db/models/manager.py:87: in manager_method
    return getattr(self.get_queryset(), name)(*args, **kwargs)
           ^^^^^^^^^^^^^^^^^^^^^^^^^^^^^^^^^^^^^^^^^^^^^^^^^^^
.venv/lib/python3.12/site-packages/django/db/models/query.py:663: in create
    obj = self.model(**kwargs)
          ^^^^^^^^^^^^^^^^^^^^
.venv/lib/python3.12/site-packages/django/db/models/base.py:569: in __init__
    raise TypeError(
E   TypeError: Address() got unexpected keyword arguments: 'user'</failure></testcase><testcase classname="tests.whitebox.test_account_utils.TestIsUserAddressLimitReached" name="test_address_limit_reached" time="0.949"><failure message="TypeError: Address() got unexpected keyword arguments: 'user'">tests/whitebox/test_account_utils.py:59: in test_address_limit_reached
    Address.objects.create(
.venv/lib/python3.12/site-packages/django/db/models/manager.py:87: in manager_method
    return getattr(self.get_queryset(), name)(*args, **kwargs)
           ^^^^^^^^^^^^^^^^^^^^^^^^^^^^^^^^^^^^^^^^^^^^^^^^^^^
.venv/lib/python3.12/site-packages/django/db/models/query.py:663: in create
    obj = self.model(**kwargs)
          ^^^^^^^^^^^^^^^^^^^^
.venv/lib/python3.12/site-packages/django/db/models/base.py:569: in __init__
    raise TypeError(
E   TypeError: Address() got unexpected keyword arguments: 'user'</failure></testcase><testcase classname="tests.whitebox.test_account_utils.TestStoreUserAddress" name="test_store_address_limit_reached" time="0.967"><failure message="TypeError: Address() got unexpected keyword arguments: 'user'">tests/whitebox/test_account_utils.py:89: in test_store_address_limit_reached
    Address.objects.create(
.venv/lib/python3.12/site-packages/django/db/models/manager.py:87: in manager_method
    return getattr(self.get_queryset(), name)(*args, **kwargs)
           ^^^^^^^^^^^^^^^^^^^^^^^^^^^^^^^^^^^^^^^^^^^^^^^^^^^
.venv/lib/python3.12/site-packages/django/db/models/query.py:663: in create
    obj = self.model(**kwargs)
          ^^^^^^^^^^^^^^^^^^^^
.venv/lib/python3.12/site-packages/django/db/models/base.py:569: in __init__
    raise TypeError(
E   TypeError: Address() got unexpected keyword arguments: 'user'</failure></testcase><testcase classname="tests.whitebox.test_account_utils.TestStoreUserAddress" name="test_store_address_existing_address" time="1.054"><failure message="TypeError: Address() got unexpected keyword arguments: 'user'">tests/whitebox/test_account_utils.py:119: in test_store_address_existing_address
    address = Address.objects.create(
.venv/lib/python3.12/site-packages/django/db/models/manager.py:87: in manager_method
    return getattr(self.get_queryset(), name)(*args, **kwargs)
           ^^^^^^^^^^^^^^^^^^^^^^^^^^^^^^^^^^^^^^^^^^^^^^^^^^^
.venv/lib/python3.12/site-packages/django/db/models/query.py:663: in create
    obj = self.model(**kwargs)
          ^^^^^^^^^^^^^^^^^^^^
.venv/lib/python3.12/site-packages/django/db/models/base.py:569: in __init__
    raise TypeError(
E   TypeError: Address() got unexpected keyword arguments: 'user'</failure></testcase><testcase classname="tests.whitebox.test_account_utils.TestStoreUserAddress" name="test_store_address_new_address_billing" time="1.143" /><testcase classname="tests.whitebox.test_account_utils.TestStoreUserAddress" name="test_store_address_new_address_shipping" time="1.057" /><testcase classname="tests.whitebox.test_account_utils.TestStoreUserAddress" name="test_store_address_billing_with_existing_default" time="1.003"><failure message="TypeError: Address() got unexpected keyword arguments: 'user'">tests/whitebox/test_account_utils.py:186: in test_store_address_billing_with_existing_default
    existing = Address.objects.create(
.venv/lib/python3.12/site-packages/django/db/models/manager.py:87: in manager_method
    return getattr(self.get_queryset(), name)(*args, **kwargs)
           ^^^^^^^^^^^^^^^^^^^^^^^^^^^^^^^^^^^^^^^^^^^^^^^^^^^
.venv/lib/python3.12/site-packages/django/db/models/query.py:663: in create
    obj = self.model(**kwargs)
          ^^^^^^^^^^^^^^^^^^^^
.venv/lib/python3.12/site-packages/django/db/models/base.py:569: in __init__
    raise TypeError(
E   TypeError: Address() got unexpected keyword arguments: 'user'</failure></testcase><testcase classname="tests.whitebox.test_account_utils.TestRemoveOldestAddressIfLimitReached" name="test_remove_if_limit_reached" time="1.055"><failure message="TypeError: Address() got unexpected keyword arguments: 'user'">tests/whitebox/test_account_utils.py:232: in test_remove_if_limit_reached
    addr = Address.objects.create(
.venv/lib/python3.12/site-packages/django/db/models/manager.py:87: in manager_method
    return getattr(self.get_queryset(), name)(*args, **kwargs)
           ^^^^^^^^^^^^^^^^^^^^^^^^^^^^^^^^^^^^^^^^^^^^^^^^^^^
.venv/lib/python3.12/site-packages/django/db/models/query.py:663: in create
    obj = self.model(**kwargs)
          ^^^^^^^^^^^^^^^^^^^^
.venv/lib/python3.12/site-packages/django/db/models/base.py:569: in __init__
    raise TypeError(
E   TypeError: Address() got unexpected keyword arguments: 'user'</failure></testcase><testcase classname="tests.whitebox.test_account_utils.TestRemoveOldestAddressIfLimitReached" name="test_remove_if_limit_not_reached" time="0.997"><failure message="TypeError: Address() got unexpected keyword arguments: 'user'">tests/whitebox/test_account_utils.py:257: in test_remove_if_limit_not_reached
    Address.objects.create(
.venv/lib/python3.12/site-packages/django/db/models/manager.py:87: in manager_method
    return getattr(self.get_queryset(), name)(*args, **kwargs)
           ^^^^^^^^^^^^^^^^^^^^^^^^^^^^^^^^^^^^^^^^^^^^^^^^^^^
.venv/lib/python3.12/site-packages/django/db/models/query.py:663: in create
    obj = self.model(**kwargs)
          ^^^^^^^^^^^^^^^^^^^^
.venv/lib/python3.12/site-packages/django/db/models/base.py:569: in __init__
    raise TypeError(
E   TypeError: Address() got unexpected keyword arguments: 'user'</failure></testcase><testcase classname="tests.whitebox.test_account_utils.TestRemoveOldestUserAddress" name="test_remove_oldest_not_default" time="1.055"><failure message="TypeError: Address() got unexpected keyword arguments: 'user'">tests/whitebox/test_account_utils.py:287: in test_remove_oldest_not_default
    oldest = Address.objects.create(
.venv/lib/python3.12/site-packages/django/db/models/manager.py:87: in manager_method
    return getattr(self.get_queryset(), name)(*args, **kwargs)
           ^^^^^^^^^^^^^^^^^^^^^^^^^^^^^^^^^^^^^^^^^^^^^^^^^^^
.venv/lib/python3.12/site-packages/django/db/models/query.py:663: in create
    obj = self.model(**kwargs)
          ^^^^^^^^^^^^^^^^^^^^
.venv/lib/python3.12/site-packages/django/db/models/base.py:569: in __init__
    raise TypeError(
E   TypeError: Address() got unexpected keyword arguments: 'user'</failure></testcase><testcase classname="tests.whitebox.test_account_utils.TestRemoveOldestUserAddress" name="test_remove_oldest_is_default" time="1.049"><failure message="TypeError: Address() got unexpected keyword arguments: 'user'">tests/whitebox/test_account_utils.py:321: in test_remove_oldest_is_default
    oldest = Address.objects.create(
.venv/lib/python3.12/site-packages/django/db/models/manager.py:87: in manager_method
    return getattr(self.get_queryset(), name)(*args, **kwargs)
           ^^^^^^^^^^^^^^^^^^^^^^^^^^^^^^^^^^^^^^^^^^^^^^^^^^^
.venv/lib/python3.12/site-packages/django/db/models/query.py:663: in create
    obj = self.model(**kwargs)
          ^^^^^^^^^^^^^^^^^^^^
.venv/lib/python3.12/site-packages/django/db/models/base.py:569: in __init__
    raise TypeError(
E   TypeError: Address() got unexpected keyword arguments: 'user'</failure></testcase><testcase classname="tests.whitebox.test_checkout_actions_extensive.TestCallCheckoutEvent" name="test_call_checkout_event_raises_for_invalid_event" time="0.011" /><testcase classname="tests.whitebox.test_checkout_actions_extensive.TestCallCheckoutEvent" name="test_call_checkout_event_without_sync_webhooks" time="0.009" /><testcase classname="tests.whitebox.test_checkout_actions_extensive.TestCallCheckoutEvent" name="test_call_checkout_event_with_sync_webhooks" time="0.020" /><testcase classname="tests.whitebox.test_checkout_actions_extensive.TestCallCheckoutEvents" name="test_call_checkout_events_raises_for_invalid_events" time="0.011" /><testcase classname="tests.whitebox.test_checkout_actions_extensive.TestCallCheckoutEvents" name="test_call_checkout_events_with_sync_webhooks" time="0.015" /><testcase classname="tests.whitebox.test_checkout_actions_extensive.TestCallCheckoutEvents" name="test_call_checkout_events_without_sync_webhooks" time="0.008" /><testcase classname="tests.whitebox.test_checkout_actions_extensive.TestCallCheckoutInfoEvent" name="test_call_checkout_info_event_raises_for_invalid_event" time="0.008"><failure message="django.test.testcases.DatabaseOperationForbidden: Database queries to 'replica' are not allowed in this test. Add 'replica' to pytest_django.fixtures._django_db_helper.&lt;locals&gt;.PytestDjangoTestCase.databases to ensure proper test isolation and silence this failure.">/home/haroon/SQE/SQE_Project_Saleor/tests/whitebox/test_checkout_actions_extensive.py:156: in test_call_checkout_info_event_raises_for_invalid_event
    ???
saleor/checkout/actions.py:161: in call_checkout_info_event
    webhook_event_map = get_webhooks_for_multiple_events(
saleor/webhook/utils.py:97: in get_webhooks_for_multiple_events
    for webhook_id, event_type in webhook_id_to_event_type:
.venv/lib/python3.12/site-packages/django/db/models/query.py:386: in __iter__
    self._fetch_all()
.venv/lib/python3.12/site-packages/django/db/models/query.py:1954: in _fetch_all
    self._result_cache = list(self._iterable_class(self))
                         ^^^^^^^^^^^^^^^^^^^^^^^^^^^^^^^^
.venv/lib/python3.12/site-packages/django/db/models/query.py:234: in __iter__
    return compiler.results_iter(
.venv/lib/python3.12/site-packages/django/db/models/sql/compiler.py:1572: in results_iter
    results = self.execute_sql(
.venv/lib/python3.12/site-packages/django/db/models/sql/compiler.py:1621: in execute_sql
    cursor = self.connection.cursor()
             ^^^^^^^^^^^^^^^^^^^^^^^^
.venv/lib/python3.12/site-packages/django/test/testcases.py:201: in __call__
    raise DatabaseOperationForbidden(self.message)
E   django.test.testcases.DatabaseOperationForbidden: Database queries to 'replica' are not allowed in this test. Add 'replica' to pytest_django.fixtures._django_db_helper.&lt;locals&gt;.PytestDjangoTestCase.databases to ensure proper test isolation and silence this failure.</failure></testcase><testcase classname="tests.whitebox.test_checkout_actions_extensive.TestCallCheckoutInfoEvent" name="test_call_checkout_info_event_without_sync_webhooks" time="0.008" /><testcase classname="tests.whitebox.test_checkout_actions_extensive.TestCallCheckoutInfoEvent" name="test_call_checkout_info_event_with_sync_webhooks" time="0.008" /><testcase classname="tests.whitebox.test_checkout_actions_extensive.TestCallCheckoutInfoEvent" name="test_call_checkout_info_event_with_provided_webhook_map" time="0.008" /><testcase classname="tests.whitebox.test_checkout_actions_extensive.TestTriggerCheckoutSyncWebhooks" name="test_trigger_checkout_sync_webhooks_with_expired_prices" time="0.007"><failure message="AssertionError: Expected 'fetch_checkout_data' to be called once. Called 0 times.">/home/haroon/SQE/SQE_Project_Saleor/tests/whitebox/test_checkout_actions_extensive.py:236: in test_trigger_checkout_sync_webhooks_with_expired_prices
    ???
/usr/lib/python3.12/unittest/mock.py:955: in assert_called_once_with
    raise AssertionError(msg)
E   AssertionError: Expected 'fetch_checkout_data' to be called once. Called 0 times.</failure></testcase><testcase classname="tests.whitebox.test_checkout_actions_extensive.TestTriggerCheckoutSyncWebhooks" name="test_trigger_checkout_sync_webhooks_with_valid_prices" time="0.007" /><testcase classname="tests.whitebox.test_checkout_actions_extensive.TestTriggerCheckoutSyncWebhooks" name="test_trigger_checkout_sync_webhooks_without_tax_webhook" time="0.007" /><testcase classname="tests.whitebox.test_checkout_actions_extensive.TestUpdateLastTransactionModifiedAt" name="test_update_last_transaction_modified_at_when_none" time="0.019" /><testcase classname="tests.whitebox.test_checkout_actions_extensive.TestUpdateLastTransactionModifiedAt" name="test_update_last_transaction_modified_at_when_older" time="0.018"><failure message="assert datetime.datetime(2025, 12, 8, 11, 13, 3, 463829, tzinfo=datetime.timezone.utc) == datetime.datetime(2025, 12, 8, 11, 13, 3, 463129, tzinfo=datetime.timezone.utc)&#10; +  where datetime.datetime(2025, 12, 8, 11, 13, 3, 463829, tzinfo=datetime.timezone.utc) = &lt;Checkout: Checkout object (0679d1c8-edf2-4c00-a0f9-8bc9c135b85d)&gt;.last_transaction_modified_at">/home/haroon/SQE/SQE_Project_Saleor/tests/whitebox/test_checkout_actions_extensive.py:325: in test_update_last_transaction_modified_at_when_older
    ???
E   assert datetime.datetime(2025, 12, 8, 11, 13, 3, 463829, tzinfo=datetime.timezone.utc) == datetime.datetime(2025, 12, 8, 11, 13, 3, 463129, tzinfo=datetime.timezone.utc)
E    +  where datetime.datetime(2025, 12, 8, 11, 13, 3, 463829, tzinfo=datetime.timezone.utc) = &lt;Checkout: Checkout object (0679d1c8-edf2-4c00-a0f9-8bc9c135b85d)&gt;.last_transaction_modified_at</failure></testcase><testcase classname="tests.whitebox.test_checkout_actions_extensive.TestUpdateLastTransactionModifiedAt" name="test_update_last_transaction_modified_at_when_newer_exists" time="0.018"><failure message="assert datetime.datetime(2025, 12, 8, 11, 13, 3, 485437, tzinfo=datetime.timezone.utc) == datetime.datetime(2025, 12, 8, 11, 13, 3, 482375, tzinfo=datetime.timezone.utc)&#10; +  where datetime.datetime(2025, 12, 8, 11, 13, 3, 485437, tzinfo=datetime.timezone.utc) = &lt;Checkout: Checkout object (56467b90-ca94-42f7-bdb2-abd67fdf740e)&gt;.last_transaction_modified_at">/home/haroon/SQE/SQE_Project_Saleor/tests/whitebox/test_checkout_actions_extensive.py:349: in test_update_last_transaction_modified_at_when_newer_exists
    ???
E   assert datetime.datetime(2025, 12, 8, 11, 13, 3, 485437, tzinfo=datetime.timezone.utc) == datetime.datetime(2025, 12, 8, 11, 13, 3, 482375, tzinfo=datetime.timezone.utc)
E    +  where datetime.datetime(2025, 12, 8, 11, 13, 3, 485437, tzinfo=datetime.timezone.utc) = &lt;Checkout: Checkout object (56467b90-ca94-42f7-bdb2-abd67fdf740e)&gt;.last_transaction_modified_at</failure></testcase><testcase classname="tests.whitebox.test_checkout_actions_extensive.TestTransactionAmountsForCheckoutUpdated" name="test_transaction_amounts_for_checkout_updated_without_checkout" time="0.008" /><testcase classname="tests.whitebox.test_checkout_actions_extensive.TestTransactionAmountsForCheckoutUpdated" name="test_transaction_amounts_for_checkout_updated_with_checkout" time="0.015" /><testcase classname="tests.whitebox.test_checkout_actions_extensive.TestTransactionAmountsForCheckoutUpdatedWithoutPriceRecalculation" name="test_transaction_amounts_without_recalculation_updates_status" time="0.013"><failure message="TypeError: conversion from Mock to Decimal is not supported">/home/haroon/SQE/SQE_Project_Saleor/tests/whitebox/test_checkout_actions_extensive.py:418: in test_transaction_amounts_without_recalculation_updates_status
    ???
saleor/core/db/fields.py:168: in __get__
    return TaxedMoney(Money(net_amount, currency), Money(gross_amount, currency))
                      ^^^^^^^^^^^^^^^^^^^^^^^^^^^
.venv/lib/python3.12/site-packages/prices/money.py:23: in __init__
    self.amount = Decimal(amount)
                  ^^^^^^^^^^^^^^^
E   TypeError: conversion from Mock to Decimal is not supported</failure></testcase><testcase classname="tests.whitebox.test_checkout_actions_extensive.TestTransactionAmountsForCheckoutUpdatedInternal" name="test_transaction_amounts_internal_triggers_fully_paid_event" time="0.015"><failure message="AssertionError: expected call not found.&#10;Expected: call_checkout_info_event(&lt;Mock id='127929262911808'&gt;, 'checkout_fully_paid', &lt;Mock id='127929262900960'&gt;, [])&#10;  Actual: call_checkout_info_event(&lt;Mock id='127929262911808'&gt;, event_name='checkout_fully_paid', checkout_info=&lt;Mock id='127929262900960'&gt;, lines=[])">/home/haroon/SQE/SQE_Project_Saleor/tests/whitebox/test_checkout_actions_extensive.py:477: in test_transaction_amounts_internal_triggers_fully_paid_event
    ???
/usr/lib/python3.12/unittest/mock.py:956: in assert_called_once_with
    return self.assert_called_with(*args, **kwargs)
           ^^^^^^^^^^^^^^^^^^^^^^^^^^^^^^^^^^^^^^^^
/usr/lib/python3.12/unittest/mock.py:944: in assert_called_with
    raise AssertionError(_error_message()) from cause
E   AssertionError: expected call not found.
E   Expected: call_checkout_info_event(&lt;Mock id='127929262911808'&gt;, 'checkout_fully_paid', &lt;Mock id='127929262900960'&gt;, [])
E     Actual: call_checkout_info_event(&lt;Mock id='127929262911808'&gt;, event_name='checkout_fully_paid', checkout_info=&lt;Mock id='127929262900960'&gt;, lines=[])</failure></testcase><testcase classname="tests.whitebox.test_checkout_actions_extensive.TestTransactionAmountsForCheckoutUpdatedInternal" name="test_transaction_amounts_internal_triggers_fully_authorized_event" time="0.016"><failure message="AssertionError: expected call not found.&#10;Expected: call_checkout_info_event(&lt;Mock id='127929262914400'&gt;, 'checkout_fully_authorized', &lt;Mock id='127929250935344'&gt;, [])&#10;  Actual: call_checkout_info_event(&lt;Mock id='127929262914400'&gt;, event_name='checkout_fully_authorized', checkout_info=&lt;Mock id='127929250935344'&gt;, lines=[])">/home/haroon/SQE/SQE_Project_Saleor/tests/whitebox/test_checkout_actions_extensive.py:520: in test_transaction_amounts_internal_triggers_fully_authorized_event
    ???
/usr/lib/python3.12/unittest/mock.py:956: in assert_called_once_with
    return self.assert_called_with(*args, **kwargs)
           ^^^^^^^^^^^^^^^^^^^^^^^^^^^^^^^^^^^^^^^^
/usr/lib/python3.12/unittest/mock.py:944: in assert_called_with
    raise AssertionError(_error_message()) from cause
E   AssertionError: expected call not found.
E   Expected: call_checkout_info_event(&lt;Mock id='127929262914400'&gt;, 'checkout_fully_authorized', &lt;Mock id='127929250935344'&gt;, [])
E     Actual: call_checkout_info_event(&lt;Mock id='127929262914400'&gt;, event_name='checkout_fully_authorized', checkout_info=&lt;Mock id='127929250935344'&gt;, lines=[])</failure></testcase><testcase classname="tests.whitebox.test_checkout_actions_extensive.TestTransactionAmountsForCheckoutUpdatedInternal" name="test_transaction_amounts_internal_updates_refundable" time="0.013" /><testcase classname="tests.whitebox.test_checkout_base_calculations.TestBaseCheckoutSubtotal" name="test_base_checkout_subtotal_single_line" time="0.025"><failure message="TypeError: CheckoutLineInfo.__init__() got an unexpected keyword argument 'promotion_discount'">tests/whitebox/test_checkout_base_calculations.py:65: in test_base_checkout_subtotal_single_line
    line_info = CheckoutLineInfo(
E   TypeError: CheckoutLineInfo.__init__() got an unexpected keyword argument 'promotion_discount'</failure></testcase><testcase classname="tests.whitebox.test_checkout_base_calculations.TestBaseCheckoutSubtotal" name="test_base_checkout_subtotal_empty_lines" time="0.008" /><testcase classname="tests.whitebox.test_checkout_base_calculations.TestBaseCheckoutSubtotal" name="test_base_checkout_subtotal_include_voucher_false" time="0.021"><failure message="TypeError: CheckoutLineInfo.__init__() got an unexpected keyword argument 'promotion_discount'">tests/whitebox/test_checkout_base_calculations.py:148: in test_base_checkout_subtotal_include_voucher_false
    line_info = CheckoutLineInfo(
E   TypeError: CheckoutLineInfo.__init__() got an unexpected keyword argument 'promotion_discount'</failure></testcase><testcase classname="tests.whitebox.test_checkout_base_calculations.TestCheckoutTotal" name="test_checkout_total_no_discounts" time="0.012" /><testcase classname="tests.whitebox.test_checkout_base_calculations.TestCheckoutTotal" name="test_checkout_total_with_discount" time="0.013" /><testcase classname="tests.whitebox.test_checkout_base_calculations_comprehensive.TestCalculateBaseLineUnitPrice" name="test_calculate_base_line_unit_price_divides_total_by_quantity" time="0.021"><failure message="TypeError: CheckoutLineInfo.__init__() got an unexpected keyword argument 'undiscounted_unit_price'">/home/haroon/SQE/SQE_Project_Saleor/tests/whitebox/test_checkout_base_calculations_comprehensive.py:76: in test_calculate_base_line_unit_price_divides_total_by_quantity
    ???
E   TypeError: CheckoutLineInfo.__init__() got an unexpected keyword argument 'undiscounted_unit_price'</failure></testcase><testcase classname="tests.whitebox.test_checkout_base_calculations_comprehensive.TestCalculateBaseLineTotalPrice" name="test_calculate_base_line_total_price_no_discounts_no_voucher" time="0.026" /><testcase classname="tests.whitebox.test_checkout_base_calculations_comprehensive.TestCalculateBaseLineTotalPrice" name="test_calculate_base_line_total_price_with_discounts" time="0.021"><failure message="TypeError: CheckoutLineInfo.__init__() got an unexpected keyword argument 'undiscounted_unit_price'">/home/haroon/SQE/SQE_Project_Saleor/tests/whitebox/test_checkout_base_calculations_comprehensive.py:174: in test_calculate_base_line_total_price_with_discounts
    ???
E   TypeError: CheckoutLineInfo.__init__() got an unexpected keyword argument 'undiscounted_unit_price'</failure></testcase><testcase classname="tests.whitebox.test_checkout_base_calculations_comprehensive.TestCalculateBaseLineTotalPrice" name="test_calculate_base_line_total_price_with_voucher_include_true" time="0.021"><failure message="TypeError: CheckoutLineInfo.__init__() got an unexpected keyword argument 'undiscounted_unit_price'">/home/haroon/SQE/SQE_Project_Saleor/tests/whitebox/test_checkout_base_calculations_comprehensive.py:215: in test_calculate_base_line_total_price_with_voucher_include_true
    ???
E   TypeError: CheckoutLineInfo.__init__() got an unexpected keyword argument 'undiscounted_unit_price'</failure></testcase><testcase classname="tests.whitebox.test_checkout_base_calculations_comprehensive.TestCalculateBaseLineTotalPrice" name="test_calculate_base_line_total_price_with_voucher_include_false" time="0.021"><failure message="TypeError: CheckoutLineInfo.__init__() got an unexpected keyword argument 'undiscounted_unit_price'">/home/haroon/SQE/SQE_Project_Saleor/tests/whitebox/test_checkout_base_calculations_comprehensive.py:259: in test_calculate_base_line_total_price_with_voucher_include_false
    ???
E   TypeError: CheckoutLineInfo.__init__() got an unexpected keyword argument 'undiscounted_unit_price'</failure></testcase><testcase classname="tests.whitebox.test_checkout_base_calculations_comprehensive.TestCalculateUndiscountedBaseLineTotalPrice" name="test_calculate_undiscounted_base_line_total_price" time="0.022"><failure message="TypeError: CheckoutLineInfo.__init__() got an unexpected keyword argument 'undiscounted_unit_price'">/home/haroon/SQE/SQE_Project_Saleor/tests/whitebox/test_checkout_base_calculations_comprehensive.py:306: in test_calculate_undiscounted_base_line_total_price
    ???
E   TypeError: CheckoutLineInfo.__init__() got an unexpected keyword argument 'undiscounted_unit_price'</failure></testcase><testcase classname="tests.whitebox.test_checkout_base_calculations_comprehensive.TestCalculateUndiscountedBaseLineUnitPrice" name="test_calculate_undiscounted_base_line_unit_price" time="0.021"><failure message="TypeError: CheckoutLineInfo.__init__() got an unexpected keyword argument 'undiscounted_unit_price'">/home/haroon/SQE/SQE_Project_Saleor/tests/whitebox/test_checkout_base_calculations_comprehensive.py:353: in test_calculate_undiscounted_base_line_unit_price
    ???
E   TypeError: CheckoutLineInfo.__init__() got an unexpected keyword argument 'undiscounted_unit_price'</failure></testcase><testcase classname="tests.whitebox.test_checkout_base_calculations_comprehensive.TestBaseCheckoutDeliveryPrice" name="test_base_checkout_delivery_price_no_shipping_voucher" time="0.013" /><testcase classname="tests.whitebox.test_checkout_base_calculations_comprehensive.TestBaseCheckoutDeliveryPrice" name="test_base_checkout_delivery_price_shipping_voucher_include_true" time="0.014" /><testcase classname="tests.whitebox.test_checkout_base_calculations_comprehensive.TestBaseCheckoutDeliveryPrice" name="test_base_checkout_delivery_price_shipping_voucher_include_false" time="0.013" /><testcase classname="tests.whitebox.test_checkout_base_calculations_comprehensive.TestBaseCheckoutDeliveryPrice" name="test_base_checkout_delivery_price_shipping_voucher_discount_exceeds_price" time="0.014" /><testcase classname="tests.whitebox.test_checkout_base_calculations_comprehensive.TestBaseCheckoutUndiscountedDeliveryPrice" name="test_base_checkout_undiscounted_delivery_price_not_shipping_method_info" time="0.013" /><testcase classname="tests.whitebox.test_checkout_base_calculations_comprehensive.TestBaseCheckoutUndiscountedDeliveryPrice" name="test_base_checkout_undiscounted_delivery_price_shipping_method_info" time="0.013" /><testcase classname="tests.whitebox.test_checkout_base_calculations_comprehensive.TestCalculateBasePriceForShippingMethod" name="test_calculate_base_price_no_shipping_method" time="0.016" /><testcase classname="tests.whitebox.test_checkout_base_calculations_comprehensive.TestCalculateBasePriceForShippingMethod" name="test_calculate_base_price_shipping_not_required" time="0.011"><failure message="django.db.utils.IntegrityError: null value in column &quot;shipping_zone_id&quot; of relation &quot;shipping_shippingmethod&quot; violates not-null constraint&#10;DETAIL:  Failing row contains (2, Standard, null, 0, , null, {}, {}, null, null, null, null).">.venv/lib/python3.12/site-packages/django/db/backends/utils.py:105: in _execute
    return self.cursor.execute(sql, params)
           ^^^^^^^^^^^^^^^^^^^^^^^^^^^^^^^^
.venv/lib/python3.12/site-packages/psycopg/cursor.py:117: in execute
    raise ex.with_traceback(None)
E   psycopg.errors.NotNullViolation: null value in column "shipping_zone_id" of relation "shipping_shippingmethod" violates not-null constraint
E   DETAIL:  Failing row contains (2, Standard, null, 0, , null, {}, {}, null, null, null, null).

The above exception was the direct cause of the following exception:
/home/haroon/SQE/SQE_Project_Saleor/tests/whitebox/test_checkout_base_calculations_comprehensive.py:556: in test_calculate_base_price_shipping_not_required
    ???
.venv/lib/python3.12/site-packages/django/db/models/manager.py:87: in manager_method
    return getattr(self.get_queryset(), name)(*args, **kwargs)
           ^^^^^^^^^^^^^^^^^^^^^^^^^^^^^^^^^^^^^^^^^^^^^^^^^^^
.venv/lib/python3.12/site-packages/django/db/models/query.py:665: in create
    obj.save(force_insert=True, using=self.db)
.venv/lib/python3.12/site-packages/django/db/models/base.py:902: in save
    self.save_base(
.venv/lib/python3.12/site-packages/django/db/models/base.py:1008: in save_base
    updated = self._save_table(
.venv/lib/python3.12/site-packages/django/db/models/base.py:1169: in _save_table
    results = self._do_insert(
.venv/lib/python3.12/site-packages/django/db/models/base.py:1210: in _do_insert
    return manager._insert(
.venv/lib/python3.12/site-packages/django/db/models/manager.py:87: in manager_method
    return getattr(self.get_queryset(), name)(*args, **kwargs)
           ^^^^^^^^^^^^^^^^^^^^^^^^^^^^^^^^^^^^^^^^^^^^^^^^^^^
.venv/lib/python3.12/site-packages/django/db/models/query.py:1873: in _insert
    return query.get_compiler(using=using).execute_sql(returning_fields)
           ^^^^^^^^^^^^^^^^^^^^^^^^^^^^^^^^^^^^^^^^^^^^^^^^^^^^^^^^^^^^^
.venv/lib/python3.12/site-packages/django/db/models/sql/compiler.py:1882: in execute_sql
    cursor.execute(sql, params)
.venv/lib/python3.12/site-packages/django/db/backends/utils.py:79: in execute
    return self._execute_with_wrappers(
.venv/lib/python3.12/site-packages/django/db/backends/utils.py:92: in _execute_with_wrappers
    return executor(sql, params, many, context)
           ^^^^^^^^^^^^^^^^^^^^^^^^^^^^^^^^^^^^
.venv/lib/python3.12/site-packages/django/db/backends/utils.py:100: in _execute
    with self.db.wrap_database_errors:
.venv/lib/python3.12/site-packages/django/db/utils.py:91: in __exit__
    raise dj_exc_value.with_traceback(traceback) from exc_value
.venv/lib/python3.12/site-packages/django/db/backends/utils.py:105: in _execute
    return self.cursor.execute(sql, params)
           ^^^^^^^^^^^^^^^^^^^^^^^^^^^^^^^^
.venv/lib/python3.12/site-packages/psycopg/cursor.py:117: in execute
    raise ex.with_traceback(None)
E   django.db.utils.IntegrityError: null value in column "shipping_zone_id" of relation "shipping_shippingmethod" violates not-null constraint
E   DETAIL:  Failing row contains (2, Standard, null, 0, , null, {}, {}, null, null, null, null).</failure></testcase><testcase classname="tests.whitebox.test_checkout_base_calculations_comprehensive.TestCalculateBasePriceForShippingMethod" name="test_calculate_base_price_shipping_required_with_method" time="0.011"><failure message="django.db.utils.IntegrityError: null value in column &quot;shipping_zone_id&quot; of relation &quot;shipping_shippingmethod&quot; violates not-null constraint&#10;DETAIL:  Failing row contains (3, Standard, null, 0, , null, {}, {}, null, null, null, null).">.venv/lib/python3.12/site-packages/django/db/backends/utils.py:105: in _execute
    return self.cursor.execute(sql, params)
           ^^^^^^^^^^^^^^^^^^^^^^^^^^^^^^^^
.venv/lib/python3.12/site-packages/psycopg/cursor.py:117: in execute
    raise ex.with_traceback(None)
E   psycopg.errors.NotNullViolation: null value in column "shipping_zone_id" of relation "shipping_shippingmethod" violates not-null constraint
E   DETAIL:  Failing row contains (3, Standard, null, 0, , null, {}, {}, null, null, null, null).

The above exception was the direct cause of the following exception:
/home/haroon/SQE/SQE_Project_Saleor/tests/whitebox/test_checkout_base_calculations_comprehensive.py:581: in test_calculate_base_price_shipping_required_with_method
    ???
.venv/lib/python3.12/site-packages/django/db/models/manager.py:87: in manager_method
    return getattr(self.get_queryset(), name)(*args, **kwargs)
           ^^^^^^^^^^^^^^^^^^^^^^^^^^^^^^^^^^^^^^^^^^^^^^^^^^^
.venv/lib/python3.12/site-packages/django/db/models/query.py:665: in create
    obj.save(force_insert=True, using=self.db)
.venv/lib/python3.12/site-packages/django/db/models/base.py:902: in save
    self.save_base(
.venv/lib/python3.12/site-packages/django/db/models/base.py:1008: in save_base
    updated = self._save_table(
.venv/lib/python3.12/site-packages/django/db/models/base.py:1169: in _save_table
    results = self._do_insert(
.venv/lib/python3.12/site-packages/django/db/models/base.py:1210: in _do_insert
    return manager._insert(
.venv/lib/python3.12/site-packages/django/db/models/manager.py:87: in manager_method
    return getattr(self.get_queryset(), name)(*args, **kwargs)
           ^^^^^^^^^^^^^^^^^^^^^^^^^^^^^^^^^^^^^^^^^^^^^^^^^^^
.venv/lib/python3.12/site-packages/django/db/models/query.py:1873: in _insert
    return query.get_compiler(using=using).execute_sql(returning_fields)
           ^^^^^^^^^^^^^^^^^^^^^^^^^^^^^^^^^^^^^^^^^^^^^^^^^^^^^^^^^^^^^
.venv/lib/python3.12/site-packages/django/db/models/sql/compiler.py:1882: in execute_sql
    cursor.execute(sql, params)
.venv/lib/python3.12/site-packages/django/db/backends/utils.py:79: in execute
    return self._execute_with_wrappers(
.venv/lib/python3.12/site-packages/django/db/backends/utils.py:92: in _execute_with_wrappers
    return executor(sql, params, many, context)
           ^^^^^^^^^^^^^^^^^^^^^^^^^^^^^^^^^^^^
.venv/lib/python3.12/site-packages/django/db/backends/utils.py:100: in _execute
    with self.db.wrap_database_errors:
.venv/lib/python3.12/site-packages/django/db/utils.py:91: in __exit__
    raise dj_exc_value.with_traceback(traceback) from exc_value
.venv/lib/python3.12/site-packages/django/db/backends/utils.py:105: in _execute
    return self.cursor.execute(sql, params)
           ^^^^^^^^^^^^^^^^^^^^^^^^^^^^^^^^
.venv/lib/python3.12/site-packages/psycopg/cursor.py:117: in execute
    raise ex.with_traceback(None)
E   django.db.utils.IntegrityError: null value in column "shipping_zone_id" of relation "shipping_shippingmethod" violates not-null constraint
E   DETAIL:  Failing row contains (3, Standard, null, 0, , null, {}, {}, null, null, null, null).</failure></testcase><testcase classname="tests.whitebox.test_checkout_base_calculations_comprehensive.TestCalculateBasePriceForShippingMethod" name="test_calculate_base_price_uses_lines_for_shipping_required" time="0.014"><failure message="django.db.utils.IntegrityError: null value in column &quot;shipping_zone_id&quot; of relation &quot;shipping_shippingmethod&quot; violates not-null constraint&#10;DETAIL:  Failing row contains (4, Standard, null, 0, , null, {}, {}, null, null, null, null).">.venv/lib/python3.12/site-packages/django/db/backends/utils.py:105: in _execute
    return self.cursor.execute(sql, params)
           ^^^^^^^^^^^^^^^^^^^^^^^^^^^^^^^^
.venv/lib/python3.12/site-packages/psycopg/cursor.py:117: in execute
    raise ex.with_traceback(None)
E   psycopg.errors.NotNullViolation: null value in column "shipping_zone_id" of relation "shipping_shippingmethod" violates not-null constraint
E   DETAIL:  Failing row contains (4, Standard, null, 0, , null, {}, {}, null, null, null, null).

The above exception was the direct cause of the following exception:
/home/haroon/SQE/SQE_Project_Saleor/tests/whitebox/test_checkout_base_calculations_comprehensive.py:607: in test_calculate_base_price_uses_lines_for_shipping_required
    ???
.venv/lib/python3.12/site-packages/django/db/models/manager.py:87: in manager_method
    return getattr(self.get_queryset(), name)(*args, **kwargs)
           ^^^^^^^^^^^^^^^^^^^^^^^^^^^^^^^^^^^^^^^^^^^^^^^^^^^
.venv/lib/python3.12/site-packages/django/db/models/query.py:665: in create
    obj.save(force_insert=True, using=self.db)
.venv/lib/python3.12/site-packages/django/db/models/base.py:902: in save
    self.save_base(
.venv/lib/python3.12/site-packages/django/db/models/base.py:1008: in save_base
    updated = self._save_table(
.venv/lib/python3.12/site-packages/django/db/models/base.py:1169: in _save_table
    results = self._do_insert(
.venv/lib/python3.12/site-packages/django/db/models/base.py:1210: in _do_insert
    return manager._insert(
.venv/lib/python3.12/site-packages/django/db/models/manager.py:87: in manager_method
    return getattr(self.get_queryset(), name)(*args, **kwargs)
           ^^^^^^^^^^^^^^^^^^^^^^^^^^^^^^^^^^^^^^^^^^^^^^^^^^^
.venv/lib/python3.12/site-packages/django/db/models/query.py:1873: in _insert
    return query.get_compiler(using=using).execute_sql(returning_fields)
           ^^^^^^^^^^^^^^^^^^^^^^^^^^^^^^^^^^^^^^^^^^^^^^^^^^^^^^^^^^^^^
.venv/lib/python3.12/site-packages/django/db/models/sql/compiler.py:1882: in execute_sql
    cursor.execute(sql, params)
.venv/lib/python3.12/site-packages/django/db/backends/utils.py:79: in execute
    return self._execute_with_wrappers(
.venv/lib/python3.12/site-packages/django/db/backends/utils.py:92: in _execute_with_wrappers
    return executor(sql, params, many, context)
           ^^^^^^^^^^^^^^^^^^^^^^^^^^^^^^^^^^^^
.venv/lib/python3.12/site-packages/django/db/backends/utils.py:100: in _execute
    with self.db.wrap_database_errors:
.venv/lib/python3.12/site-packages/django/db/utils.py:91: in __exit__
    raise dj_exc_value.with_traceback(traceback) from exc_value
.venv/lib/python3.12/site-packages/django/db/backends/utils.py:105: in _execute
    return self.cursor.execute(sql, params)
           ^^^^^^^^^^^^^^^^^^^^^^^^^^^^^^^^
.venv/lib/python3.12/site-packages/psycopg/cursor.py:117: in execute
    raise ex.with_traceback(None)
E   django.db.utils.IntegrityError: null value in column "shipping_zone_id" of relation "shipping_shippingmethod" violates not-null constraint
E   DETAIL:  Failing row contains (4, Standard, null, 0, , null, {}, {}, null, null, null, null).</failure></testcase><testcase classname="tests.whitebox.test_checkout_base_calculations_comprehensive.TestBaseCheckoutTotal" name="test_base_checkout_total_sums_subtotal_and_shipping" time="0.015" /><testcase classname="tests.whitebox.test_checkout_base_calculations_comprehensive.TestBaseCheckoutSubtotal" name="test_base_checkout_subtotal_empty_lines" time="0.008" /><testcase classname="tests.whitebox.test_checkout_base_calculations_comprehensive.TestBaseCheckoutSubtotal" name="test_base_checkout_subtotal_multiple_lines" time="0.023"><failure message="TypeError: CheckoutLineInfo.__init__() got an unexpected keyword argument 'undiscounted_unit_price'">/home/haroon/SQE/SQE_Project_Saleor/tests/whitebox/test_checkout_base_calculations_comprehensive.py:704: in test_base_checkout_subtotal_multiple_lines
    ???
E   TypeError: CheckoutLineInfo.__init__() got an unexpected keyword argument 'undiscounted_unit_price'</failure></testcase><testcase classname="tests.whitebox.test_checkout_base_calculations_comprehensive.TestCheckoutTotal" name="test_checkout_total_calculates_with_gift_cards" time="0.013"><failure message="AttributeError: &lt;module 'saleor.checkout.base_calculations' from '/home/haroon/SQE/SQE_Project_Saleor/saleor/checkout/base_calculations.py'&gt; does not have the attribute 'calculate_checkout_total_with_gift_cards'">/home/haroon/SQE/SQE_Project_Saleor/tests/whitebox/test_checkout_base_calculations_comprehensive.py:759: in test_checkout_total_calculates_with_gift_cards
    ???
/usr/lib/python3.12/unittest/mock.py:1458: in __enter__
    original, local = self.get_original()
                      ^^^^^^^^^^^^^^^^^^^
/usr/lib/python3.12/unittest/mock.py:1431: in get_original
    raise AttributeError(
E   AttributeError: &lt;module 'saleor.checkout.base_calculations' from '/home/haroon/SQE/SQE_Project_Saleor/saleor/checkout/base_calculations.py'&gt; does not have the attribute 'calculate_checkout_total_with_gift_cards'</failure></testcase><testcase classname="tests.whitebox.test_checkout_base_calculations_comprehensive.TestGetLineTotalPriceWithPropagatedCheckoutDiscount" name="test_get_line_total_price_finds_line" time="0.024"><failure message="TypeError: CheckoutLineInfo.__init__() got an unexpected keyword argument 'undiscounted_unit_price'">/home/haroon/SQE/SQE_Project_Saleor/tests/whitebox/test_checkout_base_calculations_comprehensive.py:798: in test_get_line_total_price_finds_line
    ???
E   TypeError: CheckoutLineInfo.__init__() got an unexpected keyword argument 'undiscounted_unit_price'</failure></testcase><testcase classname="tests.whitebox.test_checkout_base_calculations_comprehensive.TestGetLineTotalPriceWithPropagatedCheckoutDiscount" name="test_get_line_total_price_line_not_found" time="0.029"><failure message="TypeError: CheckoutLineInfo.__init__() got an unexpected keyword argument 'undiscounted_unit_price'">/home/haroon/SQE/SQE_Project_Saleor/tests/whitebox/test_checkout_base_calculations_comprehensive.py:852: in test_get_line_total_price_line_not_found
    ???
E   TypeError: CheckoutLineInfo.__init__() got an unexpected keyword argument 'undiscounted_unit_price'</failure></testcase><testcase classname="tests.whitebox.test_checkout_base_calculations_comprehensive.TestPropagateCheckoutDiscountOnCheckoutLinesPrices" name="test_propagate_checkout_discount_single_line" time="0.029"><failure message="TypeError: CheckoutLineInfo.__init__() got an unexpected keyword argument 'undiscounted_unit_price'">/home/haroon/SQE/SQE_Project_Saleor/tests/whitebox/test_checkout_base_calculations_comprehensive.py:917: in test_propagate_checkout_discount_single_line
    ???
E   TypeError: CheckoutLineInfo.__init__() got an unexpected keyword argument 'undiscounted_unit_price'</failure></testcase><testcase classname="tests.whitebox.test_checkout_base_calculations_comprehensive.TestPropagateCheckoutDiscountOnCheckoutLinesPrices" name="test_propagate_checkout_discount_multiple_lines" time="0.024"><failure message="TypeError: CheckoutLineInfo.__init__() got an unexpected keyword argument 'undiscounted_unit_price'">/home/haroon/SQE/SQE_Project_Saleor/tests/whitebox/test_checkout_base_calculations_comprehensive.py:971: in test_propagate_checkout_discount_multiple_lines
    ???
E   TypeError: CheckoutLineInfo.__init__() got an unexpected keyword argument 'undiscounted_unit_price'</failure></testcase><testcase classname="tests.whitebox.test_checkout_base_calculations_extensive.TestCalculateBaseLineUnitPrice" name="test_calculate_base_line_unit_price_returns_channel_listing_price" time="0.019"><failure message="TypeError: calculate_base_line_unit_price() takes 1 positional argument but 3 were given">/home/haroon/SQE/SQE_Project_Saleor/tests/whitebox/test_checkout_base_calculations_extensive.py:67: in test_calculate_base_line_unit_price_returns_channel_listing_price
    ???
E   TypeError: calculate_base_line_unit_price() takes 1 positional argument but 3 were given</failure></testcase><testcase classname="tests.whitebox.test_checkout_base_calculations_extensive.TestCalculateBaseLineUnitPrice" name="test_calculate_base_line_unit_price_handles_custom_price" time="0.018"><failure message="TypeError: CheckoutLine() got unexpected keyword arguments: 'price_override_amount'">/home/haroon/SQE/SQE_Project_Saleor/tests/whitebox/test_checkout_base_calculations_extensive.py:91: in test_calculate_base_line_unit_price_handles_custom_price
    ???
.venv/lib/python3.12/site-packages/django/db/models/manager.py:87: in manager_method
    return getattr(self.get_queryset(), name)(*args, **kwargs)
           ^^^^^^^^^^^^^^^^^^^^^^^^^^^^^^^^^^^^^^^^^^^^^^^^^^^
.venv/lib/python3.12/site-packages/django/db/models/query.py:663: in create
    obj = self.model(**kwargs)
          ^^^^^^^^^^^^^^^^^^^^
.venv/lib/python3.12/site-packages/django/db/models/base.py:569: in __init__
    raise TypeError(
E   TypeError: CheckoutLine() got unexpected keyword arguments: 'price_override_amount'</failure></testcase><testcase classname="tests.whitebox.test_checkout_base_calculations_extensive.TestCalculateBaseLineTotalPrice" name="test_calculate_base_line_total_price_multiplies_by_quantity" time="0.029"><failure message="TypeError: calculate_base_line_total_price() takes from 1 to 2 positional arguments but 3 were given">/home/haroon/SQE/SQE_Project_Saleor/tests/whitebox/test_checkout_base_calculations_extensive.py:144: in test_calculate_base_line_total_price_multiplies_by_quantity
    ???
E   TypeError: calculate_base_line_total_price() takes from 1 to 2 positional arguments but 3 were given</failure></testcase><testcase classname="tests.whitebox.test_checkout_base_calculations_extensive.TestBaseCheckoutDeliveryPrice" name="test_base_checkout_delivery_price_returns_zero_when_no_shipping_method" time="0.017" /><testcase classname="tests.whitebox.test_checkout_base_calculations_extensive.TestBaseCheckoutDeliveryPrice" name="test_base_checkout_delivery_price_returns_shipping_method_price" time="0.026"><failure message="AssertionError: assert Money('0.00', 'USD') == Money('10.00', 'USD')&#10; +  where Money('10.00', 'USD') = Money(Decimal('10.00'), 'USD')&#10; +    where Decimal('10.00') = Decimal('10.00')">/home/haroon/SQE/SQE_Project_Saleor/tests/whitebox/test_checkout_base_calculations_extensive.py:209: in test_base_checkout_delivery_price_returns_shipping_method_price
    ???
E   AssertionError: assert Money('0.00', 'USD') == Money('10.00', 'USD')
E    +  where Money('10.00', 'USD') = Money(Decimal('10.00'), 'USD')
E    +    where Decimal('10.00') = Decimal('10.00')</failure></testcase><testcase classname="tests.whitebox.test_checkout_base_calculations_extensive.TestBaseCheckoutSubtotal" name="test_base_checkout_subtotal_sums_line_totals" time="0.028" /><testcase classname="tests.whitebox.test_checkout_base_calculations_extensive.TestBaseCheckoutTotal" name="test_base_checkout_total_adds_subtotal_and_shipping" time="0.016"><failure message="TypeError: base_checkout_total() got an unexpected keyword argument 'include_voucher'">/home/haroon/SQE/SQE_Project_Saleor/tests/whitebox/test_checkout_base_calculations_extensive.py:286: in test_base_checkout_total_adds_subtotal_and_shipping
    ???
E   TypeError: base_checkout_total() got an unexpected keyword argument 'include_voucher'</failure></testcase><testcase classname="tests.whitebox.test_checkout_base_calculations_extensive.TestCheckoutTotal" name="test_checkout_total_includes_discounts" time="0.015"><failure message="TypeError: checkout_total() got an unexpected keyword argument 'include_voucher'">/home/haroon/SQE/SQE_Project_Saleor/tests/whitebox/test_checkout_base_calculations_extensive.py:311: in test_checkout_total_includes_discounts
    ???
E   TypeError: checkout_total() got an unexpected keyword argument 'include_voucher'</failure></testcase><testcase classname="tests.whitebox.test_checkout_base_calculations_extensive.TestGetLineTotalPriceWithPropagatedCheckoutDiscount" name="test_get_line_total_price_with_propagated_discount_applies_discount" time="0.026"><failure message="TypeError: get_line_total_price_with_propagated_checkout_discount() takes 3 positional arguments but 6 were given">/home/haroon/SQE/SQE_Project_Saleor/tests/whitebox/test_checkout_base_calculations_extensive.py:356: in test_get_line_total_price_with_propagated_discount_applies_discount
    ???
E   TypeError: get_line_total_price_with_propagated_checkout_discount() takes 3 positional arguments but 6 were given</failure></testcase><testcase classname="tests.whitebox.test_checkout_base_calculations_extensive.TestGetLineTotalPriceWithPropagatedCheckoutDiscount" name="test_get_line_total_price_with_propagated_discount_handles_zero_subtotal" time="0.024"><failure message="TypeError: get_line_total_price_with_propagated_checkout_discount() takes 3 positional arguments but 6 were given">/home/haroon/SQE/SQE_Project_Saleor/tests/whitebox/test_checkout_base_calculations_extensive.py:403: in test_get_line_total_price_with_propagated_discount_handles_zero_subtotal
    ???
E   TypeError: get_line_total_price_with_propagated_checkout_discount() takes 3 positional arguments but 6 were given</failure></testcase><testcase classname="tests.whitebox.test_checkout_base_calculations_extensive.TestCalculateBasePriceForShippingMethod" name="test_calculate_base_price_returns_shipping_method_price" time="0.020"><failure message="AttributeError: 'Channel' object has no attribute 'delivery_method'">/home/haroon/SQE/SQE_Project_Saleor/tests/whitebox/test_checkout_base_calculations_extensive.py:446: in test_calculate_base_price_returns_shipping_method_price
    ???
saleor/checkout/base_calculations.py:140: in calculate_base_price_for_shipping_method
    shipping_method = shipping_method_info.delivery_method
                      ^^^^^^^^^^^^^^^^^^^^^^^^^^^^^^^^^^^^
E   AttributeError: 'Channel' object has no attribute 'delivery_method'</failure></testcase><testcase classname="tests.whitebox.test_checkout_base_calculations_extensive.TestCalculateBasePriceForShippingMethod" name="test_calculate_base_price_returns_zero_when_no_method" time="0.011"><failure message="AttributeError: 'Channel' object has no attribute 'delivery_method'">/home/haroon/SQE/SQE_Project_Saleor/tests/whitebox/test_checkout_base_calculations_extensive.py:462: in test_calculate_base_price_returns_zero_when_no_method
    ???
saleor/checkout/base_calculations.py:140: in calculate_base_price_for_shipping_method
    shipping_method = shipping_method_info.delivery_method
                      ^^^^^^^^^^^^^^^^^^^^^^^^^^^^^^^^^^^^
E   AttributeError: 'Channel' object has no attribute 'delivery_method'</failure></testcase><testcase classname="tests.whitebox.test_checkout_calculations_comprehensive.TestCalculateBaseLineUnitPrice" name="test_calculate_base_line_unit_price_basic" time="0.028"><failure message="TypeError: CheckoutLineInfo.__init__() got an unexpected keyword argument 'undiscounted_unit_price'">/home/haroon/SQE/SQE_Project_Saleor/tests/whitebox/test_checkout_calculations_comprehensive.py:78: in test_calculate_base_line_unit_price_basic
    ???
E   TypeError: CheckoutLineInfo.__init__() got an unexpected keyword argument 'undiscounted_unit_price'</failure></testcase><testcase classname="tests.whitebox.test_checkout_calculations_comprehensive.TestCalculateBaseLineUnitPrice" name="test_calculate_base_line_unit_price_with_discounts" time="0.030"><failure message="TypeError: CheckoutLineInfo.__init__() got an unexpected keyword argument 'undiscounted_unit_price'">/home/haroon/SQE/SQE_Project_Saleor/tests/whitebox/test_checkout_calculations_comprehensive.py:140: in test_calculate_base_line_unit_price_with_discounts
    ???
E   TypeError: CheckoutLineInfo.__init__() got an unexpected keyword argument 'undiscounted_unit_price'</failure></testcase><testcase classname="tests.whitebox.test_checkout_calculations_comprehensive.TestCalculateBaseLineTotalPrice" name="test_calculate_base_line_total_price_no_discounts" time="0.029"><failure message="TypeError: CheckoutLineInfo.__init__() got an unexpected keyword argument 'undiscounted_unit_price'">/home/haroon/SQE/SQE_Project_Saleor/tests/whitebox/test_checkout_calculations_comprehensive.py:207: in test_calculate_base_line_total_price_no_discounts
    ???
E   TypeError: CheckoutLineInfo.__init__() got an unexpected keyword argument 'undiscounted_unit_price'</failure></testcase><testcase classname="tests.whitebox.test_checkout_calculations_comprehensive.TestCalculateBaseLineTotalPrice" name="test_calculate_base_line_total_price_with_discounts" time="0.030"><failure message="TypeError: CheckoutLineInfo.__init__() got an unexpected keyword argument 'undiscounted_unit_price'">/home/haroon/SQE/SQE_Project_Saleor/tests/whitebox/test_checkout_calculations_comprehensive.py:268: in test_calculate_base_line_total_price_with_discounts
    ???
E   TypeError: CheckoutLineInfo.__init__() got an unexpected keyword argument 'undiscounted_unit_price'</failure></testcase><testcase classname="tests.whitebox.test_checkout_calculations_comprehensive.TestCalculateBaseLineTotalPrice" name="test_calculate_base_line_total_price_include_voucher_false" time="0.047"><failure message="AttributeError: property 'code' of 'Voucher' object has no setter">/home/haroon/SQE/SQE_Project_Saleor/tests/whitebox/test_checkout_calculations_comprehensive.py:327: in test_calculate_base_line_total_price_include_voucher_false
    ???
.venv/lib/python3.12/site-packages/django/db/models/manager.py:87: in manager_method
    return getattr(self.get_queryset(), name)(*args, **kwargs)
           ^^^^^^^^^^^^^^^^^^^^^^^^^^^^^^^^^^^^^^^^^^^^^^^^^^^
.venv/lib/python3.12/site-packages/django/db/models/query.py:663: in create
    obj = self.model(**kwargs)
          ^^^^^^^^^^^^^^^^^^^^
.venv/lib/python3.12/site-packages/django/db/models/base.py:558: in __init__
    _setattr(self, prop, value)
E   AttributeError: property 'code' of 'Voucher' object has no setter</failure></testcase><testcase classname="tests.whitebox.test_checkout_calculations_comprehensive.TestCalculateUndiscountedBaseLineTotalPrice" name="test_calculate_undiscounted_base_line_total_price" time="0.024"><failure message="TypeError: CheckoutLineInfo.__init__() got an unexpected keyword argument 'undiscounted_unit_price'">/home/haroon/SQE/SQE_Project_Saleor/tests/whitebox/test_checkout_calculations_comprehensive.py:399: in test_calculate_undiscounted_base_line_total_price
    ???
E   TypeError: CheckoutLineInfo.__init__() got an unexpected keyword argument 'undiscounted_unit_price'</failure></testcase><testcase classname="tests.whitebox.test_checkout_calculations_comprehensive.TestBaseCheckoutDeliveryPrice" name="test_base_checkout_delivery_price_no_voucher" time="0.016"><failure message="AssertionError: assert Decimal('0.00') == Decimal('10.00')&#10; +  where Decimal('0.00') = Money('0.00', 'USD').amount&#10; +  and   Decimal('10.00') = Decimal('10.00')">/home/haroon/SQE/SQE_Project_Saleor/tests/whitebox/test_checkout_calculations_comprehensive.py:464: in test_base_checkout_delivery_price_no_voucher
    ???
E   AssertionError: assert Decimal('0.00') == Decimal('10.00')
E    +  where Decimal('0.00') = Money('0.00', 'USD').amount
E    +  and   Decimal('10.00') = Decimal('10.00')</failure></testcase><testcase classname="tests.whitebox.test_checkout_calculations_extensive.TestCheckoutShippingPrice" name="test_checkout_shipping_price_with_valid_checkout" time="0.012" /><testcase classname="tests.whitebox.test_checkout_calculations_extensive.TestCheckoutShippingPrice" name="test_checkout_shipping_price_with_pregenerated_payloads" time="0.011" /><testcase classname="tests.whitebox.test_checkout_calculations_extensive.TestCheckoutShippingTaxRate" name="test_checkout_shipping_tax_rate_returns_tax_rate" time="0.011" /><testcase classname="tests.whitebox.test_checkout_calculations_extensive.TestCheckoutSubtotal" name="test_checkout_subtotal_returns_subtotal" time="0.012" /><testcase classname="tests.whitebox.test_checkout_calculations_extensive.TestCalculateCheckoutTotal" name="test_calculate_checkout_total_returns_total" time="0.011" /><testcase classname="tests.whitebox.test_checkout_calculations_extensive.TestCalculateCheckoutTotal" name="test_calculate_checkout_total_with_force_update" time="0.010" /><testcase classname="tests.whitebox.test_checkout_calculations_extensive.TestCalculateCheckoutTotalWithGiftCards" name="test_calculate_checkout_total_with_gift_cards_zero_total" time="0.010" /><testcase classname="tests.whitebox.test_checkout_calculations_extensive.TestCalculateCheckoutTotalWithGiftCards" name="test_calculate_checkout_total_with_gift_cards_subtracts_balance" time="0.010" /><testcase classname="tests.whitebox.test_checkout_calculations_extensive.TestCalculateCheckoutTotalWithGiftCards" name="test_calculate_checkout_total_with_gift_cards_prevents_negative" time="0.010" /><testcase classname="tests.whitebox.test_checkout_calculations_extensive.TestCheckoutLineTotal" name="test_checkout_line_total_returns_line_total" time="0.018" /><testcase classname="tests.whitebox.test_checkout_calculations_extensive.TestCheckoutLineUnitPrice" name="test_checkout_line_unit_price_calculates_from_total" time="0.018" /><testcase classname="tests.whitebox.test_checkout_calculations_extensive.TestCheckoutLineTaxRate" name="test_checkout_line_tax_rate_returns_tax_rate" time="0.018" /><testcase classname="tests.whitebox.test_checkout_calculations_extensive.TestCheckoutLineUndiscountedPrices" name="test_checkout_line_undiscounted_unit_price_from_expired_prices" time="0.020" /><testcase classname="tests.whitebox.test_checkout_calculations_extensive.TestCheckoutLineUndiscountedPrices" name="test_checkout_line_undiscounted_unit_price_from_valid_prices" time="0.021"><failure message="AttributeError: 'TaxedMoney' object has no attribute 'amount'">/home/haroon/SQE/SQE_Project_Saleor/tests/whitebox/test_checkout_calculations_extensive.py:554: in test_checkout_line_undiscounted_unit_price_from_valid_prices
    ???
.venv/lib/python3.12/site-packages/django/db/models/manager.py:87: in manager_method
    return getattr(self.get_queryset(), name)(*args, **kwargs)
           ^^^^^^^^^^^^^^^^^^^^^^^^^^^^^^^^^^^^^^^^^^^^^^^^^^^
.venv/lib/python3.12/site-packages/django/db/models/query.py:663: in create
    obj = self.model(**kwargs)
          ^^^^^^^^^^^^^^^^^^^^
.venv/lib/python3.12/site-packages/django/db/models/base.py:566: in __init__
    _setattr(self, prop, value)
saleor/core/db/fields.py:121: in __set__
    amount = value.amount
             ^^^^^^^^^^^^
E   AttributeError: 'TaxedMoney' object has no attribute 'amount'</failure></testcase><testcase classname="tests.whitebox.test_checkout_calculations_extensive.TestCheckoutLineUndiscountedPrices" name="test_checkout_line_undiscounted_total_price_calculates_total" time="0.021" /><testcase classname="tests.whitebox.test_checkout_calculations_extensive.TestUpdateUndiscountedPriceForLines" name="test_update_undiscounted_unit_price_for_lines_updates_all_lines" time="0.021"><failure message="AttributeError: 'TaxedMoney' object has no attribute 'amount'">/home/haroon/SQE/SQE_Project_Saleor/tests/whitebox/test_checkout_calculations_extensive.py:651: in test_update_undiscounted_unit_price_for_lines_updates_all_lines
    ???
saleor/checkout/calculations.py:326: in update_undiscounted_unit_price_for_lines
    line_info.line.undiscounted_unit_price = line_info.undiscounted_unit_price
    ^^^^^^^^^^^^^^^^^^^^^^^^^^^^^^^^^^^^^^
saleor/core/db/fields.py:121: in __set__
    amount = value.amount
             ^^^^^^^^^^^^
E   AttributeError: 'TaxedMoney' object has no attribute 'amount'</failure></testcase><testcase classname="tests.whitebox.test_checkout_calculations_extensive.TestUpdateUndiscountedPriceForLines" name="test_update_undiscounted_unit_price_for_lines_skips_missing_listing" time="0.021" /><testcase classname="tests.whitebox.test_checkout_calculations_extensive.TestUpdatePriorPriceForLines" name="test_update_prior_unit_price_for_lines_with_prior_price" time="0.020" /><testcase classname="tests.whitebox.test_checkout_calculations_extensive.TestUpdatePriorPriceForLines" name="test_update_prior_unit_price_for_lines_without_prior_price" time="0.022" /><testcase classname="tests.whitebox.test_checkout_calculations_extensive.TestUpdatePriorPriceForLines" name="test_update_prior_unit_price_for_lines_skips_missing_listing" time="0.020" /><testcase classname="tests.whitebox.test_checkout_calculations_extensive.TestFetchCheckoutData" name="test_fetch_checkout_data_with_force_update" time="0.012" /><testcase classname="tests.whitebox.test_checkout_calculations_extensive.TestFetchCheckoutData" name="test_fetch_checkout_data_with_database_connection" time="0.012" /><testcase classname="tests.whitebox.test_checkout_complete_checkout_comprehensive.TestProcessVoucherDataForOrder" name="test_process_voucher_data_with_valid_voucher" time="0.011"><failure message="AttributeError: property 'code' of 'Voucher' object has no setter">/home/haroon/SQE/SQE_Project_Saleor/tests/whitebox/test_checkout_complete_checkout_comprehensive.py:70: in test_process_voucher_data_with_valid_voucher
    ???
.venv/lib/python3.12/site-packages/django/db/models/manager.py:87: in manager_method
    return getattr(self.get_queryset(), name)(*args, **kwargs)
           ^^^^^^^^^^^^^^^^^^^^^^^^^^^^^^^^^^^^^^^^^^^^^^^^^^^
.venv/lib/python3.12/site-packages/django/db/models/query.py:663: in create
    obj = self.model(**kwargs)
          ^^^^^^^^^^^^^^^^^^^^
.venv/lib/python3.12/site-packages/django/db/models/base.py:558: in __init__
    _setattr(self, prop, value)
E   AttributeError: property 'code' of 'Voucher' object has no setter</failure></testcase><testcase classname="tests.whitebox.test_checkout_complete_checkout_comprehensive.TestProcessVoucherDataForOrder" name="test_process_voucher_data_without_voucher" time="0.012" /><testcase classname="tests.whitebox.test_checkout_complete_checkout_comprehensive.TestAssignCheckoutUser" name="test_assign_checkout_user_with_existing_user" time="1.004"><failure message="AssertionError: assert None == &lt;User: c233e620-cbaf-46cc-88f7-5ba1ac475e8b&gt;&#10; +  where None = &lt;Checkout: Checkout object (463bae9b-6fce-48e3-907a-ae90e784a98c)&gt;.user&#10; +    where &lt;Checkout: Checkout object (463bae9b-6fce-48e3-907a-ae90e784a98c)&gt; = &lt;Mock spec='CheckoutInfo' id='127929249715776'&gt;.checkout">/home/haroon/SQE/SQE_Project_Saleor/tests/whitebox/test_checkout_complete_checkout_comprehensive.py:151: in test_assign_checkout_user_with_existing_user
    ???
E   AssertionError: assert None == &lt;User: c233e620-cbaf-46cc-88f7-5ba1ac475e8b&gt;
E    +  where None = &lt;Checkout: Checkout object (463bae9b-6fce-48e3-907a-ae90e784a98c)&gt;.user
E    +    where &lt;Checkout: Checkout object (463bae9b-6fce-48e3-907a-ae90e784a98c)&gt; = &lt;Mock spec='CheckoutInfo' id='127929249715776'&gt;.checkout</failure></testcase><testcase classname="tests.whitebox.test_checkout_complete_checkout_comprehensive.TestAssignCheckoutUser" name="test_assign_checkout_user_with_no_user" time="0.014"><failure message="AttributeError: Mock object has no attribute 'user'">/home/haroon/SQE/SQE_Project_Saleor/tests/whitebox/test_checkout_complete_checkout_comprehensive.py:169: in test_assign_checkout_user_with_no_user
    ???
saleor/checkout/complete_checkout.py:1671: in assign_checkout_user
    if user is None and not checkout_info.user and checkout_info.checkout.email:
                            ^^^^^^^^^^^^^^^^^^
/usr/lib/python3.12/unittest/mock.py:658: in __getattr__
    raise AttributeError("Mock object has no attribute %r" % name)
[...]
You need to install a suitable plugin for your async framework, for example:
  - anyio
  - pytest-asyncio
  - pytest-tornasync
  - pytest-trio
  - pytest-twisted</failure></testcase><testcase classname="tests.whitebox.test_asgi_handlers.TestPatchedASGIHandler" name="test_handle_with_valid_request" time="0.002"><failure message="Failed: async def functions are not natively supported.&#10;You need to install a suitable plugin for your async framework, for example:&#10;  - anyio&#10;  - pytest-asyncio&#10;  - pytest-tornasync&#10;  - pytest-trio&#10;  - pytest-twisted">async def functions are not natively supported.
You need to install a suitable plugin for your async framework, for example:
  - anyio
  - pytest-asyncio
  - pytest-tornasync
  - pytest-trio
  - pytest-twisted</failure></testcase><testcase classname="tests.whitebox.test_asgi_handlers.TestPatchedASGIHandler" name="test_handle_with_error_response" time="0.002"><failure message="Failed: async def functions are not natively supported.&#10;You need to install a suitable plugin for your async framework, for example:&#10;  - anyio&#10;  - pytest-asyncio&#10;  - pytest-tornasync&#10;  - pytest-trio&#10;  - pytest-twisted">async def functions are not natively supported.
You need to install a suitable plugin for your async framework, for example:
  - anyio
  - pytest-asyncio
  - pytest-tornasync
  - pytest-trio
  - pytest-twisted</failure></testcase><testcase classname="tests.whitebox.test_asgi_handlers.TestPatchedASGIHandler" name="test_handle_with_cancelled_error" time="0.002"><failure message="Failed: async def functions are not natively supported.&#10;You need to install a suitable plugin for your async framework, for example:&#10;  - anyio&#10;  - pytest-asyncio&#10;  - pytest-tornasync&#10;  - pytest-trio&#10;  - pytest-twisted">async def functions are not natively supported.
You need to install a suitable plugin for your async framework, for example:
  - anyio
  - pytest-asyncio
  - pytest-tornasync
  - pytest-trio
  - pytest-twisted</failure></testcase><testcase classname="tests.whitebox.test_asgi_handlers.TestPatchedASGIHandler" name="test_handle_clears_tasks" time="0.002"><failure message="Failed: async def functions are not natively supported.&#10;You need to install a suitable plugin for your async framework, for example:&#10;  - anyio&#10;  - pytest-asyncio&#10;  - pytest-tornasync&#10;  - pytest-trio&#10;  - pytest-twisted">async def functions are not natively supported.
You need to install a suitable plugin for your async framework, for example:
  - anyio
  - pytest-asyncio
  - pytest-tornasync
  - pytest-trio
  - pytest-twisted</failure></testcase><testcase classname="tests.whitebox.test_asgi_handlers.TestHealthCheck" name="test_health_check_with_matching_path" time="0.002"><failure message="Failed: async def functions are not natively supported.&#10;You need to install a suitable plugin for your async framework, for example:&#10;  - anyio&#10;  - pytest-asyncio&#10;  - pytest-tornasync&#10;  - pytest-trio&#10;  - pytest-twisted">async def functions are not natively supported.
You need to install a suitable plugin for your async framework, for example:
  - anyio
  - pytest-asyncio
  - pytest-tornasync
  - pytest-trio
  - pytest-twisted</failure></testcase><testcase classname="tests.whitebox.test_asgi_handlers.TestHealthCheck" name="test_health_check_with_non_matching_path" time="0.002"><failure message="Failed: async def functions are not natively supported.&#10;You need to install a suitable plugin for your async framework, for example:&#10;  - anyio&#10;  - pytest-asyncio&#10;  - pytest-tornasync&#10;  - pytest-trio&#10;  - pytest-twisted">async def functions are not natively supported.
You need to install a suitable plugin for your async framework, for example:
  - anyio
  - pytest-asyncio
  - pytest-tornasync
  - pytest-trio
  - pytest-twisted</failure></testcase><testcase classname="tests.whitebox.test_asgi_handlers.TestHealthCheck" name="test_health_check_with_non_http_scope" time="0.002"><failure message="Failed: async def functions are not natively supported.&#10;You need to install a suitable plugin for your async framework, for example:&#10;  - anyio&#10;  - pytest-asyncio&#10;  - pytest-tornasync&#10;  - pytest-trio&#10;  - pytest-twisted">async def functions are not natively supported.
You need to install a suitable plugin for your async framework, for example:
  - anyio
  - pytest-asyncio
  - pytest-tornasync
  - pytest-trio
  - pytest-twisted</failure></testcase><testcase classname="tests.whitebox.test_asgi_handlers.TestHealthCheck" name="test_health_check_sends_correct_response" time="0.002"><failure message="Failed: async def functions are not natively supported.&#10;You need to install a suitable plugin for your async framework, for example:&#10;  - anyio&#10;  - pytest-asyncio&#10;  - pytest-tornasync&#10;  - pytest-trio&#10;  - pytest-twisted">async def functions are not natively supported.
You need to install a suitable plugin for your async framework, for example:
  - anyio
  - pytest-asyncio
  - pytest-tornasync
  - pytest-trio
  - pytest-twisted</failure></testcase><testcase classname="tests.whitebox.test_core_utils_coverage.TestIsValidIPv4" name="test_valid_ipv4_address" time="0.002" /><testcase classname="tests.whitebox.test_core_utils_coverage.TestIsValidIPv4" name="test_invalid_ipv4_address" time="0.002" /><testcase classname="tests.whitebox.test_core_utils_coverage.TestIsValidIPv6" name="test_valid_ipv6_address" time="0.002" /><testcase classname="tests.whitebox.test_core_utils_coverage.TestIsValidIPv6" name="test_invalid_ipv6_address" time="0.002" /><testcase classname="tests.whitebox.test_core_utils_coverage.TestPrepareUniqueSlug" name="test_unique_slug_no_collision" time="0.002" /><testcase classname="tests.whitebox.test_core_utils_coverage.TestPrepareUniqueSlug" name="test_unique_slug_with_collision" time="0.002" /><testcase classname="tests.whitebox.test_core_utils_coverage.TestPrepareUniqueSlug" name="test_unique_slug_multiple_collisions" time="0.002" /><testcase classname="tests.whitebox.test_core_utils_coverage.TestPrepareUniqueSlug" name="test_unique_slug_with_generator" time="0.002" /><testcase classname="tests.whitebox.test_core_utils_coverage.TestZeroMoney" name="test_zero_money_usd" time="0.002" /><testcase classname="tests.whitebox.test_core_utils_coverage.TestZeroMoney" name="test_zero_money_eur" time="0.002" /><testcase classname="tests.whitebox.test_core_utils_coverage.TestZeroMoney" name="test_zero_money_gbp" time="0.002" /><testcase classname="tests.whitebox.test_core_utils_coverage.TestZeroTaxedMoney" name="test_zero_taxed_money_usd" time="0.002" /><testcase classname="tests.whitebox.test_core_utils_coverage.TestZeroTaxedMoney" name="test_zero_taxed_money_eur" time="0.002" /><testcase classname="tests.whitebox.test_core_utils_coverage.TestTaxError" name="test_tax_error_raises" time="0.002" /><testcase classname="tests.whitebox.test_core_utils_coverage.TestTaxError" name="test_tax_error_message" time="0.002" /><testcase classname="tests.whitebox.test_core_utils_coverage.TestTaxDataError" name="test_tax_data_error_raises" time="0.002" /><testcase classname="tests.whitebox.test_core_utils_coverage.TestTaxDataError" name="test_tax_data_error_with_errors_list" time="0.002" /><testcase classname="tests.whitebox.test_core_utils_coverage.TestTaxDataError" name="test_tax_data_error_default_empty_errors" time="0.002" /><testcase classname="tests.whitebox.test_core_utils_coverage.TestTaxType" name="test_tax_type_creation" time="0.002" /><testcase classname="tests.whitebox.test_core_utils_coverage.TestTaxType" name="test_tax_type_frozen" time="0.002" /><testcase classname="tests.whitebox.test_core_utils_coverage.TestTaxLineData" name="test_tax_line_data_creation" time="0.002" /><testcase classname="tests.whitebox.test_core_utils_coverage.TestTaxData" name="test_tax_data_creation" time="0.002" /><testcase classname="tests.whitebox.test_core_utils_coverage.TestQuantizePrice" name="test_quantize_decimal_usd" time="0.002" /><testcase classname="tests.whitebox.test_core_utils_coverage.TestQuantizePrice" name="test_quantize_decimal_jpy" time="0.002" /><testcase classname="tests.whitebox.test_core_utils_coverage.TestQuantizePrice" name="test_quantize_money_usd" time="0.002" /><testcase classname="tests.whitebox.test_core_utils_coverage.TestQuantizePrice" name="test_quantize_taxed_money" time="0.002" /><testcase classname="tests.whitebox.test_core_utils_coverage.TestMaximumPrice" name="test_maximum_price_is_positive" time="0.002" /><testcase classname="tests.whitebox.test_core_utils_coverage.TestMaximumPrice" name="test_maximum_price_is_integer" time="0.002" /><testcase classname="tests.whitebox.test_core_weight_coverage.TestZeroWeight" name="test_zero_weight_returns_weight" time="0.002" /><testcase classname="tests.whitebox.test_core_weight_coverage.TestZeroWeight" name="test_zero_weight_is_zero_in_all_units" time="0.002" /><testcase classname="tests.whitebox.test_core_weight_coverage.TestConvertWeight" name="test_convert_kg_to_lb" time="0.003" /><testcase classname="tests.whitebox.test_core_weight_coverage.TestConvertWeight" name="test_convert_lb_to_kg" time="0.003" /><testcase classname="tests.whitebox.test_core_weight_coverage.TestConvertWeight" name="test_convert_kg_to_g" time="0.002" /><testcase classname="tests.whitebox.test_core_weight_coverage.TestConvertWeight" name="test_convert_g_to_kg" time="0.002" /><testcase classname="tests.whitebox.test_core_weight_coverage.TestConvertWeight" name="test_convert_rounds_to_three_decimals" time="0.002" /><testcase classname="tests.whitebox.test_core_weight_coverage.TestConvertWeight" name="test_convert_oz_to_lb" time="0.002" /><testcase classname="tests.whitebox.test_discount_interface_coverage.TestDiscountInfo" name="test_create_basic_discount_info" time="0.002" /><testcase classname="tests.whitebox.test_discount_interface_coverage.TestDiscountInfo" name="test_create_discount_info_with_all_fields" time="0.002" /><testcase classname="tests.whitebox.test_discount_interface_coverage.TestDiscountInfo" name="test_default_values" time="0.002" /><testcase classname="tests.whitebox.test_discount_interface_coverage.TestDiscountInfo" name="test_fixed_value_discount" time="0.002" /><testcase classname="tests.whitebox.test_discount_interface_coverage.TestDiscountInfo" name="test_percentage_discount" time="0.002" /><testcase classname="tests.whitebox.test_discount_interface_coverage.TestVoucherInfo" name="test_create_empty_voucher_info" time="0.002" /><testcase classname="tests.whitebox.test_discount_interface_coverage.TestVoucherInfo" name="test_create_voucher_info_with_pks" time="0.002" /><testcase classname="tests.whitebox.test_discount_interface_coverage.TestVoucherInfo" name="test_voucher_info_with_none_code" time="0.002" /><testcase classname="tests.whitebox.test_exceptions_coverage.TestInsufficientStockData" name="test_create_basic_data" time="0.002" /><testcase classname="tests.whitebox.test_exceptions_coverage.TestInsufficientStockData" name="test_create_data_with_warehouse" time="0.002" /><testcase classname="tests.whitebox.test_exceptions_coverage.TestUnsupportedMediaProviderException" name="test_default_message" time="0.002" /><testcase classname="tests.whitebox.test_exceptions_coverage.TestUnsupportedMediaProviderException" name="test_custom_message" time="0.002" /><testcase classname="tests.whitebox.test_exceptions_coverage.TestUnsupportedMediaProviderException" name="test_raises" time="0.002" /><testcase classname="tests.whitebox.test_exceptions_coverage.TestNonExistingCheckoutLines" name="test_raises_with_line_pks" time="0.002" /><testcase classname="tests.whitebox.test_exceptions_coverage.TestNonExistingCheckoutLines" name="test_message" time="0.002" /><testcase classname="tests.whitebox.test_exceptions_coverage.TestNonExistingCheckout" name="test_raises_with_token" time="0.002" /><testcase classname="tests.whitebox.test_exceptions_coverage.TestNonExistingCheckout" name="test_message" time="0.002" /><testcase classname="tests.whitebox.test_exceptions_coverage.TestInsufficientStock" name="test_raises_with_items" time="0.002" /><testcase classname="tests.whitebox.test_exceptions_coverage.TestInsufficientStock" name="test_has_code" time="0.002" /><testcase classname="tests.whitebox.test_exceptions_coverage.TestAllocationError" name="test_raises_with_order_lines" time="0.002" /><testcase classname="tests.whitebox.test_exceptions_coverage.TestAllocationError" name="test_message_contains_lines" time="0.002" /><testcase classname="tests.whitebox.test_exceptions_coverage.TestPreorderAllocationError" name="test_raises_with_order_line" time="0.002" /><testcase classname="tests.whitebox.test_exceptions_coverage.TestPreorderAllocationError" name="test_message_contains_line" time="0.002" /><testcase classname="tests.whitebox.test_exceptions_coverage.TestProductNotPublished" name="test_default_message" time="0.002" /><testcase classname="tests.whitebox.test_exceptions_coverage.TestProductNotPublished" name="test_context" time="0.002" /><testcase classname="tests.whitebox.test_exceptions_coverage.TestProductNotPublished" name="test_has_code" time="0.002" /><testcase classname="tests.whitebox.test_exceptions_coverage.TestPermissionDenied" name="test_default_message" time="0.002" /><testcase classname="tests.whitebox.test_exceptions_coverage.TestPermissionDenied" name="test_custom_message" time="0.002" /><testcase classname="tests.whitebox.test_exceptions_coverage.TestPermissionDenied" name="test_with_permissions" time="0.002" /><testcase classname="tests.whitebox.test_exceptions_coverage.TestGiftCardNotApplicable" name="test_message" time="0.002" /><testcase classname="tests.whitebox.test_exceptions_coverage.TestGiftCardNotApplicable" name="test_has_code" time="0.002" /><testcase classname="tests.whitebox.test_exceptions_coverage.TestCircularSubscriptionSyncEvent" name="test_is_graphql_error" time="0.002" /><testcase classname="tests.whitebox.test_exceptions_coverage.TestSyncEventError" name="test_message_and_code" time="0.002" /><testcase classname="tests.whitebox.test_exceptions_coverage.TestSyncEventError" name="test_str" time="0.002" /><testcase classname="tests.whitebox.test_exceptions_coverage.TestSyncEventError" name="test_without_code" time="0.002" /><testcase classname="tests.whitebox.test_promo_code_coverage.TestGenerateRandomCode" name="test_generate_random_code_format" time="0.003" /><testcase classname="tests.whitebox.test_promo_code_coverage.TestGenerateRandomCode" name="test_generate_random_code_length" time="0.002" /><testcase classname="tests.whitebox.test_promo_code_coverage.TestGenerateRandomCode" name="test_generate_random_code_is_uppercase" time="0.002" /><testcase classname="tests.whitebox.test_promo_code_coverage.TestGenerateRandomCode" name="test_generate_random_code_uniqueness" time="0.002" /><testcase classname="tests.whitebox.test_promo_code_coverage.TestGenerateRandomCode" name="test_generate_random_code_contains_dashes" time="0.002" /><testcase classname="tests.whitebox.test_promo_code_coverage.TestInvalidPromoCode" name="test_invalid_promo_code_raises" time="0.002" /><testcase classname="tests.whitebox.test_promo_code_coverage.TestInvalidPromoCode" name="test_invalid_promo_code_default_message" time="0.002" /><testcase classname="tests.whitebox.test_promo_code_coverage.TestInvalidPromoCode" name="test_invalid_promo_code_custom_message" time="0.002"><failure message="assert &quot;['Custom error message']&quot; == 'Custom error message'&#10;  &#10;  - Custom error message&#10;  + ['Custom error message']&#10;  ? ++                    ++">tests/whitebox/test_promo_code_coverage.py:64: in test_invalid_promo_code_custom_message
    raise InvalidPromoCode(message=custom_msg)
E   saleor.core.utils.promo_code.InvalidPromoCode: ['Custom error message']

During handling of the above exception, another exception occurred:
tests/whitebox/test_promo_code_coverage.py:66: in test_invalid_promo_code_custom_message
    assert str(e) == custom_msg
E   assert "['Custom error message']" == 'Custom error message'
E     
E     - Custom error message
E     + ['Custom error message']
E     ? ++                    ++</failure></testcase><testcase classname="tests.whitebox.test_shipping_interface_coverage.TestShippingMethodData" name="test_create_basic_shipping_method" time="0.002" /><testcase classname="tests.whitebox.test_shipping_interface_coverage.TestShippingMethodData" name="test_create_shipping_method_with_all_fields" time="0.002" /><testcase classname="tests.whitebox.test_shipping_interface_coverage.TestShippingMethodData" name="test_default_values" time="0.002" /><testcase classname="tests.whitebox.test_shipping_interface_coverage.TestShippingMethodData" name="test_is_external_with_numeric_id" time="0.002" /><testcase classname="tests.whitebox.test_shipping_interface_coverage.TestShippingMethodData" name="test_is_external_with_invalid_global_id" time="0.002" /><testcase classname="tests.whitebox.test_shipping_interface_coverage.TestShippingMethodData" name="test_metadata_can_be_updated" time="0.002" /><testcase classname="tests.whitebox.test_shipping_interface_coverage.TestShippingMethodData" name="test_active_status" time="0.002" /><testcase classname="tests.whitebox.test_shipping_interface_coverage.TestShippingMethodData" name="test_message_field" time="0.002" /><testcase classname="tests.whitebox.test_shipping_interface_coverage.TestShippingMethodData" name="test_weight_fields" time="0.002" /><testcase classname="tests.whitebox.test_url_utils_coverage.TestPrepareUrl" name="test_prepare_url_adds_params_to_empty_query" time="0.002" /><testcase classname="tests.whitebox.test_url_utils_coverage.TestPrepareUrl" name="test_prepare_url_appends_to_existing_query" time="0.002" /><testcase classname="tests.whitebox.test_url_utils_coverage.TestPrepareUrl" name="test_prepare_url_with_path" time="0.002" /><testcase classname="tests.whitebox.test_url_utils_coverage.TestPrepareUrl" name="test_prepare_url_with_fragment" time="0.002" /><testcase classname="tests.whitebox.test_url_utils_coverage.TestPrepareUrl" name="test_prepare_url_preserves_scheme" time="0.002" /><testcase classname="tests.whitebox.test_url_utils_coverage.TestSanitizeUrlForLogging" name="test_sanitize_url_without_credentials" time="0.002" /><testcase classname="tests.whitebox.test_url_utils_coverage.TestSanitizeUrlForLogging" name="test_sanitize_url_with_username_and_password" time="0.002" /><testcase classname="tests.whitebox.test_url_utils_coverage.TestSanitizeUrlForLogging" name="test_sanitize_url_with_port" time="0.002" /><testcase classname="tests.whitebox.test_url_utils_coverage.TestSanitizeUrlForLogging" name="test_sanitize_url_preserves_path_and_query" time="0.002" /><testcase classname="tests.whitebox.test_url_utils_coverage.TestSanitizeUrlForLogging" name="test_sanitize_url_simple_url" time="0.002" /><testcase classname="tests.whitebox.test_validators_coverage.TestIsDateInFuture" name="test_future_date_returns_true" time="0.002" /><testcase classname="tests.whitebox.test_validators_coverage.TestIsDateInFuture" name="test_past_date_returns_false" time="0.002" /><testcase classname="tests.whitebox.test_validators_coverage.TestIsDateInFuture" name="test_today_returns_false" time="0.002" /><testcase classname="tests.whitebox.test_validators_coverage.TestIsDateInFuture" name="test_yesterday_returns_false" time="0.002" /><testcase classname="tests.whitebox.test_validators_coverage.TestIsDateInFuture" name="test_tomorrow_returns_true" time="0.002" /><testcase classname="tests.whitebox.test_validators_coverage.TestIsDateInFuture" name="test_far_future_date_returns_true" time="0.167" /></testsuite></testsuites>