<?xml version="1.0" encoding="utf-8"?><testsuites name="pytest tests"><testsuite name="pytest" errors="0" failures="306" skipped="0" tests="522" time="347.099" timestamp="2025-12-07T13:21:51.820536+00:00" hostname="haroon-HP-EliteBook-840-g6"><testcase classname="tests.integration.test_api" name="test_health_endpoint" time="228.325" /><testcase classname="tests.integration.test_api" name="test_graphql_endpoint_exists" time="0.034" /><testcase classname="tests.integration.test_api" name="test_graphql_shop_query" time="0.023" /><testcase classname="tests.integration.test_api" name="test_dashboard_endpoint" time="0.009" /><testcase classname="tests.unit.test_models" name="test_create_user" time="1.609" /><testcase classname="tests.unit.test_models" name="test_create_superuser" time="1.542" /><testcase classname="tests.unit.test_models" name="test_create_category" time="0.015" /><testcase classname="tests.unit.test_models" name="test_create_product_type" time="0.012" /><testcase classname="tests.unit.test_models" name="test_create_product" time="0.018" /><testcase classname="tests.unit.test_models" name="test_site_settings" time="0.012" /><testcase classname="tests.whitebox.test_account_utils.TestIsUserAddressLimitReached" name="test_address_limit_not_reached" time="0.829"><failure message="TypeError: Address() got unexpected keyword arguments: 'user'">tests/whitebox/test_account_utils.py:37: in test_address_limit_not_reached
    Address.objects.create(
.venv/lib/python3.12/site-packages/django/db/models/manager.py:87: in manager_method
    return getattr(self.get_queryset(), name)(*args, **kwargs)
           ^^^^^^^^^^^^^^^^^^^^^^^^^^^^^^^^^^^^^^^^^^^^^^^^^^^
.venv/lib/python3.12/site-packages/django/db/models/query.py:663: in create
    obj = self.model(**kwargs)
          ^^^^^^^^^^^^^^^^^^^^
.venv/lib/python3.12/site-packages/django/db/models/base.py:569: in __init__
    raise TypeError(
E   TypeError: Address() got unexpected keyword arguments: 'user'</failure></testcase><testcase classname="tests.whitebox.test_account_utils.TestIsUserAddressLimitReached" name="test_address_limit_reached" time="0.724"><failure message="TypeError: Address() got unexpected keyword arguments: 'user'">tests/whitebox/test_account_utils.py:59: in test_address_limit_reached
    Address.objects.create(
.venv/lib/python3.12/site-packages/django/db/models/manager.py:87: in manager_method
    return getattr(self.get_queryset(), name)(*args, **kwargs)
           ^^^^^^^^^^^^^^^^^^^^^^^^^^^^^^^^^^^^^^^^^^^^^^^^^^^
.venv/lib/python3.12/site-packages/django/db/models/query.py:663: in create
    obj = self.model(**kwargs)
          ^^^^^^^^^^^^^^^^^^^^
.venv/lib/python3.12/site-packages/django/db/models/base.py:569: in __init__
    raise TypeError(
E   TypeError: Address() got unexpected keyword arguments: 'user'</failure></testcase><testcase classname="tests.whitebox.test_account_utils.TestStoreUserAddress" name="test_store_address_limit_reached" time="0.697"><failure message="TypeError: Address() got unexpected keyword arguments: 'user'">tests/whitebox/test_account_utils.py:89: in test_store_address_limit_reached
    Address.objects.create(
.venv/lib/python3.12/site-packages/django/db/models/manager.py:87: in manager_method
    return getattr(self.get_queryset(), name)(*args, **kwargs)
           ^^^^^^^^^^^^^^^^^^^^^^^^^^^^^^^^^^^^^^^^^^^^^^^^^^^
.venv/lib/python3.12/site-packages/django/db/models/query.py:663: in create
    obj = self.model(**kwargs)
          ^^^^^^^^^^^^^^^^^^^^
.venv/lib/python3.12/site-packages/django/db/models/base.py:569: in __init__
    raise TypeError(
E   TypeError: Address() got unexpected keyword arguments: 'user'</failure></testcase><testcase classname="tests.whitebox.test_account_utils.TestStoreUserAddress" name="test_store_address_existing_address" time="0.689"><failure message="TypeError: Address() got unexpected keyword arguments: 'user'">tests/whitebox/test_account_utils.py:119: in test_store_address_existing_address
    address = Address.objects.create(
.venv/lib/python3.12/site-packages/django/db/models/manager.py:87: in manager_method
    return getattr(self.get_queryset(), name)(*args, **kwargs)
           ^^^^^^^^^^^^^^^^^^^^^^^^^^^^^^^^^^^^^^^^^^^^^^^^^^^
.venv/lib/python3.12/site-packages/django/db/models/query.py:663: in create
    obj = self.model(**kwargs)
          ^^^^^^^^^^^^^^^^^^^^
.venv/lib/python3.12/site-packages/django/db/models/base.py:569: in __init__
    raise TypeError(
E   TypeError: Address() got unexpected keyword arguments: 'user'</failure></testcase><testcase classname="tests.whitebox.test_account_utils.TestStoreUserAddress" name="test_store_address_new_address_billing" time="0.738" /><testcase classname="tests.whitebox.test_account_utils.TestStoreUserAddress" name="test_store_address_new_address_shipping" time="0.733" /><testcase classname="tests.whitebox.test_account_utils.TestStoreUserAddress" name="test_store_address_billing_with_existing_default" time="0.692"><failure message="TypeError: Address() got unexpected keyword arguments: 'user'">tests/whitebox/test_account_utils.py:186: in test_store_address_billing_with_existing_default
    existing = Address.objects.create(
.venv/lib/python3.12/site-packages/django/db/models/manager.py:87: in manager_method
    return getattr(self.get_queryset(), name)(*args, **kwargs)
           ^^^^^^^^^^^^^^^^^^^^^^^^^^^^^^^^^^^^^^^^^^^^^^^^^^^
.venv/lib/python3.12/site-packages/django/db/models/query.py:663: in create
    obj = self.model(**kwargs)
          ^^^^^^^^^^^^^^^^^^^^
.venv/lib/python3.12/site-packages/django/db/models/base.py:569: in __init__
    raise TypeError(
E   TypeError: Address() got unexpected keyword arguments: 'user'</failure></testcase><testcase classname="tests.whitebox.test_account_utils.TestRemoveOldestAddressIfLimitReached" name="test_remove_if_limit_reached" time="0.561"><failure message="TypeError: Address() got unexpected keyword arguments: 'user'">tests/whitebox/test_account_utils.py:232: in test_remove_if_limit_reached
    addr = Address.objects.create(
.venv/lib/python3.12/site-packages/django/db/models/manager.py:87: in manager_method
    return getattr(self.get_queryset(), name)(*args, **kwargs)
           ^^^^^^^^^^^^^^^^^^^^^^^^^^^^^^^^^^^^^^^^^^^^^^^^^^^
.venv/lib/python3.12/site-packages/django/db/models/query.py:663: in create
    obj = self.model(**kwargs)
          ^^^^^^^^^^^^^^^^^^^^
.venv/lib/python3.12/site-packages/django/db/models/base.py:569: in __init__
    raise TypeError(
E   TypeError: Address() got unexpected keyword arguments: 'user'</failure></testcase><testcase classname="tests.whitebox.test_account_utils.TestRemoveOldestAddressIfLimitReached" name="test_remove_if_limit_not_reached" time="0.571"><failure message="TypeError: Address() got unexpected keyword arguments: 'user'">tests/whitebox/test_account_utils.py:257: in test_remove_if_limit_not_reached
    Address.objects.create(
.venv/lib/python3.12/site-packages/django/db/models/manager.py:87: in manager_method
    return getattr(self.get_queryset(), name)(*args, **kwargs)
           ^^^^^^^^^^^^^^^^^^^^^^^^^^^^^^^^^^^^^^^^^^^^^^^^^^^
.venv/lib/python3.12/site-packages/django/db/models/query.py:663: in create
    obj = self.model(**kwargs)
          ^^^^^^^^^^^^^^^^^^^^
.venv/lib/python3.12/site-packages/django/db/models/base.py:569: in __init__
    raise TypeError(
E   TypeError: Address() got unexpected keyword arguments: 'user'</failure></testcase><testcase classname="tests.whitebox.test_account_utils.TestRemoveOldestUserAddress" name="test_remove_oldest_not_default" time="0.564"><failure message="TypeError: Address() got unexpected keyword arguments: 'user'">tests/whitebox/test_account_utils.py:287: in test_remove_oldest_not_default
    oldest = Address.objects.create(
.venv/lib/python3.12/site-packages/django/db/models/manager.py:87: in manager_method
    return getattr(self.get_queryset(), name)(*args, **kwargs)
           ^^^^^^^^^^^^^^^^^^^^^^^^^^^^^^^^^^^^^^^^^^^^^^^^^^^
.venv/lib/python3.12/site-packages/django/db/models/query.py:663: in create
    obj = self.model(**kwargs)
          ^^^^^^^^^^^^^^^^^^^^
.venv/lib/python3.12/site-packages/django/db/models/base.py:569: in __init__
    raise TypeError(
E   TypeError: Address() got unexpected keyword arguments: 'user'</failure></testcase><testcase classname="tests.whitebox.test_account_utils.TestRemoveOldestUserAddress" name="test_remove_oldest_is_default" time="0.565"><failure message="TypeError: Address() got unexpected keyword arguments: 'user'">tests/whitebox/test_account_utils.py:321: in test_remove_oldest_is_default
    oldest = Address.objects.create(
.venv/lib/python3.12/site-packages/django/db/models/manager.py:87: in manager_method
    return getattr(self.get_queryset(), name)(*args, **kwargs)
           ^^^^^^^^^^^^^^^^^^^^^^^^^^^^^^^^^^^^^^^^^^^^^^^^^^^
.venv/lib/python3.12/site-packages/django/db/models/query.py:663: in create
    obj = self.model(**kwargs)
          ^^^^^^^^^^^^^^^^^^^^
.venv/lib/python3.12/site-packages/django/db/models/base.py:569: in __init__
    raise TypeError(
E   TypeError: Address() got unexpected keyword arguments: 'user'</failure></testcase><testcase classname="tests.whitebox.test_checkout_base_calculations.TestBaseCheckoutSubtotal" name="test_base_checkout_subtotal_single_line" time="0.023"><failure message="TypeError: CheckoutLineInfo.__init__() got an unexpected keyword argument 'promotion_discount'">tests/whitebox/test_checkout_base_calculations.py:65: in test_base_checkout_subtotal_single_line
    line_info = CheckoutLineInfo(
E   TypeError: CheckoutLineInfo.__init__() got an unexpected keyword argument 'promotion_discount'</failure></testcase><testcase classname="tests.whitebox.test_checkout_base_calculations.TestBaseCheckoutSubtotal" name="test_base_checkout_subtotal_empty_lines" time="0.005" /><testcase classname="tests.whitebox.test_checkout_base_calculations.TestBaseCheckoutSubtotal" name="test_base_checkout_subtotal_include_voucher_false" time="0.013"><failure message="TypeError: CheckoutLineInfo.__init__() got an unexpected keyword argument 'promotion_discount'">tests/whitebox/test_checkout_base_calculations.py:148: in test_base_checkout_subtotal_include_voucher_false
    line_info = CheckoutLineInfo(
E   TypeError: CheckoutLineInfo.__init__() got an unexpected keyword argument 'promotion_discount'</failure></testcase><testcase classname="tests.whitebox.test_checkout_base_calculations.TestCheckoutTotal" name="test_checkout_total_no_discounts" time="0.011" /><testcase classname="tests.whitebox.test_checkout_base_calculations.TestCheckoutTotal" name="test_checkout_total_with_discount" time="0.008" /><testcase classname="tests.whitebox.test_checkout_base_calculations_comprehensive.TestCalculateBaseLineUnitPrice" name="test_calculate_base_line_unit_price_divides_total_by_quantity" time="0.014"><failure message="TypeError: CheckoutLineInfo.__init__() got an unexpected keyword argument 'undiscounted_unit_price'">tests/whitebox/test_checkout_base_calculations_comprehensive.py:76: in test_calculate_base_line_unit_price_divides_total_by_quantity
    line_info = CheckoutLineInfo(
E   TypeError: CheckoutLineInfo.__init__() got an unexpected keyword argument 'undiscounted_unit_price'</failure></testcase><testcase classname="tests.whitebox.test_checkout_base_calculations_comprehensive.TestCalculateBaseLineTotalPrice" name="test_calculate_base_line_total_price_no_discounts_no_voucher" time="0.013"><failure message="TypeError: CheckoutLineInfo.__init__() got an unexpected keyword argument 'undiscounted_unit_price'">tests/whitebox/test_checkout_base_calculations_comprehensive.py:123: in test_calculate_base_line_total_price_no_discounts_no_voucher
    line_info = CheckoutLineInfo(
E   TypeError: CheckoutLineInfo.__init__() got an unexpected keyword argument 'undiscounted_unit_price'</failure></testcase><testcase classname="tests.whitebox.test_checkout_base_calculations_comprehensive.TestCalculateBaseLineTotalPrice" name="test_calculate_base_line_total_price_with_discounts" time="0.013"><failure message="TypeError: CheckoutLineInfo.__init__() got an unexpected keyword argument 'undiscounted_unit_price'">tests/whitebox/test_checkout_base_calculations_comprehensive.py:168: in test_calculate_base_line_total_price_with_discounts
    line_info = CheckoutLineInfo(
E   TypeError: CheckoutLineInfo.__init__() got an unexpected keyword argument 'undiscounted_unit_price'</failure></testcase><testcase classname="tests.whitebox.test_checkout_base_calculations_comprehensive.TestCalculateBaseLineTotalPrice" name="test_calculate_base_line_total_price_with_voucher_include_true" time="0.013"><failure message="TypeError: CheckoutLineInfo.__init__() got an unexpected keyword argument 'undiscounted_unit_price'">tests/whitebox/test_checkout_base_calculations_comprehensive.py:209: in test_calculate_base_line_total_price_with_voucher_include_true
    line_info = CheckoutLineInfo(
E   TypeError: CheckoutLineInfo.__init__() got an unexpected keyword argument 'undiscounted_unit_price'</failure></testcase><testcase classname="tests.whitebox.test_checkout_base_calculations_comprehensive.TestCalculateBaseLineTotalPrice" name="test_calculate_base_line_total_price_with_voucher_include_false" time="0.013"><failure message="TypeError: CheckoutLineInfo.__init__() got an unexpected keyword argument 'undiscounted_unit_price'">tests/whitebox/test_checkout_base_calculations_comprehensive.py:253: in test_calculate_base_line_total_price_with_voucher_include_false
    line_info = CheckoutLineInfo(
E   TypeError: CheckoutLineInfo.__init__() got an unexpected keyword argument 'undiscounted_unit_price'</failure></testcase><testcase classname="tests.whitebox.test_checkout_base_calculations_comprehensive.TestCalculateUndiscountedBaseLineTotalPrice" name="test_calculate_undiscounted_base_line_total_price" time="0.013"><failure message="TypeError: CheckoutLineInfo.__init__() got an unexpected keyword argument 'undiscounted_unit_price'">tests/whitebox/test_checkout_base_calculations_comprehensive.py:300: in test_calculate_undiscounted_base_line_total_price
    line_info = CheckoutLineInfo(
E   TypeError: CheckoutLineInfo.__init__() got an unexpected keyword argument 'undiscounted_unit_price'</failure></testcase><testcase classname="tests.whitebox.test_checkout_base_calculations_comprehensive.TestCalculateUndiscountedBaseLineUnitPrice" name="test_calculate_undiscounted_base_line_unit_price" time="0.013"><failure message="TypeError: CheckoutLineInfo.__init__() got an unexpected keyword argument 'undiscounted_unit_price'">tests/whitebox/test_checkout_base_calculations_comprehensive.py:347: in test_calculate_undiscounted_base_line_unit_price
    line_info = CheckoutLineInfo(
E   TypeError: CheckoutLineInfo.__init__() got an unexpected keyword argument 'undiscounted_unit_price'</failure></testcase><testcase classname="tests.whitebox.test_checkout_base_calculations_comprehensive.TestBaseCheckoutDeliveryPrice" name="test_base_checkout_delivery_price_no_shipping_voucher" time="0.007" /><testcase classname="tests.whitebox.test_checkout_base_calculations_comprehensive.TestBaseCheckoutDeliveryPrice" name="test_base_checkout_delivery_price_shipping_voucher_include_true" time="0.007" /><testcase classname="tests.whitebox.test_checkout_base_calculations_comprehensive.TestBaseCheckoutDeliveryPrice" name="test_base_checkout_delivery_price_shipping_voucher_include_false" time="0.008" /><testcase classname="tests.whitebox.test_checkout_base_calculations_comprehensive.TestBaseCheckoutDeliveryPrice" name="test_base_checkout_delivery_price_shipping_voucher_discount_exceeds_price" time="0.007" /><testcase classname="tests.whitebox.test_checkout_base_calculations_comprehensive.TestBaseCheckoutUndiscountedDeliveryPrice" name="test_base_checkout_undiscounted_delivery_price_not_shipping_method_info" time="0.007" /><testcase classname="tests.whitebox.test_checkout_base_calculations_comprehensive.TestBaseCheckoutUndiscountedDeliveryPrice" name="test_base_checkout_undiscounted_delivery_price_shipping_method_info" time="0.008" /><testcase classname="tests.whitebox.test_checkout_base_calculations_comprehensive.TestCalculateBasePriceForShippingMethod" name="test_calculate_base_price_no_shipping_method" time="0.010" /><testcase classname="tests.whitebox.test_checkout_base_calculations_comprehensive.TestCalculateBasePriceForShippingMethod" name="test_calculate_base_price_shipping_not_required" time="0.007"><failure message="django.db.utils.IntegrityError: null value in column &quot;shipping_zone_id&quot; of relation &quot;shipping_shippingmethod&quot; violates not-null constraint&#10;DETAIL:  Failing row contains (2, Standard, null, 0, , null, {}, {}, null, null, null, null).">.venv/lib/python3.12/site-packages/django/db/backends/utils.py:105: in _execute
    return self.cursor.execute(sql, params)
           ^^^^^^^^^^^^^^^^^^^^^^^^^^^^^^^^
.venv/lib/python3.12/site-packages/psycopg/cursor.py:117: in execute
    raise ex.with_traceback(None)
E   psycopg.errors.NotNullViolation: null value in column "shipping_zone_id" of relation "shipping_shippingmethod" violates not-null constraint
E   DETAIL:  Failing row contains (2, Standard, null, 0, , null, {}, {}, null, null, null, null).

The above exception was the direct cause of the following exception:
tests/whitebox/test_checkout_base_calculations_comprehensive.py:550: in test_calculate_base_price_shipping_not_required
    shipping_method = ShippingMethod.objects.create(name="Standard")
                      ^^^^^^^^^^^^^^^^^^^^^^^^^^^^^^^^^^^^^^^^^^^^^^
.venv/lib/python3.12/site-packages/django/db/models/manager.py:87: in manager_method
    return getattr(self.get_queryset(), name)(*args, **kwargs)
           ^^^^^^^^^^^^^^^^^^^^^^^^^^^^^^^^^^^^^^^^^^^^^^^^^^^
.venv/lib/python3.12/site-packages/django/db/models/query.py:665: in create
    obj.save(force_insert=True, using=self.db)
.venv/lib/python3.12/site-packages/django/db/models/base.py:902: in save
    self.save_base(
.venv/lib/python3.12/site-packages/django/db/models/base.py:1008: in save_base
    updated = self._save_table(
.venv/lib/python3.12/site-packages/django/db/models/base.py:1169: in _save_table
    results = self._do_insert(
.venv/lib/python3.12/site-packages/django/db/models/base.py:1210: in _do_insert
    return manager._insert(
.venv/lib/python3.12/site-packages/django/db/models/manager.py:87: in manager_method
    return getattr(self.get_queryset(), name)(*args, **kwargs)
           ^^^^^^^^^^^^^^^^^^^^^^^^^^^^^^^^^^^^^^^^^^^^^^^^^^^
.venv/lib/python3.12/site-packages/django/db/models/query.py:1873: in _insert
    return query.get_compiler(using=using).execute_sql(returning_fields)
           ^^^^^^^^^^^^^^^^^^^^^^^^^^^^^^^^^^^^^^^^^^^^^^^^^^^^^^^^^^^^^
.venv/lib/python3.12/site-packages/django/db/models/sql/compiler.py:1882: in execute_sql
    cursor.execute(sql, params)
.venv/lib/python3.12/site-packages/django/db/backends/utils.py:79: in execute
    return self._execute_with_wrappers(
.venv/lib/python3.12/site-packages/django/db/backends/utils.py:92: in _execute_with_wrappers
    return executor(sql, params, many, context)
           ^^^^^^^^^^^^^^^^^^^^^^^^^^^^^^^^^^^^
.venv/lib/python3.12/site-packages/django/db/backends/utils.py:100: in _execute
    with self.db.wrap_database_errors:
.venv/lib/python3.12/site-packages/django/db/utils.py:91: in __exit__
    raise dj_exc_value.with_traceback(traceback) from exc_value
.venv/lib/python3.12/site-packages/django/db/backends/utils.py:105: in _execute
    return self.cursor.execute(sql, params)
           ^^^^^^^^^^^^^^^^^^^^^^^^^^^^^^^^
.venv/lib/python3.12/site-packages/psycopg/cursor.py:117: in execute
    raise ex.with_traceback(None)
E   django.db.utils.IntegrityError: null value in column "shipping_zone_id" of relation "shipping_shippingmethod" violates not-null constraint
E   DETAIL:  Failing row contains (2, Standard, null, 0, , null, {}, {}, null, null, null, null).</failure></testcase><testcase classname="tests.whitebox.test_checkout_base_calculations_comprehensive.TestCalculateBasePriceForShippingMethod" name="test_calculate_base_price_shipping_required_with_method" time="0.007"><failure message="django.db.utils.IntegrityError: null value in column &quot;shipping_zone_id&quot; of relation &quot;shipping_shippingmethod&quot; violates not-null constraint&#10;DETAIL:  Failing row contains (3, Standard, null, 0, , null, {}, {}, null, null, null, null).">.venv/lib/python3.12/site-packages/django/db/backends/utils.py:105: in _execute
    return self.cursor.execute(sql, params)
           ^^^^^^^^^^^^^^^^^^^^^^^^^^^^^^^^
.venv/lib/python3.12/site-packages/psycopg/cursor.py:117: in execute
    raise ex.with_traceback(None)
E   psycopg.errors.NotNullViolation: null value in column "shipping_zone_id" of relation "shipping_shippingmethod" violates not-null constraint
E   DETAIL:  Failing row contains (3, Standard, null, 0, , null, {}, {}, null, null, null, null).

The above exception was the direct cause of the following exception:
tests/whitebox/test_checkout_base_calculations_comprehensive.py:575: in test_calculate_base_price_shipping_required_with_method
    shipping_method = ShippingMethod.objects.create(name="Standard")
                      ^^^^^^^^^^^^^^^^^^^^^^^^^^^^^^^^^^^^^^^^^^^^^^
.venv/lib/python3.12/site-packages/django/db/models/manager.py:87: in manager_method
    return getattr(self.get_queryset(), name)(*args, **kwargs)
           ^^^^^^^^^^^^^^^^^^^^^^^^^^^^^^^^^^^^^^^^^^^^^^^^^^^
.venv/lib/python3.12/site-packages/django/db/models/query.py:665: in create
    obj.save(force_insert=True, using=self.db)
.venv/lib/python3.12/site-packages/django/db/models/base.py:902: in save
    self.save_base(
.venv/lib/python3.12/site-packages/django/db/models/base.py:1008: in save_base
    updated = self._save_table(
.venv/lib/python3.12/site-packages/django/db/models/base.py:1169: in _save_table
    results = self._do_insert(
.venv/lib/python3.12/site-packages/django/db/models/base.py:1210: in _do_insert
    return manager._insert(
.venv/lib/python3.12/site-packages/django/db/models/manager.py:87: in manager_method
    return getattr(self.get_queryset(), name)(*args, **kwargs)
           ^^^^^^^^^^^^^^^^^^^^^^^^^^^^^^^^^^^^^^^^^^^^^^^^^^^
.venv/lib/python3.12/site-packages/django/db/models/query.py:1873: in _insert
    return query.get_compiler(using=using).execute_sql(returning_fields)
           ^^^^^^^^^^^^^^^^^^^^^^^^^^^^^^^^^^^^^^^^^^^^^^^^^^^^^^^^^^^^^
.venv/lib/python3.12/site-packages/django/db/models/sql/compiler.py:1882: in execute_sql
    cursor.execute(sql, params)
.venv/lib/python3.12/site-packages/django/db/backends/utils.py:79: in execute
    return self._execute_with_wrappers(
.venv/lib/python3.12/site-packages/django/db/backends/utils.py:92: in _execute_with_wrappers
    return executor(sql, params, many, context)
           ^^^^^^^^^^^^^^^^^^^^^^^^^^^^^^^^^^^^
.venv/lib/python3.12/site-packages/django/db/backends/utils.py:100: in _execute
    with self.db.wrap_database_errors:
.venv/lib/python3.12/site-packages/django/db/utils.py:91: in __exit__
    raise dj_exc_value.with_traceback(traceback) from exc_value
.venv/lib/python3.12/site-packages/django/db/backends/utils.py:105: in _execute
    return self.cursor.execute(sql, params)
           ^^^^^^^^^^^^^^^^^^^^^^^^^^^^^^^^
.venv/lib/python3.12/site-packages/psycopg/cursor.py:117: in execute
    raise ex.with_traceback(None)
E   django.db.utils.IntegrityError: null value in column "shipping_zone_id" of relation "shipping_shippingmethod" violates not-null constraint
E   DETAIL:  Failing row contains (3, Standard, null, 0, , null, {}, {}, null, null, null, null).</failure></testcase><testcase classname="tests.whitebox.test_checkout_base_calculations_comprehensive.TestCalculateBasePriceForShippingMethod" name="test_calculate_base_price_uses_lines_for_shipping_required" time="0.007"><failure message="django.db.utils.IntegrityError: null value in column &quot;shipping_zone_id&quot; of relation &quot;shipping_shippingmethod&quot; violates not-null constraint&#10;DETAIL:  Failing row contains (4, Standard, null, 0, , null, {}, {}, null, null, null, null).">.venv/lib/python3.12/site-packages/django/db/backends/utils.py:105: in _execute
    return self.cursor.execute(sql, params)
           ^^^^^^^^^^^^^^^^^^^^^^^^^^^^^^^^
.venv/lib/python3.12/site-packages/psycopg/cursor.py:117: in execute
    raise ex.with_traceback(None)
E   psycopg.errors.NotNullViolation: null value in column "shipping_zone_id" of relation "shipping_shippingmethod" violates not-null constraint
E   DETAIL:  Failing row contains (4, Standard, null, 0, , null, {}, {}, null, null, null, null).

The above exception was the direct cause of the following exception:
tests/whitebox/test_checkout_base_calculations_comprehensive.py:601: in test_calculate_base_price_uses_lines_for_shipping_required
    shipping_method = ShippingMethod.objects.create(name="Standard")
                      ^^^^^^^^^^^^^^^^^^^^^^^^^^^^^^^^^^^^^^^^^^^^^^
.venv/lib/python3.12/site-packages/django/db/models/manager.py:87: in manager_method
    return getattr(self.get_queryset(), name)(*args, **kwargs)
           ^^^^^^^^^^^^^^^^^^^^^^^^^^^^^^^^^^^^^^^^^^^^^^^^^^^
.venv/lib/python3.12/site-packages/django/db/models/query.py:665: in create
    obj.save(force_insert=True, using=self.db)
.venv/lib/python3.12/site-packages/django/db/models/base.py:902: in save
    self.save_base(
.venv/lib/python3.12/site-packages/django/db/models/base.py:1008: in save_base
    updated = self._save_table(
.venv/lib/python3.12/site-packages/django/db/models/base.py:1169: in _save_table
    results = self._do_insert(
.venv/lib/python3.12/site-packages/django/db/models/base.py:1210: in _do_insert
    return manager._insert(
.venv/lib/python3.12/site-packages/django/db/models/manager.py:87: in manager_method
    return getattr(self.get_queryset(), name)(*args, **kwargs)
           ^^^^^^^^^^^^^^^^^^^^^^^^^^^^^^^^^^^^^^^^^^^^^^^^^^^
.venv/lib/python3.12/site-packages/django/db/models/query.py:1873: in _insert
    return query.get_compiler(using=using).execute_sql(returning_fields)
           ^^^^^^^^^^^^^^^^^^^^^^^^^^^^^^^^^^^^^^^^^^^^^^^^^^^^^^^^^^^^^
.venv/lib/python3.12/site-packages/django/db/models/sql/compiler.py:1882: in execute_sql
    cursor.execute(sql, params)
.venv/lib/python3.12/site-packages/django/db/backends/utils.py:79: in execute
    return self._execute_with_wrappers(
.venv/lib/python3.12/site-packages/django/db/backends/utils.py:92: in _execute_with_wrappers
    return executor(sql, params, many, context)
           ^^^^^^^^^^^^^^^^^^^^^^^^^^^^^^^^^^^^
.venv/lib/python3.12/site-packages/django/db/backends/utils.py:100: in _execute
    with self.db.wrap_database_errors:
.venv/lib/python3.12/site-packages/django/db/utils.py:91: in __exit__
    raise dj_exc_value.with_traceback(traceback) from exc_value
.venv/lib/python3.12/site-packages/django/db/backends/utils.py:105: in _execute
    return self.cursor.execute(sql, params)
           ^^^^^^^^^^^^^^^^^^^^^^^^^^^^^^^^
.venv/lib/python3.12/site-packages/psycopg/cursor.py:117: in execute
    raise ex.with_traceback(None)
E   django.db.utils.IntegrityError: null value in column "shipping_zone_id" of relation "shipping_shippingmethod" violates not-null constraint
E   DETAIL:  Failing row contains (4, Standard, null, 0, , null, {}, {}, null, null, null, null).</failure></testcase><testcase classname="tests.whitebox.test_checkout_base_calculations_comprehensive.TestBaseCheckoutTotal" name="test_base_checkout_total_sums_subtotal_and_shipping" time="0.010" /><testcase classname="tests.whitebox.test_checkout_base_calculations_comprehensive.TestBaseCheckoutSubtotal" name="test_base_checkout_subtotal_empty_lines" time="0.005" /><testcase classname="tests.whitebox.test_checkout_base_calculations_comprehensive.TestBaseCheckoutSubtotal" name="test_base_checkout_subtotal_multiple_lines" time="0.015"><failure message="TypeError: CheckoutLineInfo.__init__() got an unexpected keyword argument 'undiscounted_unit_price'">tests/whitebox/test_checkout_base_calculations_comprehensive.py:698: in test_base_checkout_subtotal_multiple_lines
    line_info1 = CheckoutLineInfo(
E   TypeError: CheckoutLineInfo.__init__() got an unexpected keyword argument 'undiscounted_unit_price'</failure></testcase><testcase classname="tests.whitebox.test_checkout_base_calculations_comprehensive.TestCheckoutTotal" name="test_checkout_total_calculates_with_gift_cards" time="0.008"><failure message="AttributeError: &lt;module 'saleor.checkout.base_calculations' from '/home/haroon/SQE/SQE_Project_Saleor/saleor/checkout/base_calculations.py'&gt; does not have the attribute 'calculate_checkout_total_with_gift_cards'">tests/whitebox/test_checkout_base_calculations_comprehensive.py:753: in test_checkout_total_calculates_with_gift_cards
    with patch('saleor.checkout.base_calculations.calculate_checkout_total_with_gift_cards') as mock_calc:
/usr/lib/python3.12/unittest/mock.py:1458: in __enter__
    original, local = self.get_original()
                      ^^^^^^^^^^^^^^^^^^^
/usr/lib/python3.12/unittest/mock.py:1431: in get_original
    raise AttributeError(
E   AttributeError: &lt;module 'saleor.checkout.base_calculations' from '/home/haroon/SQE/SQE_Project_Saleor/saleor/checkout/base_calculations.py'&gt; does not have the attribute 'calculate_checkout_total_with_gift_cards'</failure></testcase><testcase classname="tests.whitebox.test_checkout_base_calculations_comprehensive.TestGetLineTotalPriceWithPropagatedCheckoutDiscount" name="test_get_line_total_price_finds_line" time="0.015"><failure message="TypeError: CheckoutLineInfo.__init__() got an unexpected keyword argument 'undiscounted_unit_price'">tests/whitebox/test_checkout_base_calculations_comprehensive.py:792: in test_get_line_total_price_finds_line
    line_info = CheckoutLineInfo(
E   TypeError: CheckoutLineInfo.__init__() got an unexpected keyword argument 'undiscounted_unit_price'</failure></testcase><testcase classname="tests.whitebox.test_checkout_base_calculations_comprehensive.TestGetLineTotalPriceWithPropagatedCheckoutDiscount" name="test_get_line_total_price_line_not_found" time="0.015"><failure message="TypeError: CheckoutLineInfo.__init__() got an unexpected keyword argument 'undiscounted_unit_price'">tests/whitebox/test_checkout_base_calculations_comprehensive.py:846: in test_get_line_total_price_line_not_found
    line_info1 = CheckoutLineInfo(
E   TypeError: CheckoutLineInfo.__init__() got an unexpected keyword argument 'undiscounted_unit_price'</failure></testcase><testcase classname="tests.whitebox.test_checkout_base_calculations_comprehensive.TestPropagateCheckoutDiscountOnCheckoutLinesPrices" name="test_propagate_checkout_discount_single_line" time="0.014"><failure message="TypeError: CheckoutLineInfo.__init__() got an unexpected keyword argument 'undiscounted_unit_price'">tests/whitebox/test_checkout_base_calculations_comprehensive.py:911: in test_propagate_checkout_discount_single_line
    line_info = CheckoutLineInfo(
E   TypeError: CheckoutLineInfo.__init__() got an unexpected keyword argument 'undiscounted_unit_price'</failure></testcase><testcase classname="tests.whitebox.test_checkout_base_calculations_comprehensive.TestPropagateCheckoutDiscountOnCheckoutLinesPrices" name="test_propagate_checkout_discount_multiple_lines" time="0.014"><failure message="TypeError: CheckoutLineInfo.__init__() got an unexpected keyword argument 'undiscounted_unit_price'">tests/whitebox/test_checkout_base_calculations_comprehensive.py:965: in test_propagate_checkout_discount_multiple_lines
    line_info1 = CheckoutLineInfo(
E   TypeError: CheckoutLineInfo.__init__() got an unexpected keyword argument 'undiscounted_unit_price'</failure></testcase><testcase classname="tests.whitebox.test_checkout_base_calculations_extensive.TestCalculateBaseLineUnitPrice" name="test_calculate_base_line_unit_price_returns_channel_listing_price" time="0.012"><failure message="TypeError: calculate_base_line_unit_price() takes 1 positional argument but 3 were given">tests/whitebox/test_checkout_base_calculations_extensive.py:67: in test_calculate_base_line_unit_price_returns_channel_listing_price
    result = calculate_base_line_unit_price(line_info, channel, "USD")
             ^^^^^^^^^^^^^^^^^^^^^^^^^^^^^^^^^^^^^^^^^^^^^^^^^^^^^^^^^
E   TypeError: calculate_base_line_unit_price() takes 1 positional argument but 3 were given</failure></testcase><testcase classname="tests.whitebox.test_checkout_base_calculations_extensive.TestCalculateBaseLineUnitPrice" name="test_calculate_base_line_unit_price_handles_custom_price" time="0.012"><failure message="TypeError: CheckoutLine() got unexpected keyword arguments: 'price_override_amount'">tests/whitebox/test_checkout_base_calculations_extensive.py:91: in test_calculate_base_line_unit_price_handles_custom_price
    line = CheckoutLine.objects.create(
.venv/lib/python3.12/site-packages/django/db/models/manager.py:87: in manager_method
    return getattr(self.get_queryset(), name)(*args, **kwargs)
           ^^^^^^^^^^^^^^^^^^^^^^^^^^^^^^^^^^^^^^^^^^^^^^^^^^^
.venv/lib/python3.12/site-packages/django/db/models/query.py:663: in create
    obj = self.model(**kwargs)
          ^^^^^^^^^^^^^^^^^^^^
.venv/lib/python3.12/site-packages/django/db/models/base.py:569: in __init__
    raise TypeError(
E   TypeError: CheckoutLine() got unexpected keyword arguments: 'price_override_amount'</failure></testcase><testcase classname="tests.whitebox.test_checkout_base_calculations_extensive.TestCalculateBaseLineTotalPrice" name="test_calculate_base_line_total_price_multiplies_by_quantity" time="0.024"><failure message="TypeError: calculate_base_line_total_price() takes from 1 to 2 positional arguments but 3 were given">tests/whitebox/test_checkout_base_calculations_extensive.py:144: in test_calculate_base_line_total_price_multiplies_by_quantity
    result = calculate_base_line_total_price(line_info, channel, "USD")
             ^^^^^^^^^^^^^^^^^^^^^^^^^^^^^^^^^^^^^^^^^^^^^^^^^^^^^^^^^^
E   TypeError: calculate_base_line_total_price() takes from 1 to 2 positional arguments but 3 were given</failure></testcase><testcase classname="tests.whitebox.test_checkout_base_calculations_extensive.TestBaseCheckoutDeliveryPrice" name="test_base_checkout_delivery_price_returns_zero_when_no_shipping_method" time="0.009" /><testcase classname="tests.whitebox.test_checkout_base_calculations_extensive.TestBaseCheckoutDeliveryPrice" name="test_base_checkout_delivery_price_returns_shipping_method_price" time="0.016"><failure message="AssertionError: assert Money('0.00', 'USD') == Money('10.00', 'USD')&#10; +  where Money('10.00', 'USD') = Money(Decimal('10.00'), 'USD')&#10; +    where Decimal('10.00') = Decimal('10.00')">tests/whitebox/test_checkout_base_calculations_extensive.py:209: in test_base_checkout_delivery_price_returns_shipping_method_price
    assert result == Money(Decimal("10.00"), "USD")
E   AssertionError: assert Money('0.00', 'USD') == Money('10.00', 'USD')
E    +  where Money('10.00', 'USD') = Money(Decimal('10.00'), 'USD')
E    +    where Decimal('10.00') = Decimal('10.00')</failure></testcase><testcase classname="tests.whitebox.test_checkout_base_calculations_extensive.TestBaseCheckoutSubtotal" name="test_base_checkout_subtotal_sums_line_totals" time="0.020" /><testcase classname="tests.whitebox.test_checkout_base_calculations_extensive.TestBaseCheckoutTotal" name="test_base_checkout_total_adds_subtotal_and_shipping" time="0.010"><failure message="TypeError: base_checkout_total() got an unexpected keyword argument 'include_voucher'">tests/whitebox/test_checkout_base_calculations_extensive.py:286: in test_base_checkout_total_adds_subtotal_and_shipping
    result = base_checkout_total(checkout_info, lines_info, include_voucher=False)
             ^^^^^^^^^^^^^^^^^^^^^^^^^^^^^^^^^^^^^^^^^^^^^^^^^^^^^^^^^^^^^^^^^^^^^
E   TypeError: base_checkout_total() got an unexpected keyword argument 'include_voucher'</failure></testcase><testcase classname="tests.whitebox.test_checkout_base_calculations_extensive.TestCheckoutTotal" name="test_checkout_total_includes_discounts" time="0.009"><failure message="TypeError: checkout_total() got an unexpected keyword argument 'include_voucher'">tests/whitebox/test_checkout_base_calculations_extensive.py:311: in test_checkout_total_includes_discounts
    result = checkout_total(checkout_info, [], include_voucher=False)
             ^^^^^^^^^^^^^^^^^^^^^^^^^^^^^^^^^^^^^^^^^^^^^^^^^^^^^^^^
E   TypeError: checkout_total() got an unexpected keyword argument 'include_voucher'</failure></testcase><testcase classname="tests.whitebox.test_checkout_base_calculations_extensive.TestGetLineTotalPriceWithPropagatedCheckoutDiscount" name="test_get_line_total_price_with_propagated_discount_applies_discount" time="0.014"><failure message="TypeError: get_line_total_price_with_propagated_checkout_discount() takes 3 positional arguments but 6 were given">tests/whitebox/test_checkout_base_calculations_extensive.py:356: in test_get_line_total_price_with_propagated_discount_applies_discount
    result = get_line_total_price_with_propagated_checkout_discount(
E   TypeError: get_line_total_price_with_propagated_checkout_discount() takes 3 positional arguments but 6 were given</failure></testcase><testcase classname="tests.whitebox.test_checkout_base_calculations_extensive.TestGetLineTotalPriceWithPropagatedCheckoutDiscount" name="test_get_line_total_price_with_propagated_discount_handles_zero_subtotal" time="0.015"><failure message="TypeError: get_line_total_price_with_propagated_checkout_discount() takes 3 positional arguments but 6 were given">tests/whitebox/test_checkout_base_calculations_extensive.py:403: in test_get_line_total_price_with_propagated_discount_handles_zero_subtotal
    result = get_line_total_price_with_propagated_checkout_discount(
E   TypeError: get_line_total_price_with_propagated_checkout_discount() takes 3 positional arguments but 6 were given</failure></testcase><testcase classname="tests.whitebox.test_checkout_base_calculations_extensive.TestCalculateBasePriceForShippingMethod" name="test_calculate_base_price_returns_shipping_method_price" time="0.010"><failure message="AttributeError: 'Channel' object has no attribute 'delivery_method'">tests/whitebox/test_checkout_base_calculations_extensive.py:446: in test_calculate_base_price_returns_shipping_method_price
    result = calculate_base_price_for_shipping_method(
saleor/checkout/base_calculations.py:140: in calculate_base_price_for_shipping_method
    shipping_method = shipping_method_info.delivery_method
                      ^^^^^^^^^^^^^^^^^^^^^^^^^^^^^^^^^^^^
E   AttributeError: 'Channel' object has no attribute 'delivery_method'</failure></testcase><testcase classname="tests.whitebox.test_checkout_base_calculations_extensive.TestCalculateBasePriceForShippingMethod" name="test_calculate_base_price_returns_zero_when_no_method" time="0.006"><failure message="AttributeError: 'Channel' object has no attribute 'delivery_method'">tests/whitebox/test_checkout_base_calculations_extensive.py:462: in test_calculate_base_price_returns_zero_when_no_method
    result = calculate_base_price_for_shipping_method(
saleor/checkout/base_calculations.py:140: in calculate_base_price_for_shipping_method
    shipping_method = shipping_method_info.delivery_method
                      ^^^^^^^^^^^^^^^^^^^^^^^^^^^^^^^^^^^^
E   AttributeError: 'Channel' object has no attribute 'delivery_method'</failure></testcase><testcase classname="tests.whitebox.test_checkout_calculations_comprehensive.TestCalculateBaseLineUnitPrice" name="test_calculate_base_line_unit_price_basic" time="0.019"><failure message="TypeError: CheckoutLineInfo.__init__() got an unexpected keyword argument 'undiscounted_unit_price'">tests/whitebox/test_checkout_calculations_comprehensive.py:78: in test_calculate_base_line_unit_price_basic
    line_info = CheckoutLineInfo(
E   TypeError: CheckoutLineInfo.__init__() got an unexpected keyword argument 'undiscounted_unit_price'</failure></testcase><testcase classname="tests.whitebox.test_checkout_calculations_comprehensive.TestCalculateBaseLineUnitPrice" name="test_calculate_base_line_unit_price_with_discounts" time="0.017"><failure message="TypeError: CheckoutLineInfo.__init__() got an unexpected keyword argument 'undiscounted_unit_price'">tests/whitebox/test_checkout_calculations_comprehensive.py:140: in test_calculate_base_line_unit_price_with_discounts
    line_info = CheckoutLineInfo(
E   TypeError: CheckoutLineInfo.__init__() got an unexpected keyword argument 'undiscounted_unit_price'</failure></testcase><testcase classname="tests.whitebox.test_checkout_calculations_comprehensive.TestCalculateBaseLineTotalPrice" name="test_calculate_base_line_total_price_no_discounts" time="0.017"><failure message="TypeError: CheckoutLineInfo.__init__() got an unexpected keyword argument 'undiscounted_unit_price'">tests/whitebox/test_checkout_calculations_comprehensive.py:207: in test_calculate_base_line_total_price_no_discounts
    line_info = CheckoutLineInfo(
E   TypeError: CheckoutLineInfo.__init__() got an unexpected keyword argument 'undiscounted_unit_price'</failure></testcase><testcase classname="tests.whitebox.test_checkout_calculations_comprehensive.TestCalculateBaseLineTotalPrice" name="test_calculate_base_line_total_price_with_discounts" time="0.016"><failure message="TypeError: CheckoutLineInfo.__init__() got an unexpected keyword argument 'undiscounted_unit_price'">tests/whitebox/test_checkout_calculations_comprehensive.py:268: in test_calculate_base_line_total_price_with_discounts
    line_info = CheckoutLineInfo(
E   TypeError: CheckoutLineInfo.__init__() got an unexpected keyword argument 'undiscounted_unit_price'</failure></testcase><testcase classname="tests.whitebox.test_checkout_calculations_comprehensive.TestCalculateBaseLineTotalPrice" name="test_calculate_base_line_total_price_include_voucher_false" time="0.016"><failure message="AttributeError: property 'code' of 'Voucher' object has no setter">tests/whitebox/test_checkout_calculations_comprehensive.py:327: in test_calculate_base_line_total_price_include_voucher_false
    voucher = Voucher.objects.create(
.venv/lib/python3.12/site-packages/django/db/models/manager.py:87: in manager_method
    return getattr(self.get_queryset(), name)(*args, **kwargs)
           ^^^^^^^^^^^^^^^^^^^^^^^^^^^^^^^^^^^^^^^^^^^^^^^^^^^
.venv/lib/python3.12/site-packages/django/db/models/query.py:663: in create
    obj = self.model(**kwargs)
          ^^^^^^^^^^^^^^^^^^^^
.venv/lib/python3.12/site-packages/django/db/models/base.py:558: in __init__
    _setattr(self, prop, value)
E   AttributeError: property 'code' of 'Voucher' object has no setter</failure></testcase><testcase classname="tests.whitebox.test_checkout_calculations_comprehensive.TestCalculateUndiscountedBaseLineTotalPrice" name="test_calculate_undiscounted_base_line_total_price" time="0.016"><failure message="TypeError: CheckoutLineInfo.__init__() got an unexpected keyword argument 'undiscounted_unit_price'">tests/whitebox/test_checkout_calculations_comprehensive.py:399: in test_calculate_undiscounted_base_line_total_price
    line_info = CheckoutLineInfo(
E   TypeError: CheckoutLineInfo.__init__() got an unexpected keyword argument 'undiscounted_unit_price'</failure></testcase><testcase classname="tests.whitebox.test_checkout_calculations_comprehensive.TestBaseCheckoutDeliveryPrice" name="test_base_checkout_delivery_price_no_voucher" time="0.010"><failure message="AssertionError: assert Decimal('0.00') == Decimal('10.00')&#10; +  where Decimal('0.00') = Money('0.00', 'USD').amount&#10; +  and   Decimal('10.00') = Decimal('10.00')">tests/whitebox/test_checkout_calculations_comprehensive.py:464: in test_base_checkout_delivery_price_no_voucher
    assert delivery_price.amount == Decimal("10.00")
E   AssertionError: assert Decimal('0.00') == Decimal('10.00')
E    +  where Decimal('0.00') = Money('0.00', 'USD').amount
E    +  and   Decimal('10.00') = Decimal('10.00')</failure></testcase><testcase classname="tests.whitebox.test_checkout_utils_comprehensive.TestInvalidateCheckout" name="test_invalidate_checkout_with_recalculate_discount" time="0.014" /><testcase classname="tests.whitebox.test_checkout_utils_comprehensive.TestInvalidateCheckout" name="test_invalidate_checkout_without_recalculate_discount" time="0.015" /><testcase classname="tests.whitebox.test_checkout_utils_comprehensive.TestInvalidateCheckoutPrices" name="test_invalidate_checkout_prices_with_save" time="0.015" /><testcase classname="tests.whitebox.test_checkout_utils_comprehensive.TestInvalidateCheckoutPrices" name="test_invalidate_checkout_prices_without_save" time="0.008" /><testcase classname="tests.whitebox.test_checkout_utils_comprehensive.TestCheckVariantInStock" name="test_check_variant_in_stock_replace_mode" time="0.018" /><testcase classname="tests.whitebox.test_checkout_utils_comprehensive.TestCheckVariantInStock" name="test_check_variant_in_stock_add_mode" time="0.018" /><testcase classname="tests.whitebox.test_checkout_utils_comprehensive.TestCheckVariantInStock" name="test_check_variant_in_stock_no_existing_line" time="0.015" /><testcase classname="tests.whitebox.test_checkout_utils_comprehensive.TestCheckVariantInStock" name="test_check_variant_in_stock_negative_quantity_error" time="0.016" /><testcase classname="tests.whitebox.test_checkout_utils_comprehensive.TestCheckVariantInStock" name="test_check_variant_in_stock_with_check_quantity" time="0.015" /><testcase classname="tests.whitebox.test_checkout_utils_comprehensive.TestAddVariantToCheckout" name="test_add_variant_to_checkout_product_not_published" time="0.014"><failure message="AttributeError: module 'saleor.checkout.utils' has no attribute 'ProductChannelListing'">tests/whitebox/test_checkout_utils_comprehensive.py:318: in test_add_variant_to_checkout_product_not_published
    with patch('saleor.checkout.utils.ProductChannelListing.objects.filter') as mock_filter:
/usr/lib/python3.12/unittest/mock.py:1442: in __enter__
    self.target = self.getter()
                  ^^^^^^^^^^^^^
/usr/lib/python3.12/pkgutil.py:528: in resolve_name
    result = getattr(result, p)
             ^^^^^^^^^^^^^^^^^^
E   AttributeError: module 'saleor.checkout.utils' has no attribute 'ProductChannelListing'</failure></testcase><testcase classname="tests.whitebox.test_checkout_utils_comprehensive.TestAddVariantToCheckout" name="test_add_variant_to_checkout_force_new_line" time="0.016"><failure message="AttributeError: module 'saleor.checkout.utils' has no attribute 'ProductChannelListing'">tests/whitebox/test_checkout_utils_comprehensive.py:355: in test_add_variant_to_checkout_force_new_line
    with patch('saleor.checkout.utils.ProductChannelListing.objects.filter') as mock_filter:
/usr/lib/python3.12/unittest/mock.py:1442: in __enter__
    self.target = self.getter()
                  ^^^^^^^^^^^^^
/usr/lib/python3.12/pkgutil.py:528: in resolve_name
    result = getattr(result, p)
             ^^^^^^^^^^^^^^^^^^
E   AttributeError: module 'saleor.checkout.utils' has no attribute 'ProductChannelListing'</failure></testcase><testcase classname="tests.whitebox.test_checkout_utils_comprehensive.TestGetVoucherDiscountForCheckout" name="test_get_voucher_discount_entire_order_apply_once" time="0.010"><failure message="NameError: name 'Money' is not defined">tests/whitebox/test_checkout_utils_comprehensive.py:406: in test_get_voucher_discount_entire_order_apply_once
    Money(Decimal("10.00"), "USD"),
    ^^^^^
E   NameError: name 'Money' is not defined</failure></testcase><testcase classname="tests.whitebox.test_checkout_utils_comprehensive.TestGetVoucherDiscountForCheckout" name="test_get_voucher_discount_entire_order_not_apply_once" time="0.010"><failure message="NameError: name 'Money' is not defined">tests/whitebox/test_checkout_utils_comprehensive.py:442: in test_get_voucher_discount_entire_order_not_apply_once
    mock_subtotal.return_value = Money(Decimal("20.00"), "USD")
                                 ^^^^^
E   NameError: name 'Money' is not defined</failure></testcase><testcase classname="tests.whitebox.test_checkout_utils_comprehensive.TestGetVoucherDiscountForCheckout" name="test_get_voucher_discount_shipping" time="0.009"><failure message="NameError: name 'Money' is not defined">tests/whitebox/test_checkout_utils_comprehensive.py:474: in test_get_voucher_discount_shipping
    mock_shipping.return_value = Money(Decimal("5.00"), "USD")
                                 ^^^^^
E   NameError: name 'Money' is not defined</failure></testcase><testcase classname="tests.whitebox.test_checkout_utils_comprehensive.TestGetVoucherDiscountForCheckout" name="test_get_voucher_discount_specific_product" time="0.010"><failure message="NameError: name 'Money' is not defined">tests/whitebox/test_checkout_utils_comprehensive.py:505: in test_get_voucher_discount_specific_product
    mock_products.return_value = Money(Decimal("3.00"), "USD")
                                 ^^^^^
E   NameError: name 'Money' is not defined</failure></testcase><testcase classname="tests.whitebox.test_checkout_utils_comprehensive.TestGetVoucherDiscountForCheckout" name="test_get_voucher_discount_unknown_type" time="0.009" /><testcase classname="tests.whitebox.test_checkout_utils_comprehensive.TestGetVoucherForCheckout" name="test_get_voucher_for_checkout_no_voucher_code" time="0.007" /><testcase classname="tests.whitebox.test_checkout_utils_comprehensive.TestGetVoucherForCheckout" name="test_get_voucher_for_checkout_voucher_code_not_found" time="0.008" /><testcase classname="tests.whitebox.test_checkout_utils_comprehensive.TestGetVoucherForCheckout" name="test_get_voucher_for_checkout_voucher_code_found" time="0.018"><failure message="assert None == &lt;Voucher: Voucher object (5)&gt;">tests/whitebox/test_checkout_utils_comprehensive.py:600: in test_get_voucher_for_checkout_voucher_code_found
    assert voucher_result == voucher
E   assert None == &lt;Voucher: Voucher object (5)&gt;</failure></testcase><testcase classname="tests.whitebox.test_checkout_utils_comprehensive.TestGetVoucherForCheckout" name="test_get_voucher_for_checkout_usage_increased" time="0.011" /><testcase classname="tests.whitebox.test_checkout_utils_comprehensive.TestRecalculateCheckoutDiscount" name="test_recalculate_checkout_discount_with_voucher" time="0.010"><failure message="NameError: name 'Money' is not defined">tests/whitebox/test_checkout_utils_comprehensive.py:659: in test_recalculate_checkout_discount_with_voucher
    mock_check.return_value = Money(Decimal("5.00"), "USD")
                              ^^^^^
E   NameError: name 'Money' is not defined</failure></testcase><testcase classname="tests.whitebox.test_checkout_utils_comprehensive.TestRecalculateCheckoutDiscount" name="test_recalculate_checkout_discount_no_voucher" time="0.009" /><testcase classname="tests.whitebox.test_checkout_utils_comprehensive.TestIsShippingRequired" name="test_is_shipping_required_true" time="0.014"><failure message="NameError: name 'Money' is not defined">tests/whitebox/test_checkout_utils_comprehensive.py:736: in test_is_shipping_required_true
    undiscounted_unit_price=Money(Decimal("10.00"), "USD")
                            ^^^^^
E   NameError: name 'Money' is not defined</failure></testcase><testcase classname="tests.whitebox.test_checkout_utils_comprehensive.TestIsShippingRequired" name="test_is_shipping_required_false" time="0.014"><failure message="NameError: name 'Money' is not defined">tests/whitebox/test_checkout_utils_comprehensive.py:778: in test_is_shipping_required_false
    undiscounted_unit_price=Money(Decimal("10.00"), "USD")
                            ^^^^^
E   NameError: name 'Money' is not defined</failure></testcase><testcase classname="tests.whitebox.test_checkout_utils_comprehensive.TestCalculateCheckoutWeight" name="test_calculate_checkout_weight_sums_line_weights" time="0.013"><failure message="django.db.utils.IntegrityError: duplicate key value violates unique constraint &quot;product_producttype_slug_key&quot;&#10;DETAIL:  Key (slug)=() already exists.">.venv/lib/python3.12/site-packages/django/db/backends/utils.py:105: in _execute
    return self.cursor.execute(sql, params)
           ^^^^^^^^^^^^^^^^^^^^^^^^^^^^^^^^
.venv/lib/python3.12/site-packages/psycopg/cursor.py:117: in execute
    raise ex.with_traceback(None)
E   psycopg.errors.UniqueViolation: duplicate key value violates unique constraint "product_producttype_slug_key"
E   DETAIL:  Key (slug)=() already exists.

The above exception was the direct cause of the following exception:
tests/whitebox/test_checkout_utils_comprehensive.py:809: in test_calculate_checkout_weight_sums_line_weights
    product_type=ProductType.objects.create(name="Type"),
                 ^^^^^^^^^^^^^^^^^^^^^^^^^^^^^^^^^^^^^^^
.venv/lib/python3.12/site-packages/django/db/models/manager.py:87: in manager_method
    return getattr(self.get_queryset(), name)(*args, **kwargs)
           ^^^^^^^^^^^^^^^^^^^^^^^^^^^^^^^^^^^^^^^^^^^^^^^^^^^
.venv/lib/python3.12/site-packages/django/db/models/query.py:665: in create
    obj.save(force_insert=True, using=self.db)
.venv/lib/python3.12/site-packages/django/db/models/base.py:902: in save
    self.save_base(
.venv/lib/python3.12/site-packages/django/db/models/base.py:1008: in save_base
    updated = self._save_table(
.venv/lib/python3.12/site-packages/django/db/models/base.py:1169: in _save_table
    results = self._do_insert(
.venv/lib/python3.12/site-packages/django/db/models/base.py:1210: in _do_insert
    return manager._insert(
.venv/lib/python3.12/site-packages/django/db/models/manager.py:87: in manager_method
    return getattr(self.get_queryset(), name)(*args, **kwargs)
           ^^^^^^^^^^^^^^^^^^^^^^^^^^^^^^^^^^^^^^^^^^^^^^^^^^^
.venv/lib/python3.12/site-packages/django/db/models/query.py:1873: in _insert
    return query.get_compiler(using=using).execute_sql(returning_fields)
           ^^^^^^^^^^^^^^^^^^^^^^^^^^^^^^^^^^^^^^^^^^^^^^^^^^^^^^^^^^^^^
.venv/lib/python3.12/site-packages/django/db/models/sql/compiler.py:1882: in execute_sql
    cursor.execute(sql, params)
.venv/lib/python3.12/site-packages/django/db/backends/utils.py:79: in execute
    return self._execute_with_wrappers(
.venv/lib/python3.12/site-packages/django/db/backends/utils.py:92: in _execute_with_wrappers
    return executor(sql, params, many, context)
           ^^^^^^^^^^^^^^^^^^^^^^^^^^^^^^^^^^^^
.venv/lib/python3.12/site-packages/django/db/backends/utils.py:100: in _execute
    with self.db.wrap_database_errors:
.venv/lib/python3.12/site-packages/django/db/utils.py:91: in __exit__
    raise dj_exc_value.with_traceback(traceback) from exc_value
.venv/lib/python3.12/site-packages/django/db/backends/utils.py:105: in _execute
    return self.cursor.execute(sql, params)
           ^^^^^^^^^^^^^^^^^^^^^^^^^^^^^^^^
.venv/lib/python3.12/site-packages/psycopg/cursor.py:117: in execute
    raise ex.with_traceback(None)
E   django.db.utils.IntegrityError: duplicate key value violates unique constraint "product_producttype_slug_key"
E   DETAIL:  Key (slug)=() already exists.</failure></testcase><testcase classname="tests.whitebox.test_checkout_utils_comprehensive.TestGetAddressForCheckoutTaxes" name="test_get_address_for_checkout_taxes_uses_shipping_address" time="0.007" /><testcase classname="tests.whitebox.test_checkout_utils_comprehensive.TestGetAddressForCheckoutTaxes" name="test_get_address_for_checkout_taxes_uses_billing_address" time="0.007" /><testcase classname="tests.whitebox.test_checkout_utils_extensive.TestInvalidateCheckout" name="test_invalidate_checkout_sets_should_refresh_prices" time="0.006"><failure message="TypeError: Checkout() got unexpected keyword arguments: 'should_refresh_prices'">tests/whitebox/test_checkout_utils_extensive.py:50: in test_invalidate_checkout_sets_should_refresh_prices
    checkout = Checkout.objects.create(
.venv/lib/python3.12/site-packages/django/db/models/manager.py:87: in manager_method
    return getattr(self.get_queryset(), name)(*args, **kwargs)
           ^^^^^^^^^^^^^^^^^^^^^^^^^^^^^^^^^^^^^^^^^^^^^^^^^^^
.venv/lib/python3.12/site-packages/django/db/models/query.py:663: in create
    obj = self.model(**kwargs)
          ^^^^^^^^^^^^^^^^^^^^
.venv/lib/python3.12/site-packages/django/db/models/base.py:569: in __init__
    raise TypeError(
E   TypeError: Checkout() got unexpected keyword arguments: 'should_refresh_prices'</failure></testcase><testcase classname="tests.whitebox.test_checkout_utils_extensive.TestInvalidateCheckoutPrices" name="test_invalidate_checkout_prices_sets_flag" time="0.006"><failure message="TypeError: Checkout() got unexpected keyword arguments: 'should_refresh_prices'">tests/whitebox/test_checkout_utils_extensive.py:73: in test_invalidate_checkout_prices_sets_flag
    checkout = Checkout.objects.create(
.venv/lib/python3.12/site-packages/django/db/models/manager.py:87: in manager_method
    return getattr(self.get_queryset(), name)(*args, **kwargs)
           ^^^^^^^^^^^^^^^^^^^^^^^^^^^^^^^^^^^^^^^^^^^^^^^^^^^
.venv/lib/python3.12/site-packages/django/db/models/query.py:663: in create
    obj = self.model(**kwargs)
          ^^^^^^^^^^^^^^^^^^^^
.venv/lib/python3.12/site-packages/django/db/models/base.py:569: in __init__
    raise TypeError(
E   TypeError: Checkout() got unexpected keyword arguments: 'should_refresh_prices'</failure></testcase><testcase classname="tests.whitebox.test_checkout_utils_extensive.TestCheckoutLinesBulkUpdate" name="test_checkout_lines_bulk_update_updates_lines" time="0.025" /><testcase classname="tests.whitebox.test_checkout_utils_extensive.TestCheckoutLinesBulkDelete" name="test_checkout_lines_bulk_delete_deletes_lines" time="0.023" /><testcase classname="tests.whitebox.test_checkout_utils_extensive.TestDeleteCheckouts" name="test_delete_checkouts_deletes_specified_checkouts" time="0.009"><failure message="AttributeError: 'Checkout' object has no attribute 'id'">tests/whitebox/test_checkout_utils_extensive.py:192: in test_delete_checkouts_deletes_specified_checkouts
    deleted_count = delete_checkouts([checkout1.id])
                                      ^^^^^^^^^^^^
E   AttributeError: 'Checkout' object has no attribute 'id'</failure></testcase><testcase classname="tests.whitebox.test_checkout_utils_extensive.TestGetUserCheckout" name="test_get_user_checkout_returns_user_checkout" time="0.597"><failure message="AttributeError: 'str' object has no attribute 'filter'">tests/whitebox/test_checkout_utils_extensive.py:217: in test_get_user_checkout_returns_user_checkout
    result = get_user_checkout(user, channel.slug)
             ^^^^^^^^^^^^^^^^^^^^^^^^^^^^^^^^^^^^^
saleor/checkout/utils.py:178: in get_user_checkout
    return checkout_queryset.filter(user=user, channel__is_active=True).first()
           ^^^^^^^^^^^^^^^^^^^^^^^^
E   AttributeError: 'str' object has no attribute 'filter'</failure></testcase><testcase classname="tests.whitebox.test_checkout_utils_extensive.TestGetUserCheckout" name="test_get_user_checkout_returns_none_when_no_checkout" time="0.598"><failure message="AttributeError: 'str' object has no attribute 'filter'">tests/whitebox/test_checkout_utils_extensive.py:230: in test_get_user_checkout_returns_none_when_no_checkout
    result = get_user_checkout(user, channel.slug)
             ^^^^^^^^^^^^^^^^^^^^^^^^^^^^^^^^^^^^^
saleor/checkout/utils.py:178: in get_user_checkout
    return checkout_queryset.filter(user=user, channel__is_active=True).first()
           ^^^^^^^^^^^^^^^^^^^^^^^^
E   AttributeError: 'str' object has no attribute 'filter'</failure></testcase><testcase classname="tests.whitebox.test_checkout_utils_extensive.TestCheckVariantInStock" name="test_check_variant_in_stock_returns_true_when_available" time="0.006"><failure message="django.db.utils.IntegrityError: null value in column &quot;address_id&quot; of relation &quot;warehouse_warehouse&quot; violates not-null constraint&#10;DETAIL:  Failing row contains (99520fef-040b-4a1d-8f06-11b2112a24ed, Test Warehouse, , null, test-warehouse, {}, {}, disabled, t, null).">.venv/lib/python3.12/site-packages/django/db/backends/utils.py:105: in _execute
    return self.cursor.execute(sql, params)
           ^^^^^^^^^^^^^^^^^^^^^^^^^^^^^^^^
.venv/lib/python3.12/site-packages/psycopg/cursor.py:117: in execute
    raise ex.with_traceback(None)
E   psycopg.errors.NotNullViolation: null value in column "address_id" of relation "warehouse_warehouse" violates not-null constraint
E   DETAIL:  Failing row contains (99520fef-040b-4a1d-8f06-11b2112a24ed, Test Warehouse, , null, test-warehouse, {}, {}, disabled, t, null).

The above exception was the direct cause of the following exception:
tests/whitebox/test_checkout_utils_extensive.py:246: in test_check_variant_in_stock_returns_true_when_available
    warehouse = Warehouse.objects.create(
.venv/lib/python3.12/site-packages/django/db/models/manager.py:87: in manager_method
    return getattr(self.get_queryset(), name)(*args, **kwargs)
           ^^^^^^^^^^^^^^^^^^^^^^^^^^^^^^^^^^^^^^^^^^^^^^^^^^^
.venv/lib/python3.12/site-packages/django/db/models/query.py:665: in create
    obj.save(force_insert=True, using=self.db)
.venv/lib/python3.12/site-packages/django/db/models/base.py:902: in save
    self.save_base(
.venv/lib/python3.12/site-packages/django/db/models/base.py:1008: in save_base
    updated = self._save_table(
.venv/lib/python3.12/site-packages/django/db/models/base.py:1169: in _save_table
    results = self._do_insert(
.venv/lib/python3.12/site-packages/django/db/models/base.py:1210: in _do_insert
    return manager._insert(
.venv/lib/python3.12/site-packages/django/db/models/manager.py:87: in manager_method
    return getattr(self.get_queryset(), name)(*args, **kwargs)
           ^^^^^^^^^^^^^^^^^^^^^^^^^^^^^^^^^^^^^^^^^^^^^^^^^^^
.venv/lib/python3.12/site-packages/django/db/models/query.py:1873: in _insert
    return query.get_compiler(using=using).execute_sql(returning_fields)
           ^^^^^^^^^^^^^^^^^^^^^^^^^^^^^^^^^^^^^^^^^^^^^^^^^^^^^^^^^^^^^
.venv/lib/python3.12/site-packages/django/db/models/sql/compiler.py:1882: in execute_sql
    cursor.execute(sql, params)
.venv/lib/python3.12/site-packages/django/db/backends/utils.py:79: in execute
    return self._execute_with_wrappers(
.venv/lib/python3.12/site-packages/django/db/backends/utils.py:92: in _execute_with_wrappers
    return executor(sql, params, many, context)
           ^^^^^^^^^^^^^^^^^^^^^^^^^^^^^^^^^^^^
.venv/lib/python3.12/site-packages/django/db/backends/utils.py:100: in _execute
    with self.db.wrap_database_errors:
.venv/lib/python3.12/site-packages/django/db/utils.py:91: in __exit__
    raise dj_exc_value.with_traceback(traceback) from exc_value
.venv/lib/python3.12/site-packages/django/db/backends/utils.py:105: in _execute
    return self.cursor.execute(sql, params)
           ^^^^^^^^^^^^^^^^^^^^^^^^^^^^^^^^
.venv/lib/python3.12/site-packages/psycopg/cursor.py:117: in execute
    raise ex.with_traceback(None)
E   django.db.utils.IntegrityError: null value in column "address_id" of relation "warehouse_warehouse" violates not-null constraint
E   DETAIL:  Failing row contains (99520fef-040b-4a1d-8f06-11b2112a24ed, Test Warehouse, , null, test-warehouse, {}, {}, disabled, t, null).</failure></testcase><testcase classname="tests.whitebox.test_checkout_utils_extensive.TestCheckVariantInStock" name="test_check_variant_in_stock_returns_false_when_not_enough" time="0.006"><failure message="django.db.utils.IntegrityError: null value in column &quot;address_id&quot; of relation &quot;warehouse_warehouse&quot; violates not-null constraint&#10;DETAIL:  Failing row contains (c4ccffb5-25f4-4ec6-9162-5e032145422d, Test Warehouse, , null, test-warehouse, {}, {}, disabled, t, null).">.venv/lib/python3.12/site-packages/django/db/backends/utils.py:105: in _execute
    return self.cursor.execute(sql, params)
           ^^^^^^^^^^^^^^^^^^^^^^^^^^^^^^^^
.venv/lib/python3.12/site-packages/psycopg/cursor.py:117: in execute
    raise ex.with_traceback(None)
E   psycopg.errors.NotNullViolation: null value in column "address_id" of relation "warehouse_warehouse" violates not-null constraint
E   DETAIL:  Failing row contains (c4ccffb5-25f4-4ec6-9162-5e032145422d, Test Warehouse, , null, test-warehouse, {}, {}, disabled, t, null).

The above exception was the direct cause of the following exception:
tests/whitebox/test_checkout_utils_extensive.py:277: in test_check_variant_in_stock_returns_false_when_not_enough
    warehouse = Warehouse.objects.create(
.venv/lib/python3.12/site-packages/django/db/models/manager.py:87: in manager_method
    return getattr(self.get_queryset(), name)(*args, **kwargs)
           ^^^^^^^^^^^^^^^^^^^^^^^^^^^^^^^^^^^^^^^^^^^^^^^^^^^
.venv/lib/python3.12/site-packages/django/db/models/query.py:665: in create
    obj.save(force_insert=True, using=self.db)
.venv/lib/python3.12/site-packages/django/db/models/base.py:902: in save
    self.save_base(
.venv/lib/python3.12/site-packages/django/db/models/base.py:1008: in save_base
    updated = self._save_table(
.venv/lib/python3.12/site-packages/django/db/models/base.py:1169: in _save_table
    results = self._do_insert(
.venv/lib/python3.12/site-packages/django/db/models/base.py:1210: in _do_insert
    return manager._insert(
.venv/lib/python3.12/site-packages/django/db/models/manager.py:87: in manager_method
    return getattr(self.get_queryset(), name)(*args, **kwargs)
           ^^^^^^^^^^^^^^^^^^^^^^^^^^^^^^^^^^^^^^^^^^^^^^^^^^^
.venv/lib/python3.12/site-packages/django/db/models/query.py:1873: in _insert
    return query.get_compiler(using=using).execute_sql(returning_fields)
           ^^^^^^^^^^^^^^^^^^^^^^^^^^^^^^^^^^^^^^^^^^^^^^^^^^^^^^^^^^^^^
.venv/lib/python3.12/site-packages/django/db/models/sql/compiler.py:1882: in execute_sql
    cursor.execute(sql, params)
.venv/lib/python3.12/site-packages/django/db/backends/utils.py:79: in execute
    return self._execute_with_wrappers(
.venv/lib/python3.12/site-packages/django/db/backends/utils.py:92: in _execute_with_wrappers
    return executor(sql, params, many, context)
           ^^^^^^^^^^^^^^^^^^^^^^^^^^^^^^^^^^^^
.venv/lib/python3.12/site-packages/django/db/backends/utils.py:100: in _execute
    with self.db.wrap_database_errors:
.venv/lib/python3.12/site-packages/django/db/utils.py:91: in __exit__
    raise dj_exc_value.with_traceback(traceback) from exc_value
.venv/lib/python3.12/site-packages/django/db/backends/utils.py:105: in _execute
    return self.cursor.execute(sql, params)
           ^^^^^^^^^^^^^^^^^^^^^^^^^^^^^^^^
.venv/lib/python3.12/site-packages/psycopg/cursor.py:117: in execute
    raise ex.with_traceback(None)
E   django.db.utils.IntegrityError: null value in column "address_id" of relation "warehouse_warehouse" violates not-null constraint
E   DETAIL:  Failing row contains (c4ccffb5-25f4-4ec6-9162-5e032145422d, Test Warehouse, , null, test-warehouse, {}, {}, disabled, t, null).</failure></testcase><testcase classname="tests.whitebox.test_checkout_utils_extensive.TestAddVariantToCheckout" name="test_add_variant_to_checkout_creates_new_line" time="0.012"><failure message="AttributeError: 'Checkout' object has no attribute 'checkout'">tests/whitebox/test_checkout_utils_extensive.py:327: in test_add_variant_to_checkout_creates_new_line
    line = add_variant_to_checkout(checkout, variant, 2, channel.slug, "US")
           ^^^^^^^^^^^^^^^^^^^^^^^^^^^^^^^^^^^^^^^^^^^^^^^^^^^^^^^^^^^^^^^^^
saleor/checkout/utils.py:231: in add_variant_to_checkout
    checkout = checkout_info.checkout
               ^^^^^^^^^^^^^^^^^^^^^^
E   AttributeError: 'Checkout' object has no attribute 'checkout'</failure></testcase><testcase classname="tests.whitebox.test_checkout_utils_extensive.TestAddVariantToCheckout" name="test_add_variant_to_checkout_increases_existing_line" time="0.012"><failure message="TypeError: add_variant_to_checkout() got multiple values for argument 'replace'">tests/whitebox/test_checkout_utils_extensive.py:359: in test_add_variant_to_checkout_increases_existing_line
    line = add_variant_to_checkout(checkout, variant, 3, channel.slug, "US", replace=False)
           ^^^^^^^^^^^^^^^^^^^^^^^^^^^^^^^^^^^^^^^^^^^^^^^^^^^^^^^^^^^^^^^^^^^^^^^^^^^^^^^^
E   TypeError: add_variant_to_checkout() got multiple values for argument 'replace'</failure></testcase><testcase classname="tests.whitebox.test_checkout_utils_extensive.TestCalculateCheckoutQuantity" name="test_calculate_checkout_quantity_sums_line_quantities" time="0.014" /><testcase classname="tests.whitebox.test_checkout_utils_extensive.TestChangeBillingAddressInCheckout" name="test_change_billing_address_sets_billing_address" time="0.008"><failure message="TypeError: change_billing_address_in_checkout() got an unexpected keyword argument 'save'">tests/whitebox/test_checkout_utils_extensive.py:434: in test_change_billing_address_sets_billing_address
    change_billing_address_in_checkout(checkout, address, save=True)
E   TypeError: change_billing_address_in_checkout() got an unexpected keyword argument 'save'</failure></testcase><testcase classname="tests.whitebox.test_checkout_utils_extensive.TestChangeShippingAddressInCheckout" name="test_change_shipping_address_sets_shipping_address" time="0.011"><failure message="TypeError: change_shipping_address_in_checkout() got an unexpected keyword argument 'save'">tests/whitebox/test_checkout_utils_extensive.py:463: in test_change_shipping_address_sets_shipping_address
    change_shipping_address_in_checkout(checkout, address, save=True)
E   TypeError: change_shipping_address_in_checkout() got an unexpected keyword argument 'save'</failure></testcase><testcase classname="tests.whitebox.test_checkout_utils_extensive.TestGetVoucherForCheckout" name="test_get_voucher_for_checkout_returns_voucher_when_code_exists" time="0.008"><failure message="AttributeError: property 'code' of 'Voucher' object has no setter">tests/whitebox/test_checkout_utils_extensive.py:480: in test_get_voucher_for_checkout_returns_voucher_when_code_exists
    voucher = Voucher.objects.create(
.venv/lib/python3.12/site-packages/django/db/models/manager.py:87: in manager_method
    return getattr(self.get_queryset(), name)(*args, **kwargs)
           ^^^^^^^^^^^^^^^^^^^^^^^^^^^^^^^^^^^^^^^^^^^^^^^^^^^
.venv/lib/python3.12/site-packages/django/db/models/query.py:663: in create
    obj = self.model(**kwargs)
          ^^^^^^^^^^^^^^^^^^^^
.venv/lib/python3.12/site-packages/django/db/models/base.py:558: in __init__
    _setattr(self, prop, value)
E   AttributeError: property 'code' of 'Voucher' object has no setter</failure></testcase><testcase classname="tests.whitebox.test_checkout_utils_extensive.TestGetVoucherForCheckout" name="test_get_voucher_for_checkout_returns_none_when_no_code" time="0.007"><failure message="TypeError: get_voucher_for_checkout() missing 1 required positional argument: 'channel_slug'">tests/whitebox/test_checkout_utils_extensive.py:508: in test_get_voucher_for_checkout_returns_none_when_no_code
    result = get_voucher_for_checkout(checkout)
             ^^^^^^^^^^^^^^^^^^^^^^^^^^^^^^^^^^
E   TypeError: get_voucher_for_checkout() missing 1 required positional argument: 'channel_slug'</failure></testcase><testcase classname="tests.whitebox.test_core_metadata.TestModelWithMetadataStatementCoverage" name="test_get_value_from_private_metadata_key_exists" time="0.010" /><testcase classname="tests.whitebox.test_core_metadata.TestModelWithMetadataStatementCoverage" name="test_get_value_from_private_metadata_key_not_exists" time="0.009" /><testcase classname="tests.whitebox.test_core_metadata.TestModelWithMetadataStatementCoverage" name="test_store_value_in_private_metadata_metadata_exists" time="0.008" /><testcase classname="tests.whitebox.test_core_metadata.TestModelWithMetadataStatementCoverage" name="test_store_value_in_private_metadata_metadata_none" time="0.009" /><testcase classname="tests.whitebox.test_core_metadata.TestModelWithMetadataStatementCoverage" name="test_clear_private_metadata" time="0.009" /><testcase classname="tests.whitebox.test_core_metadata.TestModelWithMetadataStatementCoverage" name="test_delete_value_from_private_metadata_key_exists" time="0.009" /><testcase classname="tests.whitebox.test_core_metadata.TestModelWithMetadataStatementCoverage" name="test_delete_value_from_private_metadata_key_not_exists" time="0.009" /><testcase classname="tests.whitebox.test_core_metadata.TestModelWithMetadataStatementCoverage" name="test_get_value_from_metadata_key_exists" time="0.010" /><testcase classname="tests.whitebox.test_core_metadata.TestModelWithMetadataStatementCoverage" name="test_get_value_from_metadata_key_not_exists" time="0.010" /><testcase classname="tests.whitebox.test_core_metadata.TestModelWithMetadataStatementCoverage" name="test_store_value_in_metadata_metadata_exists" time="0.009" /><testcase classname="tests.whitebox.test_core_metadata.TestModelWithMetadataStatementCoverage" name="test_store_value_in_metadata_metadata_none" time="0.009" /><testcase classname="tests.whitebox.test_core_metadata.TestModelWithMetadataStatementCoverage" name="test_clear_metadata" time="0.009" /><testcase classname="tests.whitebox.test_core_metadata.TestModelWithMetadataStatementCoverage" name="test_delete_value_from_metadata_key_exists" time="0.009" /><testcase classname="tests.whitebox.test_core_metadata.TestModelWithMetadataStatementCoverage" name="test_delete_value_from_metadata_key_not_exists" time="0.010" /><testcase classname="tests.whitebox.test_core_metadata.TestModelWithMetadataDecisionCoverage" name="test_decision_private_metadata_key_in_true" time="0.009" /><testcase classname="tests.whitebox.test_core_metadata.TestModelWithMetadataDecisionCoverage" name="test_decision_private_metadata_key_in_false" time="0.009" /><testcase classname="tests.whitebox.test_core_metadata.TestModelWithMetadataDecisionCoverage" name="test_decision_metadata_key_in_true" time="0.009" /><testcase classname="tests.whitebox.test_core_metadata.TestModelWithMetadataDecisionCoverage" name="test_decision_metadata_key_in_false" time="0.009" /><testcase classname="tests.whitebox.test_core_metadata.TestPublishableModelIsVisible" name="test_is_visible_published_true_published_at_none" time="0.008"><failure message="TypeError: Product() got unexpected keyword arguments: 'is_published', 'published_at'">tests/whitebox/test_core_metadata.py:362: in test_is_visible_published_true_published_at_none
    product = Product.objects.create(
.venv/lib/python3.12/site-packages/django/db/models/manager.py:87: in manager_method
    return getattr(self.get_queryset(), name)(*args, **kwargs)
           ^^^^^^^^^^^^^^^^^^^^^^^^^^^^^^^^^^^^^^^^^^^^^^^^^^^
.venv/lib/python3.12/site-packages/django/db/models/query.py:663: in create
    obj = self.model(**kwargs)
          ^^^^^^^^^^^^^^^^^^^^
.venv/lib/python3.12/site-packages/django/db/models/base.py:569: in __init__
    raise TypeError(
E   TypeError: Product() got unexpected keyword arguments: 'is_published', 'published_at'</failure></testcase><testcase classname="tests.whitebox.test_core_metadata.TestPublishableModelIsVisible" name="test_is_visible_published_true_published_at_past" time="0.007"><failure message="TypeError: Product() got unexpected keyword arguments: 'is_published', 'published_at'">tests/whitebox/test_core_metadata.py:380: in test_is_visible_published_true_published_at_past
    product = Product.objects.create(
.venv/lib/python3.12/site-packages/django/db/models/manager.py:87: in manager_method
    return getattr(self.get_queryset(), name)(*args, **kwargs)
           ^^^^^^^^^^^^^^^^^^^^^^^^^^^^^^^^^^^^^^^^^^^^^^^^^^^
.venv/lib/python3.12/site-packages/django/db/models/query.py:663: in create
    obj = self.model(**kwargs)
          ^^^^^^^^^^^^^^^^^^^^
.venv/lib/python3.12/site-packages/django/db/models/base.py:569: in __init__
    raise TypeError(
E   TypeError: Product() got unexpected keyword arguments: 'is_published', 'published_at'</failure></testcase><testcase classname="tests.whitebox.test_core_metadata.TestPublishableModelIsVisible" name="test_is_visible_published_true_published_at_future" time="0.008"><failure message="TypeError: Product() got unexpected keyword arguments: 'is_published', 'published_at'">tests/whitebox/test_core_metadata.py:398: in test_is_visible_published_true_published_at_future
    product = Product.objects.create(
.venv/lib/python3.12/site-packages/django/db/models/manager.py:87: in manager_method
    return getattr(self.get_queryset(), name)(*args, **kwargs)
           ^^^^^^^^^^^^^^^^^^^^^^^^^^^^^^^^^^^^^^^^^^^^^^^^^^^
.venv/lib/python3.12/site-packages/django/db/models/query.py:663: in create
    obj = self.model(**kwargs)
          ^^^^^^^^^^^^^^^^^^^^
.venv/lib/python3.12/site-packages/django/db/models/base.py:569: in __init__
    raise TypeError(
E   TypeError: Product() got unexpected keyword arguments: 'is_published', 'published_at'</failure></testcase><testcase classname="tests.whitebox.test_core_metadata.TestPublishableModelIsVisible" name="test_is_visible_published_false" time="0.007"><failure message="TypeError: Product() got unexpected keyword arguments: 'is_published', 'published_at'">tests/whitebox/test_core_metadata.py:416: in test_is_visible_published_false
    product = Product.objects.create(
.venv/lib/python3.12/site-packages/django/db/models/manager.py:87: in manager_method
    return getattr(self.get_queryset(), name)(*args, **kwargs)
           ^^^^^^^^^^^^^^^^^^^^^^^^^^^^^^^^^^^^^^^^^^^^^^^^^^^
.venv/lib/python3.12/site-packages/django/db/models/query.py:663: in create
    obj = self.model(**kwargs)
          ^^^^^^^^^^^^^^^^^^^^
.venv/lib/python3.12/site-packages/django/db/models/base.py:569: in __init__
    raise TypeError(
E   TypeError: Product() got unexpected keyword arguments: 'is_published', 'published_at'</failure></testcase><testcase classname="tests.whitebox.test_core_models.TestSortableModelStatementCoverage" name="test_save_new_object_no_existing_max" time="0.006"><failure message="AttributeError: 'Category' object has no attribute 'sort_order'">tests/whitebox/test_core_models.py:34: in test_save_new_object_no_existing_max
    assert category.sort_order == 0
           ^^^^^^^^^^^^^^^^^^^
E   AttributeError: 'Category' object has no attribute 'sort_order'</failure></testcase><testcase classname="tests.whitebox.test_core_models.TestSortableModelStatementCoverage" name="test_save_new_object_with_existing_max" time="0.009"><failure message="NameError: name 'Collection' is not defined">tests/whitebox/test_core_models.py:56: in test_save_new_object_with_existing_max
    collection = Collection.objects.create(
                 ^^^^^^^^^^
E   NameError: name 'Collection' is not defined</failure></testcase><testcase classname="tests.whitebox.test_core_models.TestSortableModelStatementCoverage" name="test_save_existing_object" time="0.008"><failure message="NameError: name 'Collection' is not defined">tests/whitebox/test_core_models.py:81: in test_save_existing_object
    collection = Collection.objects.create(
                 ^^^^^^^^^^
E   NameError: name 'Collection' is not defined</failure></testcase><testcase classname="tests.whitebox.test_core_models.TestSortableModelStatementCoverage" name="test_delete_with_sort_order" time="0.010"><failure message="NameError: name 'Collection' is not defined">tests/whitebox/test_core_models.py:124: in test_delete_with_sort_order
    collection = Collection.objects.create(
                 ^^^^^^^^^^
[...]
.venv/lib/python3.12/site-packages/django/db/models/query.py:1873: in _insert
    return query.get_compiler(using=using).execute_sql(returning_fields)
           ^^^^^^^^^^^^^^^^^^^^^^^^^^^^^^^^^^^^^^^^^^^^^^^^^^^^^^^^^^^^^
.venv/lib/python3.12/site-packages/django/db/models/sql/compiler.py:1882: in execute_sql
    cursor.execute(sql, params)
.venv/lib/python3.12/site-packages/django/db/backends/utils.py:79: in execute
    return self._execute_with_wrappers(
.venv/lib/python3.12/site-packages/django/db/backends/utils.py:92: in _execute_with_wrappers
    return executor(sql, params, many, context)
           ^^^^^^^^^^^^^^^^^^^^^^^^^^^^^^^^^^^^
.venv/lib/python3.12/site-packages/django/db/backends/utils.py:100: in _execute
    with self.db.wrap_database_errors:
.venv/lib/python3.12/site-packages/django/db/utils.py:91: in __exit__
    raise dj_exc_value.with_traceback(traceback) from exc_value
.venv/lib/python3.12/site-packages/django/db/backends/utils.py:105: in _execute
    return self.cursor.execute(sql, params)
           ^^^^^^^^^^^^^^^^^^^^^^^^^^^^^^^^
.venv/lib/python3.12/site-packages/psycopg/cursor.py:117: in execute
    raise ex.with_traceback(None)
E   django.db.utils.IntegrityError: null value in column "address_id" of relation "warehouse_warehouse" violates not-null constraint
E   DETAIL:  Failing row contains (b4bfdf14-018b-40a1-bf7f-98983947c3e2, Test Warehouse, , null, test-warehouse, {}, {}, disabled, t, null).</failure></testcase><testcase classname="tests.whitebox.test_warehouse_management_extensive.TestDeallocateStock" name="test_deallocate_stock_deallocates_quantities" time="0.006"><failure message="django.db.utils.IntegrityError: null value in column &quot;address_id&quot; of relation &quot;warehouse_warehouse&quot; violates not-null constraint&#10;DETAIL:  Failing row contains (f3f911b5-5251-4682-9058-1c05bf60c1a1, Test Warehouse, , null, test-warehouse, {}, {}, disabled, t, null).">.venv/lib/python3.12/site-packages/django/db/backends/utils.py:105: in _execute
    return self.cursor.execute(sql, params)
           ^^^^^^^^^^^^^^^^^^^^^^^^^^^^^^^^
.venv/lib/python3.12/site-packages/psycopg/cursor.py:117: in execute
    raise ex.with_traceback(None)
E   psycopg.errors.NotNullViolation: null value in column "address_id" of relation "warehouse_warehouse" violates not-null constraint
E   DETAIL:  Failing row contains (f3f911b5-5251-4682-9058-1c05bf60c1a1, Test Warehouse, , null, test-warehouse, {}, {}, disabled, t, null).

The above exception was the direct cause of the following exception:
tests/whitebox/test_warehouse_management_extensive.py:496: in test_deallocate_stock_deallocates_quantities
    warehouse = Warehouse.objects.create(
.venv/lib/python3.12/site-packages/django/db/models/manager.py:87: in manager_method
    return getattr(self.get_queryset(), name)(*args, **kwargs)
           ^^^^^^^^^^^^^^^^^^^^^^^^^^^^^^^^^^^^^^^^^^^^^^^^^^^
.venv/lib/python3.12/site-packages/django/db/models/query.py:665: in create
    obj.save(force_insert=True, using=self.db)
.venv/lib/python3.12/site-packages/django/db/models/base.py:902: in save
    self.save_base(
.venv/lib/python3.12/site-packages/django/db/models/base.py:1008: in save_base
    updated = self._save_table(
.venv/lib/python3.12/site-packages/django/db/models/base.py:1169: in _save_table
    results = self._do_insert(
.venv/lib/python3.12/site-packages/django/db/models/base.py:1210: in _do_insert
    return manager._insert(
.venv/lib/python3.12/site-packages/django/db/models/manager.py:87: in manager_method
    return getattr(self.get_queryset(), name)(*args, **kwargs)
           ^^^^^^^^^^^^^^^^^^^^^^^^^^^^^^^^^^^^^^^^^^^^^^^^^^^
.venv/lib/python3.12/site-packages/django/db/models/query.py:1873: in _insert
    return query.get_compiler(using=using).execute_sql(returning_fields)
           ^^^^^^^^^^^^^^^^^^^^^^^^^^^^^^^^^^^^^^^^^^^^^^^^^^^^^^^^^^^^^
.venv/lib/python3.12/site-packages/django/db/models/sql/compiler.py:1882: in execute_sql
    cursor.execute(sql, params)
.venv/lib/python3.12/site-packages/django/db/backends/utils.py:79: in execute
    return self._execute_with_wrappers(
.venv/lib/python3.12/site-packages/django/db/backends/utils.py:92: in _execute_with_wrappers
    return executor(sql, params, many, context)
           ^^^^^^^^^^^^^^^^^^^^^^^^^^^^^^^^^^^^
.venv/lib/python3.12/site-packages/django/db/backends/utils.py:100: in _execute
    with self.db.wrap_database_errors:
.venv/lib/python3.12/site-packages/django/db/utils.py:91: in __exit__
    raise dj_exc_value.with_traceback(traceback) from exc_value
.venv/lib/python3.12/site-packages/django/db/backends/utils.py:105: in _execute
    return self.cursor.execute(sql, params)
           ^^^^^^^^^^^^^^^^^^^^^^^^^^^^^^^^
.venv/lib/python3.12/site-packages/psycopg/cursor.py:117: in execute
    raise ex.with_traceback(None)
E   django.db.utils.IntegrityError: null value in column "address_id" of relation "warehouse_warehouse" violates not-null constraint
E   DETAIL:  Failing row contains (f3f911b5-5251-4682-9058-1c05bf60c1a1, Test Warehouse, , null, test-warehouse, {}, {}, disabled, t, null).</failure></testcase><testcase classname="tests.whitebox.test_warehouse_management_extensive.TestDeallocateStockForOrders" name="test_deallocate_stock_for_orders_deallocates_all_order_lines" time="0.006"><failure message="django.db.utils.IntegrityError: null value in column &quot;address_id&quot; of relation &quot;warehouse_warehouse&quot; violates not-null constraint&#10;DETAIL:  Failing row contains (4190340d-2ac0-4048-9492-9450f0df5fdf, Test Warehouse, , null, test-warehouse, {}, {}, disabled, t, null).">.venv/lib/python3.12/site-packages/django/db/backends/utils.py:105: in _execute
    return self.cursor.execute(sql, params)
           ^^^^^^^^^^^^^^^^^^^^^^^^^^^^^^^^
.venv/lib/python3.12/site-packages/psycopg/cursor.py:117: in execute
    raise ex.with_traceback(None)
E   psycopg.errors.NotNullViolation: null value in column "address_id" of relation "warehouse_warehouse" violates not-null constraint
E   DETAIL:  Failing row contains (4190340d-2ac0-4048-9492-9450f0df5fdf, Test Warehouse, , null, test-warehouse, {}, {}, disabled, t, null).

The above exception was the direct cause of the following exception:
tests/whitebox/test_warehouse_management_extensive.py:565: in test_deallocate_stock_for_orders_deallocates_all_order_lines
    warehouse = Warehouse.objects.create(
.venv/lib/python3.12/site-packages/django/db/models/manager.py:87: in manager_method
    return getattr(self.get_queryset(), name)(*args, **kwargs)
           ^^^^^^^^^^^^^^^^^^^^^^^^^^^^^^^^^^^^^^^^^^^^^^^^^^^
.venv/lib/python3.12/site-packages/django/db/models/query.py:665: in create
    obj.save(force_insert=True, using=self.db)
.venv/lib/python3.12/site-packages/django/db/models/base.py:902: in save
    self.save_base(
.venv/lib/python3.12/site-packages/django/db/models/base.py:1008: in save_base
    updated = self._save_table(
.venv/lib/python3.12/site-packages/django/db/models/base.py:1169: in _save_table
    results = self._do_insert(
.venv/lib/python3.12/site-packages/django/db/models/base.py:1210: in _do_insert
    return manager._insert(
.venv/lib/python3.12/site-packages/django/db/models/manager.py:87: in manager_method
    return getattr(self.get_queryset(), name)(*args, **kwargs)
           ^^^^^^^^^^^^^^^^^^^^^^^^^^^^^^^^^^^^^^^^^^^^^^^^^^^
.venv/lib/python3.12/site-packages/django/db/models/query.py:1873: in _insert
    return query.get_compiler(using=using).execute_sql(returning_fields)
           ^^^^^^^^^^^^^^^^^^^^^^^^^^^^^^^^^^^^^^^^^^^^^^^^^^^^^^^^^^^^^
.venv/lib/python3.12/site-packages/django/db/models/sql/compiler.py:1882: in execute_sql
    cursor.execute(sql, params)
.venv/lib/python3.12/site-packages/django/db/backends/utils.py:79: in execute
    return self._execute_with_wrappers(
.venv/lib/python3.12/site-packages/django/db/backends/utils.py:92: in _execute_with_wrappers
    return executor(sql, params, many, context)
           ^^^^^^^^^^^^^^^^^^^^^^^^^^^^^^^^^^^^
.venv/lib/python3.12/site-packages/django/db/backends/utils.py:100: in _execute
    with self.db.wrap_database_errors:
.venv/lib/python3.12/site-packages/django/db/utils.py:91: in __exit__
    raise dj_exc_value.with_traceback(traceback) from exc_value
.venv/lib/python3.12/site-packages/django/db/backends/utils.py:105: in _execute
    return self.cursor.execute(sql, params)
           ^^^^^^^^^^^^^^^^^^^^^^^^^^^^^^^^
.venv/lib/python3.12/site-packages/psycopg/cursor.py:117: in execute
    raise ex.with_traceback(None)
E   django.db.utils.IntegrityError: null value in column "address_id" of relation "warehouse_warehouse" violates not-null constraint
E   DETAIL:  Failing row contains (4190340d-2ac0-4048-9492-9450f0df5fdf, Test Warehouse, , null, test-warehouse, {}, {}, disabled, t, null).</failure></testcase><testcase classname="tests.whitebox.test_webhook_utils.TestGetFilterForSingleWebhookEvent" name="test_get_filter_with_event_type_async" time="0.005" /><testcase classname="tests.whitebox.test_webhook_utils.TestGetFilterForSingleWebhookEvent" name="test_get_filter_with_event_type_sync" time="0.005" /><testcase classname="tests.whitebox.test_webhook_utils.TestGetFilterForSingleWebhookEvent" name="test_get_filter_with_apps_ids" time="0.005" /><testcase classname="tests.whitebox.test_webhook_utils.TestGetFilterForSingleWebhookEvent" name="test_get_filter_with_apps_identifier" time="0.005" /><testcase classname="tests.whitebox.test_webhook_utils.TestGetFilterForSingleWebhookEvent" name="test_get_filter_with_app_deleted_event" time="0.005" /><testcase classname="tests.whitebox.test_webhook_utils.TestGetFilterForSingleWebhookEvent" name="test_get_filter_without_permissions" time="0.005" /><testcase classname="tests.whitebox.test_webhook_utils.TestGetWebhooksForEvent" name="test_get_webhooks_without_webhooks_param" time="0.006" /><testcase classname="tests.whitebox.test_webhook_utils.TestGetWebhooksForEvent" name="test_get_webhooks_with_webhooks_param" time="0.005" /><testcase classname="tests.whitebox.test_webhook_utils.TestGetWebhooksForEvent" name="test_get_webhooks_with_apps_ids" time="0.006" /><testcase classname="tests.whitebox.test_webhook_utils.TestGetWebhooksForEvent" name="test_get_webhooks_with_apps_identifier" time="0.006" /><testcase classname="tests.whitebox.test_webhook_utils.TestGetWebhooksForMultipleEvents" name="test_get_webhooks_for_single_event" time="0.004"><failure message="django.test.testcases.DatabaseOperationForbidden: Database queries to 'replica' are not allowed in this test. Add 'replica' to pytest_django.fixtures._django_db_helper.&lt;locals&gt;.PytestDjangoTestCase.databases to ensure proper test isolation and silence this failure.">tests/whitebox/test_webhook_utils.py:107: in test_get_webhooks_for_single_event
    result = get_webhooks_for_multiple_events(event_types)
             ^^^^^^^^^^^^^^^^^^^^^^^^^^^^^^^^^^^^^^^^^^^^^
saleor/webhook/utils.py:97: in get_webhooks_for_multiple_events
    for webhook_id, event_type in webhook_id_to_event_type:
.venv/lib/python3.12/site-packages/django/db/models/query.py:386: in __iter__
    self._fetch_all()
.venv/lib/python3.12/site-packages/django/db/models/query.py:1954: in _fetch_all
    self._result_cache = list(self._iterable_class(self))
                         ^^^^^^^^^^^^^^^^^^^^^^^^^^^^^^^^
.venv/lib/python3.12/site-packages/django/db/models/query.py:234: in __iter__
    return compiler.results_iter(
.venv/lib/python3.12/site-packages/django/db/models/sql/compiler.py:1572: in results_iter
    results = self.execute_sql(
.venv/lib/python3.12/site-packages/django/db/models/sql/compiler.py:1621: in execute_sql
    cursor = self.connection.cursor()
             ^^^^^^^^^^^^^^^^^^^^^^^^
.venv/lib/python3.12/site-packages/django/test/testcases.py:201: in __call__
    raise DatabaseOperationForbidden(self.message)
E   django.test.testcases.DatabaseOperationForbidden: Database queries to 'replica' are not allowed in this test. Add 'replica' to pytest_django.fixtures._django_db_helper.&lt;locals&gt;.PytestDjangoTestCase.databases to ensure proper test isolation and silence this failure.</failure></testcase><testcase classname="tests.whitebox.test_webhook_utils.TestGetWebhooksForMultipleEvents" name="test_get_webhooks_for_multiple_events" time="0.005"><failure message="django.test.testcases.DatabaseOperationForbidden: Database queries to 'replica' are not allowed in this test. Add 'replica' to pytest_django.fixtures._django_db_helper.&lt;locals&gt;.PytestDjangoTestCase.databases to ensure proper test isolation and silence this failure.">tests/whitebox/test_webhook_utils.py:116: in test_get_webhooks_for_multiple_events
    result = get_webhooks_for_multiple_events(event_types)
             ^^^^^^^^^^^^^^^^^^^^^^^^^^^^^^^^^^^^^^^^^^^^^
saleor/webhook/utils.py:97: in get_webhooks_for_multiple_events
    for webhook_id, event_type in webhook_id_to_event_type:
.venv/lib/python3.12/site-packages/django/db/models/query.py:386: in __iter__
    self._fetch_all()
.venv/lib/python3.12/site-packages/django/db/models/query.py:1954: in _fetch_all
    self._result_cache = list(self._iterable_class(self))
                         ^^^^^^^^^^^^^^^^^^^^^^^^^^^^^^^^
.venv/lib/python3.12/site-packages/django/db/models/query.py:234: in __iter__
    return compiler.results_iter(
.venv/lib/python3.12/site-packages/django/db/models/sql/compiler.py:1572: in results_iter
    results = self.execute_sql(
.venv/lib/python3.12/site-packages/django/db/models/sql/compiler.py:1621: in execute_sql
    cursor = self.connection.cursor()
             ^^^^^^^^^^^^^^^^^^^^^^^^
.venv/lib/python3.12/site-packages/django/test/testcases.py:201: in __call__
    raise DatabaseOperationForbidden(self.message)
E   django.test.testcases.DatabaseOperationForbidden: Database queries to 'replica' are not allowed in this test. Add 'replica' to pytest_django.fixtures._django_db_helper.&lt;locals&gt;.PytestDjangoTestCase.databases to ensure proper test isolation and silence this failure.</failure></testcase><testcase classname="tests.whitebox.test_webhook_utils.TestGetWebhooksForMultipleEvents" name="test_get_webhooks_with_async_event_adds_any" time="0.005"><failure message="django.test.testcases.DatabaseOperationForbidden: Database queries to 'replica' are not allowed in this test. Add 'replica' to pytest_django.fixtures._django_db_helper.&lt;locals&gt;.PytestDjangoTestCase.databases to ensure proper test isolation and silence this failure.">tests/whitebox/test_webhook_utils.py:122: in test_get_webhooks_with_async_event_adds_any
    result = get_webhooks_for_multiple_events(event_types)
             ^^^^^^^^^^^^^^^^^^^^^^^^^^^^^^^^^^^^^^^^^^^^^
saleor/webhook/utils.py:97: in get_webhooks_for_multiple_events
    for webhook_id, event_type in webhook_id_to_event_type:
.venv/lib/python3.12/site-packages/django/db/models/query.py:386: in __iter__
    self._fetch_all()
.venv/lib/python3.12/site-packages/django/db/models/query.py:1954: in _fetch_all
    self._result_cache = list(self._iterable_class(self))
                         ^^^^^^^^^^^^^^^^^^^^^^^^^^^^^^^^
.venv/lib/python3.12/site-packages/django/db/models/query.py:234: in __iter__
    return compiler.results_iter(
.venv/lib/python3.12/site-packages/django/db/models/sql/compiler.py:1572: in results_iter
    results = self.execute_sql(
.venv/lib/python3.12/site-packages/django/db/models/sql/compiler.py:1621: in execute_sql
    cursor = self.connection.cursor()
             ^^^^^^^^^^^^^^^^^^^^^^^^
.venv/lib/python3.12/site-packages/django/test/testcases.py:201: in __call__
    raise DatabaseOperationForbidden(self.message)
E   django.test.testcases.DatabaseOperationForbidden: Database queries to 'replica' are not allowed in this test. Add 'replica' to pytest_django.fixtures._django_db_helper.&lt;locals&gt;.PytestDjangoTestCase.databases to ensure proper test isolation and silence this failure.</failure></testcase><testcase classname="tests.whitebox.test_webhook_utils.TestGetWebhooksForMultipleEvents" name="test_get_webhooks_with_empty_list" time="0.007" /><testcase classname="tests.whitebox.test_webhook_utils.TestGetFilterForSingleWebhookEventDecisionCoverage" name="test_decision_with_permissions" time="0.005" /><testcase classname="tests.whitebox.test_webhook_utils.TestGetFilterForSingleWebhookEventDecisionCoverage" name="test_decision_without_permissions" time="0.005" /><testcase classname="tests.whitebox.test_webhook_utils.TestGetFilterForSingleWebhookEventDecisionCoverage" name="test_decision_app_deleted_vs_other" time="0.006" /><testcase classname="tests.whitebox.test_webhook_utils.TestGetFilterForSingleWebhookEventDecisionCoverage" name="test_decision_with_apps_ids" time="0.006" /><testcase classname="tests.whitebox.test_webhook_utils.TestGetFilterForSingleWebhookEventDecisionCoverage" name="test_decision_with_apps_identifier" time="0.006" /><testcase classname="tests.whitebox.test_webhook_utils_comprehensive.TestGetFilterForSingleWebhookEvent" name="test_get_filter_with_event_type_async" time="0.005" /><testcase classname="tests.whitebox.test_webhook_utils_comprehensive.TestGetFilterForSingleWebhookEvent" name="test_get_filter_with_event_type_sync" time="0.005" /><testcase classname="tests.whitebox.test_webhook_utils_comprehensive.TestGetFilterForSingleWebhookEvent" name="test_get_filter_with_apps_ids" time="0.006" /><testcase classname="tests.whitebox.test_webhook_utils_comprehensive.TestGetFilterForSingleWebhookEvent" name="test_get_filter_with_apps_identifier" time="0.005" /><testcase classname="tests.whitebox.test_webhook_utils_comprehensive.TestGetFilterForSingleWebhookEvent" name="test_get_filter_with_both_apps_ids_and_identifier" time="0.005" /><testcase classname="tests.whitebox.test_webhook_utils_comprehensive.TestGetFilterForSingleWebhookEvent" name="test_get_filter_with_app_deleted_event" time="0.005" /><testcase classname="tests.whitebox.test_webhook_utils_comprehensive.TestGetFilterForSingleWebhookEvent" name="test_get_filter_without_permissions" time="0.005" /><testcase classname="tests.whitebox.test_webhook_utils_comprehensive.TestGetWebhooksForEvent" name="test_get_webhooks_for_event_with_webhooks_queryset" time="0.006" /><testcase classname="tests.whitebox.test_webhook_utils_comprehensive.TestGetWebhooksForEvent" name="test_get_webhooks_for_event_without_webhooks" time="0.006" /><testcase classname="tests.whitebox.test_webhook_utils_comprehensive.TestGetWebhooksForEvent" name="test_get_webhooks_for_event_with_apps_ids" time="0.006" /><testcase classname="tests.whitebox.test_webhook_utils_comprehensive.TestGetWebhooksForEvent" name="test_get_webhooks_for_event_with_apps_identifier" time="0.007" /><testcase classname="tests.whitebox.test_webhook_utils_comprehensive.TestGetWebhooksForMultipleEvents" name="test_get_webhooks_for_multiple_events_empty" time="0.007" /><testcase classname="tests.whitebox.test_webhook_utils_comprehensive.TestGetWebhooksForMultipleEvents" name="test_get_webhooks_for_multiple_events_single" time="0.008" /><testcase classname="tests.whitebox.test_webhook_utils_comprehensive.TestGetWebhooksForMultipleEvents" name="test_get_webhooks_for_multiple_events_multiple" time="0.007" /><testcase classname="tests.whitebox.test_webhook_utils_comprehensive.TestGetWebhooksForMultipleEvents" name="test_get_webhooks_for_multiple_events_with_any" time="0.007" /><testcase classname="tests.whitebox.test_webhook_utils_comprehensive.TestGetWebhooksForMultipleEvents" name="test_get_webhooks_for_multiple_events_with_sync_events" time="0.007" /><testcase classname="tests.integration.test_api" name="test_graphql_products_query" time="0.013" /><testcase classname="tests.integration.test_api" name="test_static_files" time="0.003" /><testcase classname="tests.test_basic" name="test_health" time="0.003" /><testcase classname="tests.test_basic" name="test_graphql" time="0.139" /></testsuite></testsuites>